#
# A fatal error has been detected by the Java Runtime Environment:
#
#  Internal Error (jvmciRuntime.cpp:1609), pid=26, tid=44
#  fatal error: Fatal exception in JVMCI: Error calling jdk.vm.ci.services.Services.serializeSavedProperties
#
# JRE version: OpenJDK Runtime Environment GraalVM CE 22.3.0 (17.0.5+8) (build 17.0.5+8-jvmci-22.3-b08)
# Java VM: OpenJDK 64-Bit Server VM GraalVM CE 22.3.0 (17.0.5+8-jvmci-22.3-b08, mixed mode, sharing, tiered, jvmci, jvmci compiler, compressed oops, compressed class ptrs, parallel gc, linux-amd64)
# Problematic frame:
# V  [libjvm.so+0x972714]  JVMCIRuntime::fatal_exception(JVMCIEnv*, char const*)+0x74
#
# Core dump will be written. Default location: Core dumps may be processed with "/usr/share/apport/apport -p%p -s%s -c%c -d%d -P%P -u%u -g%g -- %E" (or dumping to /home/runner/DimpledRoughSale/core.26)
#
# If you would like to submit a bug report, please visit:
#   https://github.com/oracle/graal/issues
#

---------------  S U M M A R Y ------------

Command Line: -XX:ThreadPriorityPolicy=1 -XX:+UnlockExperimentalVMOptions -XX:+EnableJVMCIProduct -XX:JVMCIThreadsPerNativeLibraryRuntime=1 -XX:-UnlockExperimentalVMOptions -Declipse.application=org.eclipse.jdt.ls.core.id1 -Dosgi.bundles.defaultStartLevel=4 -Declipse.product=org.eclipse.jdt.ls.core.product -Dlog.level=ALL -Xverify:none -XX:+UseParallelGC -XX:GCTimeRatio=4 -XX:AdaptiveSizePolicyWeight=90 -Dsun.zip.disableMemoryMapping=true -Xmx512m -Xms100m /nix/store/m6gcpi1ii6rghy04cjwjddcavv7i90df-jdt-language-server-1.9.0/share/java/plugins/org.eclipse.equinox.launcher_1.6.400.v20210924-0641.jar --add-modules=ALL-SYSTEM --add-opens java.base/java.util=ALL-UNNAMED --add-opens java.base/java.lang=ALL-UNNAMED -configuration /home/runner/.cache/jdt-language-server/config -data /home/runner/.cache/jdt-language-server/data/home/runner/DimpledRoughSale

Host: AMD EPYC 7B12, 8 cores, 1G, Ubuntu 20.04.2 LTS
Time: Wed Mar  1 20:40:58 2023 UTC elapsed time: 2217.252995 seconds (0d 0h 36m 57s)

---------------  T H R E A D  ---------------

Current thread (0x00007f09640b21e0):  JavaThread "JVMCI-native CompilerThread0" daemon [_thread_in_vm, id=44, stack(0x00007f0948d18000,0x00007f0948f18000)]


Current CompileTask:
JVMCI-native:2217253 9434       4       java.util.concurrent.locks.AbstractQueuedSynchronizer::acquireShared (20 bytes)

Stack: [0x00007f0948d18000,0x00007f0948f18000],  sp=0x00007f0948f16380,  free space=2040k
Native frames: (J=compiled Java code, j=interpreted, Vv=VM code, C=native code)
V  [libjvm.so+0x972714]  JVMCIRuntime::fatal_exception(JVMCIEnv*, char const*)+0x74
V  [libjvm.so+0x93e2fe]  JVMCIEnv::copy_saved_properties()+0x14e
V  [libjvm.so+0x9732a9]  JVMCIRuntime::initialize(JVMCIEnv*)+0xb19
V  [libjvm.so+0x9738a2]  JVMCIRuntime::get_HotSpotJVMCIRuntime(JVMCIEnv*)+0x12
V  [libjvm.so+0x9749f2]  JVMCIRuntime::compile_method(JVMCIEnv*, JVMCICompiler*, methodHandle const&, int)+0xd2
V  [libjvm.so+0x5b0d20]  CompileBroker::invoke_compiler_on_method(CompileTask*)+0x1470
V  [libjvm.so+0x5b12e8]  CompileBroker::compiler_thread_loop()+0x528
V  [libjvm.so+0xd82460]  JavaThread::thread_main_inner()+0xd0
V  [libjvm.so+0xd85a40]  Thread::call_run()+0xc0
V  [libjvm.so+0xbdb1e1]  thread_native_entry(Thread*)+0xe1

Register to memory mapping:

RAX=0x00007f09689df000 points into unknown readable memory: 0x0000000000000058 | 58 00 00 00 00 00 00 00
RBX=0x00007f0969ada398: <offset 0x0000000000ef5398> in /nix/store/gpxl5qgg8kicmcvivwmybwjlpf7wh20l-graalvm17-ce-22.3.0/lib/server/libjvm.so at 0x00007f0968be5000
RCX=0x00007f0969a921e8: <offset 0x0000000000ead1e8> in /nix/store/gpxl5qgg8kicmcvivwmybwjlpf7wh20l-graalvm17-ce-22.3.0/lib/server/libjvm.so at 0x00007f0968be5000
RDX=0x0000000000000649 is an unknown value
RSP=0x00007f0948f16380 is pointing into the stack for thread: 0x00007f09640b21e0
RBP=0x00007f0948f163a0 is pointing into the stack for thread: 0x00007f09640b21e0
RSI=0x00007f0969adac48: <offset 0x0000000000ef5c48> in /nix/store/gpxl5qgg8kicmcvivwmybwjlpf7wh20l-graalvm17-ce-22.3.0/lib/server/libjvm.so at 0x00007f0968be5000
RDI=0x00000000e0000000 is an oop: java.lang.String 
{0x00000000e0000000} - klass: 'java/lang/String'
 - string: "resolution"
R8 =0x00007f0969ada398: <offset 0x0000000000ef5398> in /nix/store/gpxl5qgg8kicmcvivwmybwjlpf7wh20l-graalvm17-ce-22.3.0/lib/server/libjvm.so at 0x00007f0968be5000
R9 =0x00007f0948f16330 is pointing into the stack for thread: 0x00007f09640b21e0
R10=0x00007f0948f17948 is pointing into the stack for thread: 0x00007f09640b21e0
R11=0x0000000000000293 is an unknown value
R12=0x0 is NULL
R13=0x00007f09640b21e0 is a thread
R14=0x00007f0964000b80 points into unknown readable memory: 0x00007f0969d0ba38 | 38 ba d0 69 09 7f 00 00
R15=0x00007f0969e19e40: <offset 0x0000000001234e40> in /nix/store/gpxl5qgg8kicmcvivwmybwjlpf7wh20l-graalvm17-ce-22.3.0/lib/server/libjvm.so at 0x00007f0968be5000


Registers:
RAX=0x00007f09689df000, RBX=0x00007f0969ada398, RCX=0x00007f0969a921e8, RDX=0x0000000000000649
RSP=0x00007f0948f16380, RBP=0x00007f0948f163a0, RSI=0x00007f0969adac48, RDI=0x00000000e0000000
R8 =0x00007f0969ada398, R9 =0x00007f0948f16330, R10=0x00007f0948f17948, R11=0x0000000000000293
R12=0x0000000000000000, R13=0x00007f09640b21e0, R14=0x00007f0964000b80, R15=0x00007f0969e19e40
RIP=0x00007f0969557714, EFLAGS=0x0000000000010206, CSGSFS=0x002b000000000033, ERR=0x0000000000000006
  TRAPNO=0x000000000000000e

Top of Stack: (sp=0x00007f0948f16380)
0x00007f0948f16380:   00007f0948f16940 00007f09640b21e0
0x00007f0948f16390:   00007f09683708c8 0000000800c417a0
0x00007f0948f163a0:   00007f0948f16500 00007f09695232fe
0x00007f0948f163b0:   00007f0948f163e0 00007f0948f16440 

Instructions: (pc=0x00007f0969557714)
0x00007f0969557614:   30 e8 f6 cf e8 ff 4c 89 e7 e8 2e 48 d1 ff 84 db
0x00007f0969557624:   75 2a 4d 85 ed 74 04 4d 8b 6d 00 48 83 c4 08 44
0x00007f0969557634:   89 f9 4c 89 f2 4c 89 ee 5b 4c 89 e7 41 5c 41 5d
0x00007f0969557644:   41 5e 41 5f 5d e9 e2 47 d1 ff 66 90 48 83 c4 08
0x00007f0969557654:   5b 41 5c 41 5d 41 5e 41 5f 5d c3 90 31 d2 be 08
0x00007f0969557664:   00 00 00 4c 89 ff e8 b1 78 a3 ff 49 89 c5 e9 37
0x00007f0969557674:   ff ff ff 66 0f 1f 84 00 00 00 00 00 48 8b 7a 08
0x00007f0969557684:   e9 6d ff ff ff 0f 1f 80 00 00 00 00 e8 5b 48 0a
0x00007f0969557694:   00 84 c0 75 89 e9 6a ff ff ff 66 90 55 48 89 e5
0x00007f09695576a4:   41 56 41 55 41 54 49 89 fc 53 48 89 f3 66 48 8d
0x00007f09695576b4:   3d 27 5e 85 00 66 66 48 e8 df 43 8d ff 4c 8b 28
0x00007f09695576c4:   8b 05 be 72 8a 00 85 c0 75 14 ba 01 00 00 00 48
0x00007f09695576d4:   8d 0d ae 72 8a 00 f0 0f b1 11 85 c0 74 4e be c8
0x00007f09695576e4:   00 00 00 4c 89 ef e8 01 0b 41 00 48 8d 05 12 ac
0x00007f09695576f4:   85 00 49 89 d8 48 8d 0d e8 aa 53 00 ba 49 06 00
0x00007f0969557704:   00 48 8d 35 3c 35 58 00 bf 00 00 00 e0 48 8b 00
0x00007f0969557714:   c6 00 58 31 c0 e8 e2 91 c6 ff 5b 41 5c 41 5d 41
0x00007f0969557724:   5e 5d e9 55 34 26 00 0f 1f 44 00 00 48 8d 05 81
0x00007f0969557734:   a3 8b 00 48 89 df 4c 8b 30 e8 9e 43 8d ff 48 89
0x00007f0969557744:   de 48 89 c2 49 8b 06 4c 89 f7 ff 50 08 4c 89 f7
0x00007f0969557754:   e8 a7 5c 27 00 4d 85 e4 74 12 be 01 00 00 00 4c
0x00007f0969557764:   89 e7 e8 35 43 fc ff eb 82 0f 1f 00 be 01 00 00
0x00007f0969557774:   00 4c 89 ef e8 d3 fd ff ff e9 6d ff ff ff 66 66
0x00007f0969557784:   2e 0f 1f 84 00 00 00 00 00 0f 1f 00 55 48 89 e5
0x00007f0969557794:   41 57 41 56 41 55 41 54 53 48 81 ec 08 02 00 00
0x00007f09695577a4:   64 48 8b 04 25 28 00 00 00 48 89 45 c8 8b 07 83
0x00007f09695577b4:   f8 02 0f 84 11 04 00 00 4c 8b 6f 18 49 89 ff 49
0x00007f09695577c4:   89 f4 4d 85 ed 74 14 4c 89 ef e8 5d 57 22 00 41
0x00007f09695577d4:   8b 07 83 f8 02 0f 84 19 04 00 00 48 8d 1d 9a 06
0x00007f09695577e4:   8a 00 4c 8d 35 0b 3c 58 00 eb 38 90 48 85 d2 7f
0x00007f09695577f4:   0d 48 8d 05 b4 c0 85 00 48 83 38 00 7e 0e 41 8b
0x00007f0969557804:   77 2c 4c 89 f7 31 c0 e8 a0 b2 f7 ff 49 8b 7f 18 


Stack slot to memory mapping:
stack at sp + 0 slots: 0x00007f0948f16940 is pointing into the stack for thread: 0x00007f09640b21e0
stack at sp + 1 slots: 0x00007f09640b21e0 is a thread
stack at sp + 2 slots: 0x00007f09683708c8 points into unknown readable memory: 0x6573001880c9ffff | ff ff c9 80 18 00 73 65
stack at sp + 3 slots: 0x0000000800c417a0 is a pointer to class: 
jdk.vm.ci.services.Services {0x0000000800c417a0}
 - instance size:     2
 - klass size:        65
 - access:            public final synchronized 
 - state:             fully_initialized
 - name:              'jdk/vm/ci/services/Services'
 - super:             'java/lang/Object'
 - sub:               
 - arrays:            NULL
 - methods:           Array<T>(0x00007f09498417c8)
 - method ordering:   Array<T>(0x0000000800928960)
 - default_methods:   Array<T>(0x0000000000000000)
 - local interfaces:  Array<T>(0x00000008005ce810)
 - trans. interfaces: Array<T>(0x00000008005ce810)
 - constants:         constant pool [427] {0x00007f09498408a8} for 'jdk/vm/ci/services/Services' cache=0x00007f0949842a98
 - class loader data:  loader data: 0x00007f09640283f0 of 'bootstrap'
 - source file:       'Services.java'
 - class annotations:       Array<T>(0x0000000000000000)
 - class type annotations:  Array<T>(0x0000000000000000)
 - field annotations:       Array<T>(0x0000000000000000)
 - field type annotations:  Array<T>(0x0000000000000000)
 - inner classes:     Array<T>(0x00007f0949842a68)
 - nest members:     Array<T>(0x00007f0949842a88)
 - permitted subclasses:     Array<T>(0x00000008005ce7a0)
 - java mirror:       a 'java/lang/Class'{0x00000000e0146700} = 'jdk/vm/ci/services/Services'
 - vtable length      5  (start addr: 0x0000000800c41970)
 - itable length      2 (start addr: 0x0000000800c41998)
 - ---- static fields (3 words):
 - public static final 'IS_BUILDING_NATIVE_IMAGE' 'Z' @128 
 - public static final 'IS_IN_NATIVE_IMAGE' 'Z' @129 
 - private static volatile 'savedProperties' 'Ljava/util/Map;' @112 
 - static final 'JVMCI_ENABLED' 'Z' @130 
 - private static final 'servicesCache' 'Ljava/util/Map;' @116 
 - private static final 'MAX_UNICODE_IN_UTF8_LENGTH' 'I' @120 
 - private static final 'MAX_UTF8_PROPERTY_STRING_LENGTH' 'I' @124 
 - ---- non-static fields (0 words):
 - non-static oop maps: 
stack at sp + 4 slots: 0x00007f0948f16500 is pointing into the stack for thread: 0x00007f09640b21e0
stack at sp + 5 slots: 0x00007f09695232fe: <offset 0x000000000093e2fe> in /nix/store/gpxl5qgg8kicmcvivwmybwjlpf7wh20l-graalvm17-ce-22.3.0/lib/server/libjvm.so at 0x00007f0968be5000
stack at sp + 6 slots: 0x00007f0948f163e0 is pointing into the stack for thread: 0x00007f09640b21e0
stack at sp + 7 slots: 0x00007f0948f16440 is pointing into the stack for thread: 0x00007f09640b21e0


---------------  P R O C E S S  ---------------

Threads class SMR info:
_java_thread_list=0x00007f08dc2eb250, length=26, elements={
0x00007f0964026690, 0x00007f09640a64d0, 0x00007f09640a7910, 0x00007f09640ae050,
0x00007f09640af400, 0x00007f09640b07f0, 0x00007f09640b21e0, 0x00007f09640b36f0,
0x00007f09640b4b40, 0x00007f09640e8830, 0x00007f096412ffb0, 0x00007f096431b7a0,
0x00007f096434e580, 0x00007f0964350f10, 0x00007f09646167f0, 0x00007f08f8016e70,
0x00007f08f82a1780, 0x00007f08e80010d0, 0x00007f08f847fed0, 0x00007f08f85fe460,
0x00007f0964481e70, 0x00007f0964379850, 0x00007f08ec001580, 0x00007f08ec002890,
0x00007f08d01571d0, 0x00007f08dc2ea970
}

Java Threads: ( => current thread )
  0x00007f0964026690 JavaThread "main" [_thread_blocked, id=35, stack(0x00007f0968a00000,0x00007f0968b00000)]
  0x00007f09640a64d0 JavaThread "Reference Handler" daemon [_thread_blocked, id=39, stack(0x00007f09495fe000,0x00007f09496fe000)]
  0x00007f09640a7910 JavaThread "Finalizer" daemon [_thread_blocked, id=40, stack(0x00007f09494fe000,0x00007f09495fe000)]
  0x00007f09640ae050 JavaThread "Signal Dispatcher" daemon [_thread_blocked, id=41, stack(0x00007f0949118000,0x00007f0949218000)]
  0x00007f09640af400 JavaThread "Service Thread" daemon [_thread_blocked, id=42, stack(0x00007f0949018000,0x00007f0949118000)]
  0x00007f09640b07f0 JavaThread "Monitor Deflation Thread" daemon [_thread_blocked, id=43, stack(0x00007f0948f18000,0x00007f0949018000)]
=>0x00007f09640b21e0 JavaThread "JVMCI-native CompilerThread0" daemon [_thread_in_vm, id=44, stack(0x00007f0948d18000,0x00007f0948f18000)]
  0x00007f09640b36f0 JavaThread "C1 CompilerThread0" daemon [_thread_blocked, id=45, stack(0x00007f0948b18000,0x00007f0948d18000)]
  0x00007f09640b4b40 JavaThread "Sweeper thread" daemon [_thread_blocked, id=46, stack(0x00007f0948a18000,0x00007f0948b18000)]
  0x00007f09640e8830 JavaThread "Common-Cleaner" daemon [_thread_blocked, id=48, stack(0x00007f0948918000,0x00007f0948a18000)]
  0x00007f096412ffb0 JavaThread "Notification Thread" daemon [_thread_blocked, id=49, stack(0x00007f0948818000,0x00007f0948918000)]
  0x00007f096431b7a0 JavaThread "Active Thread: Equinox Container: 61b5c436-9a6d-4d35-a26f-827058ccd220" [_thread_blocked, id=64, stack(0x00007f0948500000,0x00007f0948600000)]
  0x00007f096434e580 JavaThread "Framework Event Dispatcher: Equinox Container: 61b5c436-9a6d-4d35-a26f-827058ccd220" daemon [_thread_blocked, id=65, stack(0x00007f0948300000,0x00007f0948400000)]
  0x00007f0964350f10 JavaThread "Start Level: Equinox Container: 61b5c436-9a6d-4d35-a26f-827058ccd220" daemon [_thread_blocked, id=66, stack(0x00007f0948100000,0x00007f0948200000)]
  0x00007f09646167f0 JavaThread "Refresh Thread: Equinox Container: 61b5c436-9a6d-4d35-a26f-827058ccd220" daemon [_thread_blocked, id=67, stack(0x00007f0910900000,0x00007f0910a00000)]
  0x00007f08f8016e70 JavaThread "SCR Component Actor" daemon [_thread_blocked, id=76, stack(0x00007f0910700000,0x00007f0910800000)]
  0x00007f08f82a1780 JavaThread "Worker-JM" [_thread_blocked, id=86, stack(0x00007f0910300000,0x00007f0910400000)]
  0x00007f08e80010d0 JavaThread "Worker-1: Periodic workspace save." [_thread_blocked, id=88, stack(0x00007f0910000000,0x00007f0910100000)]
  0x00007f08f847fed0 JavaThread "Java indexing" daemon [_thread_blocked, id=89, stack(0x00007f090ff00000,0x00007f0910000000)]
  0x00007f08f85fe460 JavaThread "Bundle File Closer" daemon [_thread_blocked, id=98, stack(0x00007f090fd00000,0x00007f090fe00000)]
  0x00007f0964481e70 JavaThread "pool-3-thread-1" [_thread_blocked, id=99, stack(0x00007f090fb00000,0x00007f090fc00000)]
  0x00007f0964379850 JavaThread "pool-2-thread-1" [_thread_blocked, id=102, stack(0x00007f090f700000,0x00007f090f800000)]
  0x00007f08ec001580 JavaThread "Worker-4" [_thread_blocked, id=111, stack(0x00007f090f500000,0x00007f090f600000)]
  0x00007f08ec002890 JavaThread "Worker-5: Java indexing... " [_thread_blocked, id=128, stack(0x00007f090f100000,0x00007f090f200000)]
  0x00007f08d01571d0 JavaThread "Thread-20" [_thread_blocked, id=841, stack(0x00007f0910500000,0x00007f0910600000)]
  0x00007f08dc2ea970 JavaThread "Worker-7" [_thread_blocked, id=5440, stack(0x00007f090f900000,0x00007f090fa00000)]

Other Threads:
  0x00007f09640a1c10 VMThread "VM Thread" [stack: 0x00007f0949700000,0x00007f0949800000] [id=38] _threads_hazard_ptr=0x00007f08dc2eb250
  0x00007f0964131950 WatcherThread [stack: 0x00007f0948718000,0x00007f0948818000] [id=50]
  0x00007f096403df30 GCTaskThread "GC Thread#0" [stack: 0x00007f09685c3000,0x00007f09686c3000] [id=37]

Threads with active compile tasks:
JVMCI-native CompilerThread0  2217329 9434       4       java.util.concurrent.locks.AbstractQueuedSynchronizer::acquireShared (20 bytes)

VM state: synchronizing (normal execution)

VM Mutex/Monitor currently owned by a thread:  ([mutex/lock_event])
[0x00007f0964023840] Threads_lock - owner thread: 0x00007f09640a1c10
[0x00007f0964023ff0] Heap_lock - owner thread: 0x00007f08e80010d0

OutOfMemory and StackOverflow Exception counts:
OutOfMemoryError java_heap_errors=3
LinkageErrors=53

Heap address: 0x00000000e0000000, size: 512 MB, Compressed Oops mode: 32-bit

CDS archive(s) mapped at: [0x0000000800000000-0x0000000800bc8000-0x0000000800bc8000), size 12353536, SharedBaseAddress: 0x0000000800000000, ArchiveRelocationMode: 0.
Compressed class space mapped at: 0x0000000800c00000-0x0000000840c00000, reserved size: 1073741824
Narrow klass base: 0x0000000800000000, Narrow klass shift: 0, Narrow klass range: 0x100000000

GC Precious Log:
 CPUs: 8 total, 1 available
 Memory: 1024M
 Large Page Support: Disabled
 NUMA Support: Disabled
 Compressed Oops: Enabled (32-bit)
 Alignments: Space 512K, Generation 512K, Heap 2M
 Heap Min Capacity: 100M
 Heap Initial Capacity: 100M
 Heap Max Capacity: 512M
 Pre-touch: Disabled
 Parallel Workers: 1

Heap:
 PSYoungGen      total 61952K, used 44544K [0x00000000f5580000, 0x00000000f9f80000, 0x0000000100000000)
  eden space 44544K, 100% used [0x00000000f5580000,0x00000000f8100000,0x00000000f8100000)
  from space 17408K, 0% used [0x00000000f8100000,0x00000000f8100000,0x00000000f9200000)
  to   space 12288K, 0% used [0x00000000f9380000,0x00000000f9380000,0x00000000f9f80000)
 ParOldGen       total 349696K, used 349695K [0x00000000e0000000, 0x00000000f5580000, 0x00000000f5580000)
  object space 349696K, 99% used [0x00000000e0000000,0x00000000f557fd48,0x00000000f5580000)
 Metaspace       used 57256K, committed 58176K, reserved 1105920K
  class space    used 5561K, committed 5952K, reserved 1048576K

Card table byte_map: [0x00007f09686c3000,0x00007f09687c4000] _byte_map_base: 0x00007f0967fc3000

Marking Bits: (ParMarkBitMap*) 0x00007f0969e134c0
 Begin Bits: [0x00007f094a4b3000, 0x00007f094acb3000)
 End Bits:   [0x00007f094acb3000, 0x00007f094b4b3000)

Polling page: 0x00007f09689dd000

Metaspace:

Usage:
  Non-class:     50.48 MB used.
      Class:      5.43 MB used.
       Both:     55.91 MB used.

Virtual space:
  Non-class space:       56.00 MB reserved,      51.00 MB ( 91%) committed,  7 nodes.
      Class space:        1.00 GB reserved,       5.81 MB ( <1%) committed,  1 nodes.
             Both:        1.05 GB reserved,      56.81 MB (  5%) committed. 

Chunk freelists:
   Non-Class:  477.00 KB
       Class:  2.21 MB
        Both:  2.68 MB

MaxMetaspaceSize: unlimited
CompressedClassSpaceSize: 1.00 GB
Initial GC threshold: 21.00 MB
Current GC threshold: 94.69 MB
CDS: on
MetaspaceReclaimPolicy: balanced
 - commit_granule_bytes: 65536.
 - commit_granule_words: 8192.
 - virtual_space_node_default_size: 1048576.
 - enlarge_chunks_in_place: 1.
 - new_chunks_are_fully_committed: 0.
 - uncommit_free_chunks: 1.
 - use_allocation_guard: 0.
 - handle_deallocations: 1.


Internal statistics:

num_allocs_failed_limit: 6.
num_arena_births: 402.
num_arena_deaths: 78.
num_vsnodes_births: 8.
num_vsnodes_deaths: 0.
num_space_committed: 906.
num_space_uncommitted: 0.
num_chunks_returned_to_freelist: 107.
num_chunks_taken_from_freelist: 2578.
num_chunk_merges: 37.
num_chunk_splits: 1685.
num_chunks_enlarged: 1070.
num_purges: 8.
num_inconsistent_stats: 0.

CodeHeap 'non-profiled nmethods': size=120036Kb used=2480Kb max_used=2480Kb free=117555Kb
 bounds [0x00007f0952f7a000, 0x00007f09531ea000, 0x00007f095a4b3000]
CodeHeap 'profiled nmethods': size=120032Kb used=15878Kb max_used=15878Kb free=104153Kb
 bounds [0x00007f094ba42000, 0x00007f094c9d2000, 0x00007f0952f7a000]
CodeHeap 'non-nmethods': size=5692Kb used=1399Kb max_used=1403Kb free=4292Kb
 bounds [0x00007f094b4b3000, 0x00007f094b723000, 0x00007f094ba42000]
 total_blobs=7798 nmethods=7058 adapters=618
 compilation: enabled
              stopped_count=0, restarted_count=0
 full_count=0

JVMCI Events (20 events):
Event: 1956.853 Thread 0x00007f09640b21e0 detached from JVMCI runtime 0
Event: 2125.350 Thread 0x00007f09640b21e0 attached to JVMCI runtime 0
Event: 2125.352 Thread 0x00007f09640b21e0 created JavaVM[13]@0x00007f090e99e340 for JVMCI runtime 0
Event: 2127.045 Thread 0x00007f09640b21e0 initializing JVMCI runtime 0
Event: 2127.045 Thread 0x00007f09640b21e0 done waiting for JavaVM references initialization in JVMCI runtime 0
Event: 2128.568 Thread 0x00007f09640b21e0 initialized JVMCI runtime 0
Event: 2128.630 Thread 0x00007f09640b21e0 compacted oop handles in JVMCI runtime 0 from 72 to 70
Event: 2133.407 Thread 0x00007f09640b21e0 compacted oop handles in JVMCI runtime 0 from 73 to 71
Event: 2144.573 Thread 0x00007f09640b21e0 compacted oop handles in JVMCI runtime 0 from 90 to 84
Event: 2146.165 Thread 0x00007f09640b21e0 detaching from JVMCI runtime 0: releasing idle compiler thread (0 other threads still attached)
Event: 2146.165 Thread 0x00007f09640b21e0 shutting down HotSpotJVMCIRuntime for JVMCI runtime 0
Event: 2146.165 Thread 0x00007f09640b21e0 shut down JVMCI runtime 0
Event: 2146.168 Thread 0x00007f09640b21e0 destroyed JavaVM[13]@0x00007f090e99e340 for JVMCI runtime 0
Event: 2146.168 Thread 0x00007f09640b21e0 compacted oop handles in JVMCI runtime 0 from 99 to 99
Event: 2146.168 Thread 0x00007f09640b21e0 releasing handles for JVMCI runtime 0: oop handles=99, metadata handles={total=151, live=142, blocks=35}
Event: 2146.168 Thread 0x00007f09640b21e0 detached from JVMCI runtime 0
Event: 2196.770 Thread 0x00007f09640b21e0 attached to JVMCI runtime 0
Event: 2196.771 Thread 0x00007f09640b21e0 created JavaVM[14]@0x00007f090e99e340 for JVMCI runtime 0
Event: 2198.276 Thread 0x00007f09640b21e0 initializing JVMCI runtime 0
Event: 2198.277 Thread 0x00007f09640b21e0 done waiting for JavaVM references initialization in JVMCI runtime 0

Compilation events (20 events):
Event: 2130.161 Thread 0x00007f09640b21e0 9425       4       java.util.concurrent.locks.ReentrantReadWriteLock$Sync::tryReleaseShared (146 bytes)
Event: 2131.658 Thread 0x00007f09640b36f0 nmethod 9426 0x00007f094c9c1110 code [0x00007f094c9c1460, 0x00007f094c9c2ae0]
Event: 2131.658 Thread 0x00007f09640b36f0 9430       3       java.io.PrintWriter::ensureOpen (18 bytes)
Event: 2131.659 Thread 0x00007f09640b36f0 nmethod 9430 0x00007f094c9c3290 code [0x00007f094c9c3440, 0x00007f094c9c3640]
Event: 2131.659 Thread 0x00007f09640b36f0 9427       3       java.io.PrintWriter::write (11 bytes)
Event: 2131.659 Thread 0x00007f09640b36f0 nmethod 9427 0x00007f094c9c3710 code [0x00007f094c9c38c0, 0x00007f094c9c3ce0]
Event: 2131.659 Thread 0x00007f09640b36f0 9428   !   3       java.io.PrintWriter::write (58 bytes)
Event: 2131.660 Thread 0x00007f09640b36f0 nmethod 9428 0x00007f094c9c3e10 code [0x00007f094c9c4020, 0x00007f094c9c48c0]
Event: 2131.660 Thread 0x00007f09640b36f0 9429       3       java.io.PrintWriter::print (9 bytes)
Event: 2131.660 Thread 0x00007f09640b36f0 nmethod 9429 0x00007f094c9c4c10 code [0x00007f094c9c4de0, 0x00007f094c9c5560]
Event: 2133.407 Thread 0x00007f09640b21e0 nmethod 9425 0x00007f09531e3f90 code [0x00007f09531e4140, 0x00007f09531e43c0]
Event: 2133.407 Thread 0x00007f09640b21e0 9431       4       java.lang.String::<init> (830 bytes)
Event: 2144.573 Thread 0x00007f09640b21e0 nmethod 9431 0x00007f09531e4610 code [0x00007f09531e4800, 0x00007f09531e5520]
Event: 2144.574 Thread 0x00007f09640b21e0 9433       4       java.io.ByteArrayOutputStream::<init> (43 bytes)
Event: 2144.580 Thread 0x00007f09640b21e0 nmethod 9433 0x00007f09531e5a10 code [0x00007f09531e5ba0, 0x00007f09531e5d28]
Event: 2144.580 Thread 0x00007f09640b21e0 9432       4       java.util.jar.Manifest::getAttributes (14 bytes)
Event: 2144.590 Thread 0x00007f09640b21e0 nmethod 9432 0x00007f09531e5e10 code [0x00007f09531e5fa0, 0x00007f09531e60d0]
Event: 2196.770 Thread 0x00007f09640b21e0 9434       4       java.util.concurrent.locks.AbstractQueuedSynchronizer::acquireShared (20 bytes)
Event: 2198.277 Thread 0x00007f09640b36f0 9435       3       java.util.concurrent.ScheduledThreadPoolExecutor$ScheduledFutureTask::isPeriodic (15 bytes)
Event: 2198.277 Thread 0x00007f09640b36f0 nmethod 9435 0x00007f094c9c5790 code [0x00007f094c9c5920, 0x00007f094c9c5a90]

GC Heap History (20 events):
Event: 2202.832 GC heap before
{Heap before GC invocations=1554 (full 1429):
 PSYoungGen      total 61952K, used 44543K [0x00000000f5580000, 0x00000000f9f80000, 0x0000000100000000)
  eden space 44544K, 99% used [0x00000000f5580000,0x00000000f80ffff8,0x00000000f8100000)
  from space 17408K, 0% used [0x00000000f8100000,0x00000000f8100000,0x00000000f9200000)
  to   space 12288K, 0% used [0x00000000f9380000,0x00000000f9380000,0x00000000f9f80000)
 ParOldGen       total 349696K, used 349687K [0x00000000e0000000, 0x00000000f5580000, 0x00000000f5580000)
  object space 349696K, 99% used [0x00000000e0000000,0x00000000f557dff0,0x00000000f5580000)
 Metaspace       used 57256K, committed 58176K, reserved 1105920K
  class space    used 5561K, committed 5952K, reserved 1048576K
}
Event: 2204.231 GC heap after
{Heap after GC invocations=1554 (full 1429):
 PSYoungGen      total 56832K, used 44543K [0x00000000f5580000, 0x00000000f9f80000, 0x0000000100000000)
  eden space 44544K, 99% used [0x00000000f5580000,0x00000000f80ffff8,0x00000000f8100000)
  from space 12288K, 0% used [0x00000000f9380000,0x00000000f9380000,0x00000000f9f80000)
  to   space 17408K, 0% used [0x00000000f8100000,0x00000000f8100000,0x00000000f9200000)
 ParOldGen       total 349696K, used 349687K [0x00000000e0000000, 0x00000000f5580000, 0x00000000f5580000)
  object space 349696K, 99% used [0x00000000e0000000,0x00000000f557dc48,0x00000000f5580000)
 Metaspace       used 57256K, committed 58176K, reserved 1105920K
  class space    used 5561K, committed 5952K, reserved 1048576K
}
Event: 2204.231 GC heap before
{Heap before GC invocations=1555 (full 1430):
 PSYoungGen      total 56832K, used 44543K [0x00000000f5580000, 0x00000000f9f80000, 0x0000000100000000)
  eden space 44544K, 99% used [0x00000000f5580000,0x00000000f80ffff8,0x00000000f8100000)
  from space 12288K, 0% used [0x00000000f9380000,0x00000000f9380000,0x00000000f9f80000)
  to   space 17408K, 0% used [0x00000000f8100000,0x00000000f8100000,0x00000000f9200000)
 ParOldGen       total 349696K, used 349689K [0x00000000e0000000, 0x00000000f5580000, 0x00000000f5580000)
  object space 349696K, 99% used [0x00000000e0000000,0x00000000f557e5d8,0x00000000f5580000)
 Metaspace       used 57256K, committed 58176K, reserved 1105920K
  class space    used 5561K, committed 5952K, reserved 1048576K
}
Event: 2205.751 GC heap after
{Heap after GC invocations=1555 (full 1430):
 PSYoungGen      total 61952K, used 44543K [0x00000000f5580000, 0x00000000f9f80000, 0x0000000100000000)
  eden space 44544K, 99% used [0x00000000f5580000,0x00000000f80ffff8,0x00000000f8100000)
  from space 17408K, 0% used [0x00000000f8100000,0x00000000f8100000,0x00000000f9200000)
  to   space 12288K, 0% used [0x00000000f9380000,0x00000000f9380000,0x00000000f9f80000)
 ParOldGen       total 349696K, used 349688K [0x00000000e0000000, 0x00000000f5580000, 0x00000000f5580000)
  object space 349696K, 99% used [0x00000000e0000000,0x00000000f557e358,0x00000000f5580000)
 Metaspace       used 57256K, committed 58176K, reserved 1105920K
  class space    used 5561K, committed 5952K, reserved 1048576K
}
Event: 2205.751 GC heap before
{Heap before GC invocations=1556 (full 1431):
 PSYoungGen      total 61952K, used 44543K [0x00000000f5580000, 0x00000000f9f80000, 0x0000000100000000)
  eden space 44544K, 99% used [0x00000000f5580000,0x00000000f80ffff8,0x00000000f8100000)
  from space 17408K, 0% used [0x00000000f8100000,0x00000000f8100000,0x00000000f9200000)
  to   space 12288K, 0% used [0x00000000f9380000,0x00000000f9380000,0x00000000f9f80000)
 ParOldGen       total 349696K, used 349690K [0x00000000e0000000, 0x00000000f5580000, 0x00000000f5580000)
  object space 349696K, 99% used [0x00000000e0000000,0x00000000f557e978,0x00000000f5580000)
 Metaspace       used 57256K, committed 58176K, reserved 1105920K
  class space    used 5561K, committed 5952K, reserved 1048576K
}
Event: 2207.061 GC heap after
{Heap after GC invocations=1556 (full 1431):
 PSYoungGen      total 56832K, used 44543K [0x00000000f5580000, 0x00000000f9f80000, 0x0000000100000000)
  eden space 44544K, 99% used [0x00000000f5580000,0x00000000f80ffff8,0x00000000f8100000)
  from space 12288K, 0% used [0x00000000f9380000,0x00000000f9380000,0x00000000f9f80000)
  to   space 17408K, 0% used [0x00000000f8100000,0x00000000f8100000,0x00000000f9200000)
 ParOldGen       total 349696K, used 349689K [0x00000000e0000000, 0x00000000f5580000, 0x00000000f5580000)
  object space 349696K, 99% used [0x00000000e0000000,0x00000000f557e548,0x00000000f5580000)
 Metaspace       used 57256K, committed 58176K, reserved 1105920K
  class space    used 5561K, committed 5952K, reserved 1048576K
}
Event: 2207.061 GC heap before
{Heap before GC invocations=1557 (full 1432):
 PSYoungGen      total 56832K, used 44543K [0x00000000f5580000, 0x00000000f9f80000, 0x0000000100000000)
  eden space 44544K, 99% used [0x00000000f5580000,0x00000000f80ffff8,0x00000000f8100000)
  from space 12288K, 0% used [0x00000000f9380000,0x00000000f9380000,0x00000000f9f80000)
  to   space 17408K, 0% used [0x00000000f8100000,0x00000000f8100000,0x00000000f9200000)
 ParOldGen       total 349696K, used 349694K [0x00000000e0000000, 0x00000000f5580000, 0x00000000f5580000)
  object space 349696K, 99% used [0x00000000e0000000,0x00000000f557f980,0x00000000f5580000)
 Metaspace       used 57256K, committed 58176K, reserved 1105920K
  class space    used 5561K, committed 5952K, reserved 1048576K
}
Event: 2208.579 GC heap after
{Heap after GC invocations=1557 (full 1432):
 PSYoungGen      total 61952K, used 44543K [0x00000000f5580000, 0x00000000f9f80000, 0x0000000100000000)
  eden space 44544K, 99% used [0x00000000f5580000,0x00000000f80ffff8,0x00000000f8100000)
  from space 17408K, 0% used [0x00000000f8100000,0x00000000f8100000,0x00000000f9200000)
  to   space 12288K, 0% used [0x00000000f9380000,0x00000000f9380000,0x00000000f9f80000)
 ParOldGen       total 349696K, used 349693K [0x00000000e0000000, 0x00000000f5580000, 0x00000000f5580000)
  object space 349696K, 99% used [0x00000000e0000000,0x00000000f557f460,0x00000000f5580000)
 Metaspace       used 57256K, committed 58176K, reserved 1105920K
  class space    used 5561K, committed 5952K, reserved 1048576K
}
Event: 2208.579 GC heap before
{Heap before GC invocations=1558 (full 1433):
 PSYoungGen      total 61952K, used 44543K [0x00000000f5580000, 0x00000000f9f80000, 0x0000000100000000)
  eden space 44544K, 99% used [0x00000000f5580000,0x00000000f80ffff8,0x00000000f8100000)
  from space 17408K, 0% used [0x00000000f8100000,0x00000000f8100000,0x00000000f9200000)
  to   space 12288K, 0% used [0x00000000f9380000,0x00000000f9380000,0x00000000f9f80000)
 ParOldGen       total 349696K, used 349694K [0x00000000e0000000, 0x00000000f5580000, 0x00000000f5580000)
  object space 349696K, 99% used [0x00000000e0000000,0x00000000f557f960,0x00000000f5580000)
 Metaspace       used 57256K, committed 58176K, reserved 1105920K
  class space    used 5561K, committed 5952K, reserved 1048576K
}
Event: 2209.932 GC heap after
{Heap after GC invocations=1558 (full 1433):
 PSYoungGen      total 56832K, used 44543K [0x00000000f5580000, 0x00000000f9f80000, 0x0000000100000000)
  eden space 44544K, 99% used [0x00000000f5580000,0x00000000f80fffd8,0x00000000f8100000)
  from space 12288K, 0% used [0x00000000f9380000,0x00000000f9380000,0x00000000f9f80000)
  to   space 17408K, 0% used [0x00000000f8100000,0x00000000f8100000,0x00000000f9200000)
 ParOldGen       total 349696K, used 349693K [0x00000000e0000000, 0x00000000f5580000, 0x00000000f5580000)
  object space 349696K, 99% used [0x00000000e0000000,0x00000000f557f718,0x00000000f5580000)
 Metaspace       used 57256K, committed 58176K, reserved 1105920K
  class space    used 5561K, committed 5952K, reserved 1048576K
}
Event: 2209.932 GC heap before
{Heap before GC invocations=1559 (full 1434):
 PSYoungGen      total 56832K, used 44543K [0x00000000f5580000, 0x00000000f9f80000, 0x0000000100000000)
  eden space 44544K, 99% used [0x00000000f5580000,0x00000000f80fffd8,0x00000000f8100000)
  from space 12288K, 0% used [0x00000000f9380000,0x00000000f9380000,0x00000000f9f80000)
  to   space 17408K, 0% used [0x00000000f8100000,0x00000000f8100000,0x00000000f9200000)
 ParOldGen       total 349696K, used 349693K [0x00000000e0000000, 0x00000000f5580000, 0x00000000f5580000)
  object space 349696K, 99% used [0x00000000e0000000,0x00000000f557f718,0x00000000f5580000)
 Metaspace       used 57256K, committed 58176K, reserved 1105920K
  class space    used 5561K, committed 5952K, reserved 1048576K
}
Event: 2211.328 GC heap after
{Heap after GC invocations=1559 (full 1434):
 PSYoungGen      total 61952K, used 44543K [0x00000000f5580000, 0x00000000f9f80000, 0x0000000100000000)
  eden space 44544K, 99% used [0x00000000f5580000,0x00000000f80fffd8,0x00000000f8100000)
  from space 17408K, 0% used [0x00000000f8100000,0x00000000f8100000,0x00000000f9200000)
  to   space 12288K, 0% used [0x00000000f9380000,0x00000000f9380000,0x00000000f9f80000)
 ParOldGen       total 349696K, used 349693K [0x00000000e0000000, 0x00000000f5580000, 0x00000000f5580000)
  object space 349696K, 99% used [0x00000000e0000000,0x00000000f557f718,0x00000000f5580000)
 Metaspace       used 57256K, committed 58176K, reserved 1105920K
  class space    used 5561K, committed 5952K, reserved 1048576K
}
Event: 2211.329 GC heap before
{Heap before GC invocations=1560 (full 1435):
 PSYoungGen      total 61952K, used 44543K [0x00000000f5580000, 0x00000000f9f80000, 0x0000000100000000)
  eden space 44544K, 99% used [0x00000000f5580000,0x00000000f80fffd8,0x00000000f8100000)
  from space 17408K, 0% used [0x00000000f8100000,0x00000000f8100000,0x00000000f9200000)
  to   space 12288K, 0% used [0x00000000f9380000,0x00000000f9380000,0x00000000f9f80000)
 ParOldGen       total 349696K, used 349693K [0x00000000e0000000, 0x00000000f5580000, 0x00000000f5580000)
  object space 349696K, 99% used [0x00000000e0000000,0x00000000f557f718,0x00000000f5580000)
 Metaspace       used 57256K, committed 58176K, reserved 1105920K
  class space    used 5561K, committed 5952K, reserved 1048576K
}
Event: 2212.854 GC heap after
{Heap after GC invocations=1560 (full 1435):
 PSYoungGen      total 56832K, used 44543K [0x00000000f5580000, 0x00000000f9f80000, 0x0000000100000000)
  eden space 44544K, 99% used [0x00000000f5580000,0x00000000f80fffd8,0x00000000f8100000)
  from space 12288K, 0% used [0x00000000f9380000,0x00000000f9380000,0x00000000f9f80000)
  to   space 17408K, 0% used [0x00000000f8100000,0x00000000f8100000,0x00000000f9200000)
 ParOldGen       total 349696K, used 349693K [0x00000000e0000000, 0x00000000f5580000, 0x00000000f5580000)
  object space 349696K, 99% used [0x00000000e0000000,0x00000000f557f448,0x00000000f5580000)
 Metaspace       used 57256K, committed 58176K, reserved 1105920K
  class space    used 5561K, committed 5952K, reserved 1048576K
}
Event: 2212.854 GC heap before
{Heap before GC invocations=1561 (full 1436):
 PSYoungGen      total 56832K, used 44543K [0x00000000f5580000, 0x00000000f9f80000, 0x0000000100000000)
  eden space 44544K, 99% used [0x00000000f5580000,0x00000000f80ffff0,0x00000000f8100000)
  from space 12288K, 0% used [0x00000000f9380000,0x00000000f9380000,0x00000000f9f80000)
  to   space 17408K, 0% used [0x00000000f8100000,0x00000000f8100000,0x00000000f9200000)
 ParOldGen       total 349696K, used 349695K [0x00000000e0000000, 0x00000000f5580000, 0x00000000f5580000)
  object space 349696K, 99% used [0x00000000e0000000,0x00000000f557ffd8,0x00000000f5580000)
 Metaspace       used 57256K, committed 58176K, reserved 1105920K
  class space    used 5561K, committed 5952K, reserved 1048576K
}
Event: 2214.263 GC heap after
{Heap after GC invocations=1561 (full 1436):
 PSYoungGen      total 61952K, used 44543K [0x00000000f5580000, 0x00000000f9f80000, 0x0000000100000000)
  eden space 44544K, 99% used [0x00000000f5580000,0x00000000f80fffd8,0x00000000f8100000)
  from space 17408K, 0% used [0x00000000f8100000,0x00000000f8100000,0x00000000f9200000)
  to   space 12288K, 0% used [0x00000000f9380000,0x00000000f9380000,0x00000000f9f80000)
 ParOldGen       total 349696K, used 349695K [0x00000000e0000000, 0x00000000f5580000, 0x00000000f5580000)
  object space 349696K, 99% used [0x00000000e0000000,0x00000000f557fc88,0x00000000f5580000)
 Metaspace       used 57256K, committed 58176K, reserved 1105920K
  class space    used 5561K, committed 5952K, reserved 1048576K
}
Event: 2214.264 GC heap before
{Heap before GC invocations=1562 (full 1437):
 PSYoungGen      total 61952K, used 44543K [0x00000000f5580000, 0x00000000f9f80000, 0x0000000100000000)
  eden space 44544K, 99% used [0x00000000f5580000,0x00000000f80ffff0,0x00000000f8100000)
  from space 17408K, 0% used [0x00000000f8100000,0x00000000f8100000,0x00000000f9200000)
  to   space 12288K, 0% used [0x00000000f9380000,0x00000000f9380000,0x00000000f9f80000)
 ParOldGen       total 349696K, used 349695K [0x00000000e0000000, 0x00000000f5580000, 0x00000000f5580000)
  object space 349696K, 99% used [0x00000000e0000000,0x00000000f557fcb8,0x00000000f5580000)
 Metaspace       used 57256K, committed 58176K, reserved 1105920K
  class space    used 5561K, committed 5952K, reserved 1048576K
}
Event: 2215.773 GC heap after
{Heap after GC invocations=1562 (full 1437):
 PSYoungGen      total 56832K, used 44543K [0x00000000f5580000, 0x00000000f9f80000, 0x0000000100000000)
  eden space 44544K, 99% used [0x00000000f5580000,0x00000000f80fffd8,0x00000000f8100000)
  from space 12288K, 0% used [0x00000000f9380000,0x00000000f9380000,0x00000000f9f80000)
  to   space 17408K, 0% used [0x00000000f8100000,0x00000000f8100000,0x00000000f9200000)
 ParOldGen       total 349696K, used 349695K [0x00000000e0000000, 0x00000000f5580000, 0x00000000f5580000)
  object space 349696K, 99% used [0x00000000e0000000,0x00000000f557fcb8,0x00000000f5580000)
 Metaspace       used 57256K, committed 58176K, reserved 1105920K
  class space    used 5561K, committed 5952K, reserved 1048576K
}
Event: 2215.773 GC heap before
{Heap before GC invocations=1563 (full 1438):
 PSYoungGen      total 56832K, used 44543K [0x00000000f5580000, 0x00000000f9f80000, 0x0000000100000000)
  eden space 44544K, 99% used [0x00000000f5580000,0x00000000f80fffd8,0x00000000f8100000)
  from space 12288K, 0% used [0x00000000f9380000,0x00000000f9380000,0x00000000f9f80000)
  to   space 17408K, 0% used [0x00000000f8100000,0x00000000f8100000,0x00000000f9200000)
 ParOldGen       total 349696K, used 349695K [0x00000000e0000000, 0x00000000f5580000, 0x00000000f5580000)
  object space 349696K, 99% used [0x00000000e0000000,0x00000000f557fcb8,0x00000000f5580000)
 Metaspace       used 57256K, committed 58176K, reserved 1105920K
  class space    used 5561K, committed 5952K, reserved 1048576K
}
Event: 2217.244 GC heap after
{Heap after GC invocations=1563 (full 1438):
 PSYoungGen      total 61952K, used 44543K [0x00000000f5580000, 0x00000000f9f80000, 0x0000000100000000)
  eden space 44544K, 99% used [0x00000000f5580000,0x00000000f80fffd8,0x00000000f8100000)
  from space 17408K, 0% used [0x00000000f8100000,0x00000000f8100000,0x00000000f9200000)
  to   space 12288K, 0% used [0x00000000f9380000,0x00000000f9380000,0x00000000f9f80000)
 ParOldGen       total 349696K, used 349695K [0x00000000e0000000, 0x00000000f5580000, 0x00000000f5580000)
  object space 349696K, 99% used [0x00000000e0000000,0x00000000f557fcb8,0x00000000f5580000)
 Metaspace       used 57256K, committed 58176K, reserved 1105920K
  class space    used 5561K, committed 5952K, reserved 1048576K
}

Dll operation events (9 events):
Event: 0.038 Loaded shared library /nix/store/gpxl5qgg8kicmcvivwmybwjlpf7wh20l-graalvm17-ce-22.3.0/lib/libjava.so
Event: 0.057 Loaded shared library /nix/store/gpxl5qgg8kicmcvivwmybwjlpf7wh20l-graalvm17-ce-22.3.0/lib/libjsvml.so
Event: 0.288 Loaded shared library /nix/store/gpxl5qgg8kicmcvivwmybwjlpf7wh20l-graalvm17-ce-22.3.0/lib/libnio.so
Event: 0.293 Loaded shared library /nix/store/gpxl5qgg8kicmcvivwmybwjlpf7wh20l-graalvm17-ce-22.3.0/lib/libzip.so
Event: 0.297 Loaded shared library /nix/store/gpxl5qgg8kicmcvivwmybwjlpf7wh20l-graalvm17-ce-22.3.0/lib/libjvmcicompiler.so
Event: 0.754 Loaded shared library /nix/store/gpxl5qgg8kicmcvivwmybwjlpf7wh20l-graalvm17-ce-22.3.0/lib/libjimage.so
Event: 1.359 Loaded shared library /nix/store/gpxl5qgg8kicmcvivwmybwjlpf7wh20l-graalvm17-ce-22.3.0/lib/libnet.so
Event: 4.749 Loaded shared library /home/runner/.cache/jdt-language-server/config/org.eclipse.equinox.launcher/org.eclipse.equinox.launcher.gtk.linux.x86_64_1.2.400.v20211117-0650/eclipse_11600.so
Event: 14.764 Loaded shared library /nix/store/gpxl5qgg8kicmcvivwmybwjlpf7wh20l-graalvm17-ce-22.3.0/lib/libextnet.so

Deoptimization events (20 events):
Event: 67.452 Thread 0x00007f08f847fed0 DEOPT PACKING pc=0x00007f094c60215d sp=0x00007f090fffe530
Event: 67.452 Thread 0x00007f08f847fed0 DEOPT UNPACKING pc=0x00007f094b505325 sp=0x00007f090fffda20 mode 0
Event: 67.468 Thread 0x00007f08f847fed0 DEOPT PACKING pc=0x00007f094c60215d sp=0x00007f090fffe530
Event: 67.468 Thread 0x00007f08f847fed0 DEOPT UNPACKING pc=0x00007f094b505325 sp=0x00007f090fffda20 mode 0
Event: 73.857 Thread 0x00007f09640b21e0 Uncommon trap: trap_request=0xffffffcd fr.pc=0x00007f0953172a86 relative=0x00000000000004c6
Event: 73.857 Thread 0x00007f09640b21e0 Uncommon trap: reason=intrinsic_or_type_checked_inlining action=reinterpret pc=0x00007f0953172a86 method=java.io.DataOutputStream.writeInt(I)V @ 0 jvmci
Event: 73.857 Thread 0x00007f09640b21e0 DEOPT PACKING pc=0x00007f0953172a86 sp=0x00007f0948f16000
Event: 73.857 Thread 0x00007f09640b21e0 DEOPT UNPACKING pc=0x00007f094b505325 sp=0x00007f0948f154d8 mode 3
Event: 1423.983 Thread 0x00007f09640b21e0 Uncommon trap: trap_request=0xffffffcd fr.pc=0x00007f09531dd89c relative=0x0000000000000c3c
Event: 1423.983 Thread 0x00007f09640b21e0 Uncommon trap: reason=intrinsic_or_type_checked_inlining action=reinterpret pc=0x00007f09531dd89c method=java.io.DataOutputStream.write([BII)V @ 0 jvmci
Event: 1423.983 Thread 0x00007f09640b21e0 DEOPT PACKING pc=0x00007f09531dd89c sp=0x00007f0948f15fb0
Event: 1423.983 Thread 0x00007f09640b21e0 DEOPT UNPACKING pc=0x00007f094b505325 sp=0x00007f0948f153d0 mode 3
Event: 2123.761 Thread 0x00007f0964379850 Uncommon trap: trap_request=0xffffffcd fr.pc=0x00007f09531ca9e6 relative=0x00000000000000a6
Event: 2123.761 Thread 0x00007f0964379850 Uncommon trap: reason=intrinsic_or_type_checked_inlining action=reinterpret pc=0x00007f09531ca9e6 method=org.eclipse.jdt.internal.core.JavaElement.getJavaProject()Lorg/eclipse/jdt/core/IJavaProject; @ 0 jvmci
Event: 2123.761 Thread 0x00007f0964379850 DEOPT PACKING pc=0x00007f09531ca9e6 sp=0x00007f090f7fdda0
Event: 2123.761 Thread 0x00007f0964379850 DEOPT UNPACKING pc=0x00007f094b505325 sp=0x00007f090f7fd248 mode 3
Event: 2211.329 Thread 0x00007f08f847fed0 Uncommon trap: trap_request=0xffffff8f fr.pc=0x00007f09531bff98 relative=0x00000000000011d8
Event: 2211.329 Thread 0x00007f08f847fed0 Uncommon trap: reason=constraint action=none pc=0x00007f09531bff98 method=org.eclipse.jdt.internal.core.index.DiskIndex.copyQueryResults(Lorg/eclipse/jdt/internal/compiler/util/HashtableOfObject;I)V @ 123 jvmci
Event: 2211.329 Thread 0x00007f08f847fed0 DEOPT PACKING pc=0x00007f09531bff98 sp=0x00007f090fffe530
Event: 2211.329 Thread 0x00007f08f847fed0 DEOPT UNPACKING pc=0x00007f094b505325 sp=0x00007f090fffda28 mode 3

Classes unloaded (20 events):
Event: 78.273 Thread 0x00007f09640a1c10 Unloading class 0x0000000800d98400 'java/lang/invoke/LambdaForm$MH+0x0000000800d98400'
Event: 78.273 Thread 0x00007f09640a1c10 Unloading class 0x0000000800d98000 'jdk/internal/reflect/GeneratedConstructorAccessor3'
Event: 78.273 Thread 0x00007f09640a1c10 Unloading class 0x0000000800d06800 'java/lang/invoke/LambdaForm$MH+0x0000000800d06800'
Event: 78.273 Thread 0x00007f09640a1c10 Unloading class 0x0000000800d06000 'java/lang/invoke/LambdaForm$MH+0x0000000800d06000'
Event: 78.273 Thread 0x00007f09640a1c10 Unloading class 0x0000000800d05c00 'java/lang/invoke/LambdaForm$MH+0x0000000800d05c00'
Event: 78.273 Thread 0x00007f09640a1c10 Unloading class 0x0000000800d05800 'java/lang/invoke/LambdaForm$MH+0x0000000800d05800'
Event: 78.273 Thread 0x00007f09640a1c10 Unloading class 0x0000000800d05000 'java/lang/invoke/LambdaForm$MH+0x0000000800d05000'
Event: 78.273 Thread 0x00007f09640a1c10 Unloading class 0x0000000800d04c00 'java/lang/invoke/LambdaForm$MH+0x0000000800d04c00'
Event: 78.273 Thread 0x00007f09640a1c10 Unloading class 0x0000000800d04800 'java/lang/invoke/LambdaForm$MH+0x0000000800d04800'
Event: 78.273 Thread 0x00007f09640a1c10 Unloading class 0x0000000800d04000 'java/lang/invoke/LambdaForm$MH+0x0000000800d04000'
Event: 78.273 Thread 0x00007f09640a1c10 Unloading class 0x0000000800c1d000 'jdk/internal/reflect/GeneratedMethodAccessor5'
Event: 78.273 Thread 0x00007f09640a1c10 Unloading class 0x0000000800c1cc00 'jdk/internal/reflect/GeneratedMethodAccessor4'
Event: 78.273 Thread 0x00007f09640a1c10 Unloading class 0x0000000800c1c800 'jdk/internal/reflect/GeneratedMethodAccessor3'
Event: 78.273 Thread 0x00007f09640a1c10 Unloading class 0x0000000800c1c400 'jdk/internal/reflect/GeneratedMethodAccessor2'
Event: 78.273 Thread 0x00007f09640a1c10 Unloading class 0x0000000800c1c000 'jdk/internal/reflect/GeneratedMethodAccessor1'
Event: 78.273 Thread 0x00007f09640a1c10 Unloading class 0x0000000800c01c00 'java/lang/invoke/LambdaForm$DMH+0x0000000800c01c00'
Event: 1244.556 Thread 0x00007f09640a1c10 Unloading class 0x0000000800efc800 'jdk/internal/reflect/GeneratedSerializationConstructorAccessor6'
Event: 1244.556 Thread 0x00007f09640a1c10 Unloading class 0x0000000800f00000 'jdk/internal/reflect/GeneratedSerializationConstructorAccessor5'
Event: 1272.459 Thread 0x00007f09640a1c10 Unloading class 0x0000000800d99000 'jdk/internal/reflect/GeneratedSerializationConstructorAccessor7'
Event: 1372.854 Thread 0x00007f09640a1c10 Unloading class 0x0000000800d06800 'jdk/internal/reflect/GeneratedSerializationConstructorAccessor8'

Classes redefined (0 events):
No events

Internal exceptions (20 events):
Event: 57.948 Thread 0x00007f0964379850 Exception <a 'java/lang/NoSuchMethodError'{0x00000000f6dd2ae8}: 'java.lang.Object java.lang.invoke.DirectMethodHandle$Holder.newInvokeSpecial(java.lang.Object, java.lang.Object, int)'> (0x00000000f6dd2ae8) 
thrown [src/hotspot/share/interpreter/linkResolver.cpp, line 758]
Event: 58.228 Thread 0x00007f08d0146510 Exception <a 'java/lang/ArrayIndexOutOfBoundsException'{0x00000000f5786e18}: Index 123 out of bounds for length 123> (0x00000000f5786e18) 
thrown [src/hotspot/share/interpreter/interpreterRuntime.cpp, line 428]
Event: 58.228 Thread 0x00007f08d0146510 Exception <a 'java/lang/ArrayIndexOutOfBoundsException'{0x00000000f5787210}: Index 123 out of bounds for length 123> (0x00000000f5787210) 
thrown [src/hotspot/share/interpreter/interpreterRuntime.cpp, line 428]
Event: 58.228 Thread 0x00007f08d0146510 Exception <a 'java/lang/ArrayIndexOutOfBoundsException'{0x00000000f57875c0}: Index 124 out of bounds for length 123> (0x00000000f57875c0) 
thrown [src/hotspot/share/interpreter/interpreterRuntime.cpp, line 428]
Event: 59.232 Thread 0x00007f08d01571d0 Exception <a 'java/lang/ArrayIndexOutOfBoundsException'{0x00000000f68b3230}: Index 124 out of bounds for length 124> (0x00000000f68b3230) 
thrown [src/hotspot/share/interpreter/interpreterRuntime.cpp, line 428]
Event: 59.232 Thread 0x00007f08d01571d0 Exception <a 'java/lang/ArrayIndexOutOfBoundsException'{0x00000000f68b3628}: Index 124 out of bounds for length 124> (0x00000000f68b3628) 
thrown [src/hotspot/share/interpreter/interpreterRuntime.cpp, line 428]
Event: 59.232 Thread 0x00007f08d01571d0 Exception <a 'java/lang/ArrayIndexOutOfBoundsException'{0x00000000f68b39d8}: Index 125 out of bounds for length 124> (0x00000000f68b39d8) 
thrown [src/hotspot/share/interpreter/interpreterRuntime.cpp, line 428]
Event: 59.931 Thread 0x00007f08d01571d0 Exception <a 'java/lang/ArrayIndexOutOfBoundsException'{0x00000000f56e5940}: Index 125 out of bounds for length 125> (0x00000000f56e5940) 
thrown [src/hotspot/share/interpreter/interpreterRuntime.cpp, line 428]
Event: 59.931 Thread 0x00007f08d01571d0 Exception <a 'java/lang/ArrayIndexOutOfBoundsException'{0x00000000f56e5d38}: Index 125 out of bounds for length 125> (0x00000000f56e5d38) 
thrown [src/hotspot/share/interpreter/interpreterRuntime.cpp, line 428]
Event: 59.931 Thread 0x00007f08d01571d0 Exception <a 'java/lang/ArrayIndexOutOfBoundsException'{0x00000000f56e60e8}: Index 126 out of bounds for length 125> (0x00000000f56e60e8) 
thrown [src/hotspot/share/interpreter/interpreterRuntime.cpp, line 428]
Event: 60.130 Thread 0x00007f08d01571d0 Exception <a 'java/lang/ArrayIndexOutOfBoundsException'{0x00000000f653e3e0}: Index 126 out of bounds for length 126> (0x00000000f653e3e0) 
thrown [src/hotspot/share/interpreter/interpreterRuntime.cpp, line 428]
Event: 60.130 Thread 0x00007f08d01571d0 Exception <a 'java/lang/ArrayIndexOutOfBoundsException'{0x00000000f653e7d8}: Index 126 out of bounds for length 126> (0x00000000f653e7d8) 
thrown [src/hotspot/share/interpreter/interpreterRuntime.cpp, line 428]
Event: 60.130 Thread 0x00007f08d01571d0 Exception <a 'java/lang/ArrayIndexOutOfBoundsException'{0x00000000f653eb88}: Index 127 out of bounds for length 126> (0x00000000f653eb88) 
thrown [src/hotspot/share/interpreter/interpreterRuntime.cpp, line 428]
Event: 60.427 Thread 0x00007f08d01571d0 Exception <a 'java/lang/ArrayIndexOutOfBoundsException'{0x00000000f57923a8}: Index 128 out of bounds for length 128> (0x00000000f57923a8) 
thrown [src/hotspot/share/interpreter/interpreterRuntime.cpp, line 428]
Event: 60.427 Thread 0x00007f08d01571d0 Exception <a 'java/lang/ArrayIndexOutOfBoundsException'{0x00000000f57927a0}: Index 128 out of bounds for length 128> (0x00000000f57927a0) 
thrown [src/hotspot/share/interpreter/interpreterRuntime.cpp, line 428]
Event: 60.427 Thread 0x00007f08d01571d0 Exception <a 'java/lang/ArrayIndexOutOfBoundsException'{0x00000000f5792b50}: Index 129 out of bounds for length 128> (0x00000000f5792b50) 
thrown [src/hotspot/share/interpreter/interpreterRuntime.cpp, line 428]
Event: 1993.338 Thread 0x00007f08e80010d0 Exception <a 'java/lang/OutOfMemoryError'{0x00000000e0004128}> (0x00000000e0004128) 
thrown [src/hotspot/share/gc/shared/memAllocator.cpp, line 136]
Event: 2211.329 Thread 0x00007f08f847fed0 Exception <a 'java/lang/OutOfMemoryError'{0x00000000e00046c8}> (0x00000000e00046c8) 
thrown [src/hotspot/share/gc/shared/memAllocator.cpp, line 138]
Event: 2211.329 Thread 0x00007f08f847fed0 Implicit null exception at 0x00007f09531bfa0e to 0x00007f09531bff7d
Event: 2217.247 Thread 0x00007f09640b21e0 Exception <a 'java/lang/OutOfMemoryError'{0x00000000e0004718}> (0x00000000e0004718) 
thrown [src/hotspot/share/gc/shared/memAllocator.cpp, line 136]

VM Operations (20 events):
Event: 2199.744 Executing VM operation: ParallelGCFailedAllocation
Event: 2201.269 Executing VM operation: ParallelGCFailedAllocation done
Event: 2201.270 Executing VM operation: ParallelGCFailedAllocation
Event: 2202.828 Executing VM operation: ParallelGCFailedAllocation done
Event: 2202.829 Executing VM operation: ParallelGCFailedAllocation
Event: 2204.231 Executing VM operation: ParallelGCFailedAllocation done
Event: 2204.231 Executing VM operation: ParallelGCFailedAllocation
Event: 2205.751 Executing VM operation: ParallelGCFailedAllocation done
Event: 2205.751 Executing VM operation: ParallelGCFailedAllocation
Event: 2207.061 Executing VM operation: ParallelGCFailedAllocation done
Event: 2207.061 Executing VM operation: ParallelGCFailedAllocation
Event: 2208.579 Executing VM operation: ParallelGCFailedAllocation done
Event: 2208.579 Executing VM operation: ParallelGCFailedAllocation
Event: 2211.329 Executing VM operation: ParallelGCFailedAllocation done
Event: 2211.329 Executing VM operation: ParallelGCFailedAllocation
Event: 2212.854 Executing VM operation: ParallelGCFailedAllocation done
Event: 2212.854 Executing VM operation: ParallelGCFailedAllocation
Event: 2214.263 Executing VM operation: ParallelGCFailedAllocation done
Event: 2214.263 Executing VM operation: ParallelGCFailedAllocation
Event: 2217.244 Executing VM operation: ParallelGCFailedAllocation done

Events (20 events):
Event: 65.034 Protecting memory [0x00007f090f300000,0x00007f090f304000] with protection modes 0
Event: 65.236 Thread 0x00007f08d01571d0 Thread exited: 0x00007f08d01571d0
Event: 66.340 Thread 0x00007f08dc343940 Thread added: 0x00007f08dc343940
Event: 66.340 Protecting memory [0x00007f090f300000,0x00007f090f304000] with protection modes 0
Event: 66.343 Thread 0x00007f08dc343940 Thread exited: 0x00007f08dc343940
Event: 131.446 Thread 0x00007f08dc2ea970 Thread exited: 0x00007f08dc2ea970
Event: 131.447 Thread 0x00007f08dc001220 Thread exited: 0x00007f08dc001220
Event: 133.050 Thread 0x00007f08f8302e80 Thread exited: 0x00007f08f8302e80
Event: 134.641 Thread 0x00007f08cc000ff0 Thread exited: 0x00007f08cc000ff0
Event: 263.747 Thread 0x00007f08d01571d0 Thread added: 0x00007f08d01571d0
Event: 263.747 Protecting memory [0x00007f0910500000,0x00007f0910504000] with protection modes 0
Event: 793.037 Thread 0x00007f08dc001220 Thread added: 0x00007f08dc001220
Event: 793.037 Protecting memory [0x00007f090f900000,0x00007f090f904000] with protection modes 0
Event: 804.855 Thread 0x00007f08dc001220 Thread exited: 0x00007f08dc001220
Event: 1999.275 Thread 0x00007f08dc2ea970 Thread added: 0x00007f08dc2ea970
Event: 1999.324 Protecting memory [0x00007f090f900000,0x00007f090f904000] with protection modes 0
Event: 2068.375 loading class java/lang/Throwable$WrappedPrintWriter
Event: 2068.375 loading class java/lang/Throwable$PrintStreamOrWriter
Event: 2068.376 loading class java/lang/Throwable$PrintStreamOrWriter done
Event: 2068.376 loading class java/lang/Throwable$WrappedPrintWriter done


Dynamic libraries:
e0000000-f5580000 rw-p 00000000 00:00 0 
f5580000-f9f80000 rw-p 00000000 00:00 0 
f9f80000-100000000 ---p 00000000 00:00 0 
800000000-800449000 rw-p 00001000 00:1bd1 4611686019135357769            /nix/store/gpxl5qgg8kicmcvivwmybwjlpf7wh20l-graalvm17-ce-22.3.0/lib/server/classes.jsa
800449000-800bc8000 r--p 0044a000 00:1bd1 4611686019135357769            /nix/store/gpxl5qgg8kicmcvivwmybwjlpf7wh20l-graalvm17-ce-22.3.0/lib/server/classes.jsa
800bc8000-800c00000 ---p 00000000 00:00 0 
800c00000-800c20000 rw-p 00000000 00:00 0 
800c20000-800c40000 rw-p 00000000 00:00 0 
800c40000-800cc0000 rw-p 00000000 00:00 0 
800cc0000-800d00000 rw-p 00000000 00:00 0 
800d00000-800dc0000 rw-p 00000000 00:00 0 
800dc0000-800e00000 rw-p 00000000 00:00 0 
800e00000-800f40000 rw-p 00000000 00:00 0 
800f40000-800fc0000 rw-p 00000000 00:00 0 
800fc0000-800ff0000 rw-p 00000000 00:00 0 
800ff0000-801000000 ---p 00000000 00:00 0 
801000000-8011e0000 rw-p 00000000 00:00 0 
8011e0000-840c00000 ---p 00000000 00:00 0 
55b4158f9000-55b4158fa000 r-xp 00000000 00:1bd1 4611686019099417844      /nix/store/gpxl5qgg8kicmcvivwmybwjlpf7wh20l-graalvm17-ce-22.3.0/bin/.java-wrapped
55b4158fb000-55b4158fc000 r--p 00001000 00:1bd1 4611686019099417844      /nix/store/gpxl5qgg8kicmcvivwmybwjlpf7wh20l-graalvm17-ce-22.3.0/bin/.java-wrapped
55b4158fc000-55b4158fd000 rw-p 00002000 00:1bd1 4611686019099417844      /nix/store/gpxl5qgg8kicmcvivwmybwjlpf7wh20l-graalvm17-ce-22.3.0/bin/.java-wrapped
55b4158fd000-55b4158fe000 rw-p 00004000 00:1bd1 4611686019099417844      /nix/store/gpxl5qgg8kicmcvivwmybwjlpf7wh20l-graalvm17-ce-22.3.0/bin/.java-wrapped
55b4158fe000-55b4158ff000 rw-p 00005000 00:1bd1 4611686019099417844      /nix/store/gpxl5qgg8kicmcvivwmybwjlpf7wh20l-graalvm17-ce-22.3.0/bin/.java-wrapped
55b415b87000-55b415bcf000 rw-p 00000000 00:00 0                          [heap]
7f08a4000000-7f08a4021000 rw-p 00000000 00:00 0 
7f08a4021000-7f08a8000000 ---p 00000000 00:00 0 
7f08ac000000-7f08ac089000 rw-p 00000000 00:00 0 
7f08ac089000-7f08b0000000 ---p 00000000 00:00 0 
7f08b24b3000-7f08bc000000 r--s 00000000 00:1bd1 4611686019135192581      /nix/store/gpxl5qgg8kicmcvivwmybwjlpf7wh20l-graalvm17-ce-22.3.0/lib/modules
7f08bc000000-7f08bc021000 rw-p 00000000 00:00 0 
7f08bc021000-7f08c0000000 ---p 00000000 00:00 0 
7f08c0000000-7f08c007b000 rw-p 00000000 00:00 0 
7f08c007b000-7f08c4000000 ---p 00000000 00:00 0 
7f08c4000000-7f08c4188000 rw-p 00000000 00:00 0 
7f08c4188000-7f08c8000000 ---p 00000000 00:00 0 
7f08c8000000-7f08c80d5000 rw-p 00000000 00:00 0 
7f08c80d5000-7f08cc000000 ---p 00000000 00:00 0 
7f08cc000000-7f08cc0f3000 rw-p 00000000 00:00 0 
7f08cc0f3000-7f08d0000000 ---p 00000000 00:00 0 
7f08d0000000-7f08d016e000 rw-p 00000000 00:00 0 
7f08d016e000-7f08d4000000 ---p 00000000 00:00 0 
7f08d4000000-7f08d4021000 rw-p 00000000 00:00 0 
7f08d4021000-7f08d8000000 ---p 00000000 00:00 0 
7f08d8000000-7f08d8021000 rw-p 00000000 00:00 0 
7f08d8021000-7f08dc000000 ---p 00000000 00:00 0 
7f08dc000000-7f08dc352000 rw-p 00000000 00:00 0 
7f08dc352000-7f08e0000000 ---p 00000000 00:00 0 
7f08e0000000-7f08e006b000 rw-p 00000000 00:00 0 
7f08e006b000-7f08e4000000 ---p 00000000 00:00 0 
7f08e4000000-7f08e4021000 rw-p 00000000 00:00 0 
7f08e4021000-7f08e8000000 ---p 00000000 00:00 0 
7f08e8000000-7f08e8089000 rw-p 00000000 00:00 0 
7f08e8089000-7f08ec000000 ---p 00000000 00:00 0 
7f08ec000000-7f08ec066000 rw-p 00000000 00:00 0 
7f08ec066000-7f08f0000000 ---p 00000000 00:00 0 
7f08f0000000-7f08f0021000 rw-p 00000000 00:00 0 
7f08f0021000-7f08f4000000 ---p 00000000 00:00 0 
7f08f4000000-7f08f4160000 rw-p 00000000 00:00 0 
7f08f4160000-7f08f4320000 rw-p 00000000 00:00 0 
7f08f4320000-7f08f43a0000 rw-p 00000000 00:00 0 
7f08f43a0000-7f08f4800000 ---p 00000000 00:00 0 
7f08f4800000-7f08f4d00000 rw-p 00000000 00:00 0 
7f08f4d00000-7f08f4d60000 rw-p 00000000 00:00 0 
7f08f4d60000-7f08f4e00000 ---p 00000000 00:00 0 
7f08f4e00000-7f08f5000000 rw-p 00000000 00:00 0 
7f08f5000000-7f08f5100000 rw-p 00000000 00:00 0 
7f08f5100000-7f08f5200000 rw-p 00000000 00:00 0 
7f08f5200000-7f08f5800000 rw-p 00000000 00:00 0 
7f08f5c00000-7f08f5cc0000 rw-p 00000000 00:00 0 
7f08f5cc0000-7f08f5d00000 rw-p 00000000 00:00 0 
7f08f5d00000-7f08f5ec0000 rw-p 00000000 00:00 0 
7f08f5ec0000-7f08f5f00000 rw-p 00000000 00:00 0 
7f08f5f00000-7f08f6100000 rw-p 00000000 00:00 0 
7f08f6100000-7f08f6200000 rw-p 00000000 00:00 0 
7f08f6200000-7f08f6400000 rw-p 00000000 00:00 0 
7f08f6800000-7f08f6900000 rw-p 00000000 00:00 0 
7f08f6900000-7f08f6a00000 rw-p 00000000 00:00 0 
7f08f6a00000-7f08f6f80000 rw-p 00000000 00:00 0 
7f08f6f80000-7f08f7000000 rw-p 00000000 00:00 0 
7f08f7400000-7f08f7500000 rw-p 00000000 00:00 0 
7f08f7500000-7f08f7600000 rw-p 00000000 00:00 0 
7f08f7600000-7f08f7900000 rw-p 00000000 00:00 0 
7f08f7900000-7f08f7a00000 rw-p 00000000 00:00 0 
7f08f7a00000-7f08f7c00000 rw-p 00000000 00:00 0 
7f08f8000000-7f08f88ba000 rw-p 00000000 00:00 0 
7f08f88ba000-7f08fc000000 ---p 00000000 00:00 0 
7f08fc000000-7f08fc025000 rw-p 00000000 00:00 0 
7f08fc025000-7f0900000000 ---p 00000000 00:00 0 
7f0900000000-7f0900021000 rw-p 00000000 00:00 0 
7f0900021000-7f0904000000 ---p 00000000 00:00 0 
7f0904000000-7f0904021000 rw-p 00000000 00:00 0 
7f0904021000-7f0908000000 ---p 00000000 00:00 0 
7f0908000000-7f0908021000 rw-p 00000000 00:00 0 
7f0908021000-7f090c000000 ---p 00000000 00:00 0 
7f090d800000-7f090d810000 r-xp 00000000 00:1bce 353                      /home/runner/.cache/jdt-language-server/config/org.eclipse.equinox.launcher/org.eclipse.equinox.launcher.gtk.linux.x86_64_1.2.400.v20211117-0650/eclipse_11600.so
7f090d810000-7f090da0f000 ---p 00010000 00:1bce 353                      /home/runner/.cache/jdt-language-server/config/org.eclipse.equinox.launcher/org.eclipse.equinox.launcher.gtk.linux.x86_64_1.2.400.v20211117-0650/eclipse_11600.so
7f090da0f000-7f090da10000 r--p 0000f000 00:1bce 353                      /home/runner/.cache/jdt-language-server/config/org.eclipse.equinox.launcher/org.eclipse.equinox.launcher.gtk.linux.x86_64_1.2.400.v20211117-0650/eclipse_11600.so
7f090da10000-7f090da11000 rw-p 00010000 00:1bce 353                      /home/runner/.cache/jdt-language-server/config/org.eclipse.equinox.launcher/org.eclipse.equinox.launcher.gtk.linux.x86_64_1.2.400.v20211117-0650/eclipse_11600.so
7f090dd00000-7f090de00000 ---p 00000000 00:00 0 
7f090de00000-7f090e3af000 r--p 01122000 00:1bd1 4611686019135190040      /nix/store/gpxl5qgg8kicmcvivwmybwjlpf7wh20l-graalvm17-ce-22.3.0/lib/libjvmcicompiler.so
7f090e3af000-7f090e500000 r--p 00000000 00:00 0 
7f090e500000-7f090e53d000 rw-p 00000000 00:00 0 
7f090e53d000-7f090ea5d000 rw-p 0185f000 00:1bd1 4611686019135190040      /nix/store/gpxl5qgg8kicmcvivwmybwjlpf7wh20l-graalvm17-ce-22.3.0/lib/libjvmcicompiler.so
7f090ea5d000-7f090ee44000 r--p 01d7f000 00:1bd1 4611686019135190040      /nix/store/gpxl5qgg8kicmcvivwmybwjlpf7wh20l-graalvm17-ce-22.3.0/lib/libjvmcicompiler.so
7f090ef00000-7f090ef04000 ---p 00000000 00:00 0 
7f090ef04000-7f090f000000 rw-p 00000000 00:00 0 
7f090f100000-7f090f104000 ---p 00000000 00:00 0 
7f090f104000-7f090f200000 rw-p 00000000 00:00 0 
7f090f300000-7f090f304000 ---p 00000000 00:00 0 
7f090f304000-7f090f400000 rw-p 00000000 00:00 0 
7f090f500000-7f090f504000 ---p 00000000 00:00 0 
7f090f504000-7f090f600000 rw-p 00000000 00:00 0 
7f090f700000-7f090f704000 ---p 00000000 00:00 0 
7f090f704000-7f090f800000 rw-p 00000000 00:00 0 
7f090f900000-7f090f904000 ---p 00000000 00:00 0 
7f090f904000-7f090fa00000 rw-p 00000000 00:00 0 
7f090fa00000-7f090fa04000 ---p 00000000 00:00 0 
7f090fa04000-7f090fb00000 rw-p 00000000 00:00 0 
7f090fb00000-7f090fb04000 ---p 00000000 00:00 0 
7f090fb04000-7f090fc00000 rw-p 00000000 00:00 0 
7f090fd00000-7f090fd04000 ---p 00000000 00:00 0 
7f090fd04000-7f090fe00000 rw-p 00000000 00:00 0 
7f090ff00000-7f090ff04000 ---p 00000000 00:00 0 
7f090ff04000-7f0910000000 rw-p 00000000 00:00 0 
7f0910000000-7f0910004000 ---p 00000000 00:00 0 
7f0910004000-7f0910100000 rw-p 00000000 00:00 0 
7f0910100000-7f0910104000 ---p 00000000 00:00 0 
7f0910104000-7f0910200000 rw-p 00000000 00:00 0 
7f0910300000-7f0910304000 ---p 00000000 00:00 0 
7f0910304000-7f0910400000 rw-p 00000000 00:00 0 
7f0910500000-7f0910504000 ---p 00000000 00:00 0 
7f0910504000-7f0910600000 rw-p 00000000 00:00 0 
7f0910700000-7f0910704000 ---p 00000000 00:00 0 
7f0910704000-7f0910800000 rw-p 00000000 00:00 0 
7f0910800000-7f0910804000 ---p 00000000 00:00 0 
7f0910804000-7f0910900000 rw-p 00000000 00:00 0 
7f0910900000-7f0910904000 ---p 00000000 00:00 0 
7f0910904000-7f0910a00000 rw-p 00000000 00:00 0 
7f0911668000-7f0911b00000 rw-p 00000000 00:00 0 
7f0911c00000-7f0913d6a000 r-xp 00000000 00:1bd1 4611686019135190040      /nix/store/gpxl5qgg8kicmcvivwmybwjlpf7wh20l-graalvm17-ce-22.3.0/lib/libjvmcicompiler.so
7f0913d6a000-7f0913f69000 ---p 0216a000 00:1bd1 4611686019135190040      /nix/store/gpxl5qgg8kicmcvivwmybwjlpf7wh20l-graalvm17-ce-22.3.0/lib/libjvmcicompiler.so
7f0913f69000-7f0913f6a000 r--p 02169000 00:1bd1 4611686019135190040      /nix/store/gpxl5qgg8kicmcvivwmybwjlpf7wh20l-graalvm17-ce-22.3.0/lib/libjvmcicompiler.so
7f0913f6a000-7f0913f6c000 rw-p 0216a000 00:1bd1 4611686019135190040      /nix/store/gpxl5qgg8kicmcvivwmybwjlpf7wh20l-graalvm17-ce-22.3.0/lib/libjvmcicompiler.so
7f0913f6c000-7f0913f6d000 rw-p 00000000 00:00 0 
7f0913f6d000-7f0913f72000 rw-p 023c3000 00:1bd1 4611686019135190040      /nix/store/gpxl5qgg8kicmcvivwmybwjlpf7wh20l-graalvm17-ce-22.3.0/lib/libjvmcicompiler.so
7f0914000000-7f0914021000 rw-p 00000000 00:00 0 
7f0914021000-7f0918000000 ---p 00000000 00:00 0 
7f0918000000-7f0918021000 rw-p 00000000 00:00 0 
7f0918021000-7f091c000000 ---p 00000000 00:00 0 
7f091c000000-7f091c021000 rw-p 00000000 00:00 0 
7f091c021000-7f0920000000 ---p 00000000 00:00 0 
7f0920000000-7f0920021000 rw-p 00000000 00:00 0 
7f0920021000-7f0924000000 ---p 00000000 00:00 0 
7f0924000000-7f09240c7000 rw-p 00000000 00:00 0 
7f09240c7000-7f0928000000 ---p 00000000 00:00 0 
7f0928000000-7f0928b88000 rw-p 00000000 00:00 0 
7f0928b88000-7f092c000000 ---p 00000000 00:00 0 
7f092c000000-7f092c021000 rw-p 00000000 00:00 0 
7f092c021000-7f0930000000 ---p 00000000 00:00 0 
7f0930000000-7f0930021000 rw-p 00000000 00:00 0 
7f0930021000-7f0934000000 ---p 00000000 00:00 0 
7f0934000000-7f0934021000 rw-p 00000000 00:00 0 
7f0934021000-7f0938000000 ---p 00000000 00:00 0 
7f0938000000-7f0938021000 rw-p 00000000 00:00 0 
7f0938021000-7f093c000000 ---p 00000000 00:00 0 
7f093c000000-7f093c021000 rw-p 00000000 00:00 0 
7f093c021000-7f0940000000 ---p 00000000 00:00 0 
7f0940000000-7f0940021000 rw-p 00000000 00:00 0 
7f0940021000-7f0944000000 ---p 00000000 00:00 0 
7f0944000000-7f09441d6000 rw-p 00000000 00:00 0 
7f09441d6000-7f0948000000 ---p 00000000 00:00 0 
7f0948100000-7f0948104000 ---p 00000000 00:00 0 
7f0948104000-7f0948200000 rw-p 00000000 00:00 0 
7f0948300000-7f0948304000 ---p 00000000 00:00 0 
7f0948304000-7f0948400000 rw-p 00000000 00:00 0 
7f0948500000-7f0948504000 ---p 00000000 00:00 0 
7f0948504000-7f0948600000 rw-p 00000000 00:00 0 
7f0948716000-7f0948717000 ---p 00000000 00:00 0 
7f0948717000-7f0948818000 rw-p 00000000 00:00 0 
7f0948818000-7f094881c000 ---p 00000000 00:00 0 
7f094881c000-7f0948918000 rw-p 00000000 00:00 0 
7f0948918000-7f094891c000 ---p 00000000 00:00 0 
7f094891c000-7f0948a18000 rw-p 00000000 00:00 0 
7f0948a18000-7f0948a1c000 ---p 00000000 00:00 0 
7f0948a1c000-7f0948b18000 rw-p 00000000 00:00 0 
7f0948b18000-7f0948b1c000 ---p 00000000 00:00 0 
7f0948b1c000-7f0948d18000 rw-p 00000000 00:00 0 
7f0948d18000-7f0948d1c000 ---p 00000000 00:00 0 
7f0948d1c000-7f0948f18000 rw-p 00000000 00:00 0 
7f0948f18000-7f0948f1c000 ---p 00000000 00:00 0 
7f0948f1c000-7f0949018000 rw-p 00000000 00:00 0 
7f0949018000-7f094901c000 ---p 00000000 00:00 0 
7f094901c000-7f0949118000 rw-p 00000000 00:00 0 
7f0949118000-7f094911c000 ---p 00000000 00:00 0 
7f094911c000-7f0949218000 rw-p 00000000 00:00 0 
7f0949218000-7f09494fe000 r--p 00000000 00:1bc1 28444448                 /usr/lib/locale/locale-archive
7f09494fe000-7f0949502000 ---p 00000000 00:00 0 
7f0949502000-7f09495fe000 rw-p 00000000 00:00 0 
7f09495fe000-7f0949602000 ---p 00000000 00:00 0 
7f0949602000-7f09496fe000 rw-p 00000000 00:00 0 
7f09496fe000-7f09496ff000 ---p 00000000 00:00 0 
7f09496ff000-7f0949c00000 rw-p 00000000 00:00 0 
7f0949c00000-7f0949f00000 rw-p 00000000 00:00 0 
7f0949f00000-7f094a000000 rw-p 00000000 00:00 0 
7f094a061000-7f094a063000 r-xp 00000000 00:1bd1 4611686019135190017      /nix/store/gpxl5qgg8kicmcvivwmybwjlpf7wh20l-graalvm17-ce-22.3.0/lib/libextnet.so
7f094a063000-7f094a064000 r--p 00001000 00:1bd1 4611686019135190017      /nix/store/gpxl5qgg8kicmcvivwmybwjlpf7wh20l-graalvm17-ce-22.3.0/lib/libextnet.so
7f094a064000-7f094a065000 rw-p 00002000 00:1bd1 4611686019135190017      /nix/store/gpxl5qgg8kicmcvivwmybwjlpf7wh20l-graalvm17-ce-22.3.0/lib/libextnet.so
7f094a065000-7f094a066000 rw-p 00004000 00:1bd1 4611686019135190017      /nix/store/gpxl5qgg8kicmcvivwmybwjlpf7wh20l-graalvm17-ce-22.3.0/lib/libextnet.so
7f094a066000-7f094a06a000 ---p 00000000 00:00 0 
7f094a06a000-7f094a088000 rw-p 00000000 00:00 0 
7f094a088000-7f094a08f000 r-xp 00000000 00:1bd1 4611686019135192580      /nix/store/gpxl5qgg8kicmcvivwmybwjlpf7wh20l-graalvm17-ce-22.3.0/lib/libzip.so
7f094a08f000-7f094a090000 ---p 00007000 00:1bd1 4611686019135192580      /nix/store/gpxl5qgg8kicmcvivwmybwjlpf7wh20l-graalvm17-ce-22.3.0/lib/libzip.so
7f094a090000-7f094a091000 r--p 00007000 00:1bd1 4611686019135192580      /nix/store/gpxl5qgg8kicmcvivwmybwjlpf7wh20l-graalvm17-ce-22.3.0/lib/libzip.so
7f094a091000-7f094a092000 rw-p 00008000 00:1bd1 4611686019135192580      /nix/store/gpxl5qgg8kicmcvivwmybwjlpf7wh20l-graalvm17-ce-22.3.0/lib/libzip.so
7f094a092000-7f094a094000 rw-p 0000b000 00:1bd1 4611686019135192580      /nix/store/gpxl5qgg8kicmcvivwmybwjlpf7wh20l-graalvm17-ce-22.3.0/lib/libzip.so
7f094a094000-7f094a0a9000 r-xp 00000000 00:1bd1 4611686019135192570      /nix/store/gpxl5qgg8kicmcvivwmybwjlpf7wh20l-graalvm17-ce-22.3.0/lib/libnet.so
7f094a0a9000-7f094a0aa000 ---p 00015000 00:1bd1 4611686019135192570      /nix/store/gpxl5qgg8kicmcvivwmybwjlpf7wh20l-graalvm17-ce-22.3.0/lib/libnet.so
7f094a0aa000-7f094a0ab000 r--p 00015000 00:1bd1 4611686019135192570      /nix/store/gpxl5qgg8kicmcvivwmybwjlpf7wh20l-graalvm17-ce-22.3.0/lib/libnet.so
7f094a0ab000-7f094a0ac000 rw-p 00016000 00:1bd1 4611686019135192570      /nix/store/gpxl5qgg8kicmcvivwmybwjlpf7wh20l-graalvm17-ce-22.3.0/lib/libnet.so
7f094a0ac000-7f094a0af000 rw-p 0001b000 00:1bd1 4611686019135192570      /nix/store/gpxl5qgg8kicmcvivwmybwjlpf7wh20l-graalvm17-ce-22.3.0/lib/libnet.so
7f094a0af000-7f094b4b3000 rw-p 00000000 00:00 0 
7f094b4b3000-7f094b723000 rwxp 00000000 00:00 0 
7f094b723000-7f094ba42000 ---p 00000000 00:00 0 
7f094ba42000-7f094c9d2000 rwxp 00000000 00:00 0 
7f094c9d2000-7f0952f7a000 ---p 00000000 00:00 0 
7f0952f7a000-7f09531ea000 rwxp 00000000 00:00 0 
7f09531ea000-7f095a4b3000 ---p 00000000 00:00 0 
7f095a4b3000-7f0964000000 r--s 00000000 00:1bd1 4611686019135192581      /nix/store/gpxl5qgg8kicmcvivwmybwjlpf7wh20l-graalvm17-ce-22.3.0/lib/modules
7f0964000000-7f096461a000 rw-p 00000000 00:00 0 
7f096461a000-7f0968000000 ---p 00000000 00:00 0 
7f0968003000-7f0968016000 r-xp 00000000 00:1bd1 4611686019135192571      /nix/store/gpxl5qgg8kicmcvivwmybwjlpf7wh20l-graalvm17-ce-22.3.0/lib/libnio.so
7f0968016000-7f0968017000 r--p 00012000 00:1bd1 4611686019135192571      /nix/store/gpxl5qgg8kicmcvivwmybwjlpf7wh20l-graalvm17-ce-22.3.0/lib/libnio.so
7f0968017000-7f0968018000 rw-p 00013000 00:1bd1 4611686019135192571      /nix/store/gpxl5qgg8kicmcvivwmybwjlpf7wh20l-graalvm17-ce-22.3.0/lib/libnio.so
7f0968018000-7f096801d000 rw-p 00019000 00:1bd1 4611686019135192571      /nix/store/gpxl5qgg8kicmcvivwmybwjlpf7wh20l-graalvm17-ce-22.3.0/lib/libnio.so
7f096801d000-7f09680eb000 r-xp 00000000 00:1bd1 4611686019135190036      /nix/store/gpxl5qgg8kicmcvivwmybwjlpf7wh20l-graalvm17-ce-22.3.0/lib/libjsvml.so
7f09680eb000-7f09680ec000 r--p 000cd000 00:1bd1 4611686019135190036      /nix/store/gpxl5qgg8kicmcvivwmybwjlpf7wh20l-graalvm17-ce-22.3.0/lib/libjsvml.so
7f09680ec000-7f09680ed000 rw-p 000ce000 00:1bd1 4611686019135190036      /nix/store/gpxl5qgg8kicmcvivwmybwjlpf7wh20l-graalvm17-ce-22.3.0/lib/libjsvml.so
7f09680ed000-7f09685c1000 rw-p 00000000 00:00 0 
7f09685c1000-7f09685c2000 ---p 00000000 00:00 0 
7f09685c2000-7f096876d000 rw-p 00000000 00:00 0 
7f096876d000-7f0968793000 rw-p 00000000 00:00 0 
7f0968793000-7f09687c3000 ---p 00000000 00:00 0 
7f09687c3000-7f09687c9000 rw-p 00000000 00:00 0 
7f09687c9000-7f09688af000 ---p 00000000 00:00 0 
7f09688af000-7f09688cf000 rw-p 00000000 00:00 0 
7f09688cf000-7f096899a000 ---p 00000000 00:00 0 
7f096899a000-7f096899f000 rw-p 00000000 00:00 0 
7f096899f000-7f09689a6000 ---p 00000000 00:00 0 
7f09689a6000-7f09689ca000 r-xp 00000000 00:1bd1 4611686019135190028      /nix/store/gpxl5qgg8kicmcvivwmybwjlpf7wh20l-graalvm17-ce-22.3.0/lib/libjava.so
7f09689ca000-7f09689cb000 ---p 00024000 00:1bd1 4611686019135190028      /nix/store/gpxl5qgg8kicmcvivwmybwjlpf7wh20l-graalvm17-ce-22.3.0/lib/libjava.so
7f09689cb000-7f09689cc000 r--p 00024000 00:1bd1 4611686019135190028      /nix/store/gpxl5qgg8kicmcvivwmybwjlpf7wh20l-graalvm17-ce-22.3.0/lib/libjava.so
7f09689cc000-7f09689cd000 rw-p 00025000 00:1bd1 4611686019135190028      /nix/store/gpxl5qgg8kicmcvivwmybwjlpf7wh20l-graalvm17-ce-22.3.0/lib/libjava.so
7f09689cd000-7f09689ce000 rw-p 00000000 00:00 0 
7f09689ce000-7f09689d5000 rw-p 0002f000 00:1bd1 4611686019135190028      /nix/store/gpxl5qgg8kicmcvivwmybwjlpf7wh20l-graalvm17-ce-22.3.0/lib/libjava.so
7f09689d5000-7f09689dd000 rw-s 00000000 00:1bd7 350                      /tmp/hsperfdata_runner/26
7f09689dd000-7f09689de000 ---p 00000000 00:00 0 
7f09689de000-7f09689df000 r--p 00000000 00:00 0 
7f09689df000-7f09689e0000 rwxp 00000000 00:00 0 
7f09689e0000-7f09689fb000 r-xp 00000000 00:1bd1 4611686019135190032      /nix/store/gpxl5qgg8kicmcvivwmybwjlpf7wh20l-graalvm17-ce-22.3.0/lib/libjimage.so
7f09689fb000-7f09689fc000 ---p 0001b000 00:1bd1 4611686019135190032      /nix/store/gpxl5qgg8kicmcvivwmybwjlpf7wh20l-graalvm17-ce-22.3.0/lib/libjimage.so
7f09689fc000-7f09689fe000 r--p 0001b000 00:1bd1 4611686019135190032      /nix/store/gpxl5qgg8kicmcvivwmybwjlpf7wh20l-graalvm17-ce-22.3.0/lib/libjimage.so
7f09689fe000-7f09689ff000 rw-p 0001d000 00:1bd1 4611686019135190032      /nix/store/gpxl5qgg8kicmcvivwmybwjlpf7wh20l-graalvm17-ce-22.3.0/lib/libjimage.so
7f09689ff000-7f0968a00000 rw-p 00024000 00:1bd1 4611686019135190032      /nix/store/gpxl5qgg8kicmcvivwmybwjlpf7wh20l-graalvm17-ce-22.3.0/lib/libjimage.so
7f0968a00000-7f0968a04000 ---p 00000000 00:00 0 
7f0968a04000-7f0968b00000 rw-p 00000000 00:00 0 
7f0968b00000-7f0968b0e000 r--p 00000000 00:1bd1 4611686019027979927      /nix/store/4nlgxhb09sdr51nc9hdm8az5b08vzkgx-glibc-2.35-163/lib/libm.so.6
7f0968b0e000-7f0968b81000 r-xp 0000e000 00:1bd1 4611686019027979927      /nix/store/4nlgxhb09sdr51nc9hdm8az5b08vzkgx-glibc-2.35-163/lib/libm.so.6
7f0968b81000-7f0968bde000 r--p 00081000 00:1bd1 4611686019027979927      /nix/store/4nlgxhb09sdr51nc9hdm8az5b08vzkgx-glibc-2.35-163/lib/libm.so.6
7f0968bde000-7f0968bdf000 r--p 000dd000 00:1bd1 4611686019027979927      /nix/store/4nlgxhb09sdr51nc9hdm8az5b08vzkgx-glibc-2.35-163/lib/libm.so.6
7f0968bdf000-7f0968be0000 rw-p 000de000 00:1bd1 4611686019027979927      /nix/store/4nlgxhb09sdr51nc9hdm8az5b08vzkgx-glibc-2.35-163/lib/libm.so.6
7f0968be0000-7f0968be1000 r--p 00000000 00:1bd1 4611686019027979946      /nix/store/4nlgxhb09sdr51nc9hdm8az5b08vzkgx-glibc-2.35-163/lib/librt.so.1
7f0968be1000-7f0968be2000 r-xp 00001000 00:1bd1 4611686019027979946      /nix/store/4nlgxhb09sdr51nc9hdm8az5b08vzkgx-glibc-2.35-163/lib/librt.so.1
7f0968be2000-7f0968be3000 r--p 00002000 00:1bd1 4611686019027979946      /nix/store/4nlgxhb09sdr51nc9hdm8az5b08vzkgx-glibc-2.35-163/lib/librt.so.1
7f0968be3000-7f0968be4000 r--p 00002000 00:1bd1 4611686019027979946      /nix/store/4nlgxhb09sdr51nc9hdm8az5b08vzkgx-glibc-2.35-163/lib/librt.so.1
7f0968be4000-7f0968be5000 rw-p 00003000 00:1bd1 4611686019027979946      /nix/store/4nlgxhb09sdr51nc9hdm8az5b08vzkgx-glibc-2.35-163/lib/librt.so.1
7f0968be5000-7f0969cf8000 r-xp 00000000 00:1bd1 4611686019135360866      /nix/store/gpxl5qgg8kicmcvivwmybwjlpf7wh20l-graalvm17-ce-22.3.0/lib/server/libjvm.so
7f0969cf8000-7f0969cf9000 ---p 01113000 00:1bd1 4611686019135360866      /nix/store/gpxl5qgg8kicmcvivwmybwjlpf7wh20l-graalvm17-ce-22.3.0/lib/server/libjvm.so
7f0969cf9000-7f0969dae000 r--p 01113000 00:1bd1 4611686019135360866      /nix/store/gpxl5qgg8kicmcvivwmybwjlpf7wh20l-graalvm17-ce-22.3.0/lib/server/libjvm.so
7f0969dae000-7f0969de2000 rw-p 011c8000 00:1bd1 4611686019135360866      /nix/store/gpxl5qgg8kicmcvivwmybwjlpf7wh20l-graalvm17-ce-22.3.0/lib/server/libjvm.so
7f0969de2000-7f0969e3e000 rw-p 00000000 00:00 0 
7f0969e3e000-7f0969e66000 r--p 00000000 00:1bd1 4611686019027979918      /nix/store/4nlgxhb09sdr51nc9hdm8az5b08vzkgx-glibc-2.35-163/lib/libc.so.6
7f0969e66000-7f0969fdc000 r-xp 00028000 00:1bd1 4611686019027979918      /nix/store/4nlgxhb09sdr51nc9hdm8az5b08vzkgx-glibc-2.35-163/lib/libc.so.6
7f0969fdc000-7f096a034000 r--p 0019e000 00:1bd1 4611686019027979918      /nix/store/4nlgxhb09sdr51nc9hdm8az5b08vzkgx-glibc-2.35-163/lib/libc.so.6
7f096a034000-7f096a038000 r--p 001f6000 00:1bd1 4611686019027979918      /nix/store/4nlgxhb09sdr51nc9hdm8az5b08vzkgx-glibc-2.35-163/lib/libc.so.6
7f096a038000-7f096a03a000 rw-p 001fa000 00:1bd1 4611686019027979918      /nix/store/4nlgxhb09sdr51nc9hdm8az5b08vzkgx-glibc-2.35-163/lib/libc.so.6
7f096a03a000-7f096a049000 rw-p 00000000 00:00 0 
7f096a049000-7f096a04a000 r--p 00000000 00:1bd1 4611686019027979923      /nix/store/4nlgxhb09sdr51nc9hdm8az5b08vzkgx-glibc-2.35-163/lib/libdl.so.2
7f096a04a000-7f096a04b000 r-xp 00001000 00:1bd1 4611686019027979923      /nix/store/4nlgxhb09sdr51nc9hdm8az5b08vzkgx-glibc-2.35-163/lib/libdl.so.2
7f096a04b000-7f096a04c000 r--p 00002000 00:1bd1 4611686019027979923      /nix/store/4nlgxhb09sdr51nc9hdm8az5b08vzkgx-glibc-2.35-163/lib/libdl.so.2
7f096a04c000-7f096a04d000 r--p 00002000 00:1bd1 4611686019027979923      /nix/store/4nlgxhb09sdr51nc9hdm8az5b08vzkgx-glibc-2.35-163/lib/libdl.so.2
7f096a04d000-7f096a04e000 rw-p 00003000 00:1bd1 4611686019027979923      /nix/store/4nlgxhb09sdr51nc9hdm8az5b08vzkgx-glibc-2.35-163/lib/libdl.so.2
7f096a04e000-7f096a04f000 r--p 00000000 00:1bd1 4611686019027979942      /nix/store/4nlgxhb09sdr51nc9hdm8az5b08vzkgx-glibc-2.35-163/lib/libpthread.so.0
7f096a04f000-7f096a050000 r-xp 00001000 00:1bd1 4611686019027979942      /nix/store/4nlgxhb09sdr51nc9hdm8az5b08vzkgx-glibc-2.35-163/lib/libpthread.so.0
7f096a050000-7f096a051000 r--p 00002000 00:1bd1 4611686019027979942      /nix/store/4nlgxhb09sdr51nc9hdm8az5b08vzkgx-glibc-2.35-163/lib/libpthread.so.0
7f096a051000-7f096a052000 r--p 00002000 00:1bd1 4611686019027979942      /nix/store/4nlgxhb09sdr51nc9hdm8az5b08vzkgx-glibc-2.35-163/lib/libpthread.so.0
7f096a052000-7f096a053000 rw-p 00003000 00:1bd1 4611686019027979942      /nix/store/4nlgxhb09sdr51nc9hdm8az5b08vzkgx-glibc-2.35-163/lib/libpthread.so.0
7f096a053000-7f096a061000 r-xp 00000000 00:1bd1 4611686019135190033      /nix/store/gpxl5qgg8kicmcvivwmybwjlpf7wh20l-graalvm17-ce-22.3.0/lib/libjli.so
7f096a061000-7f096a062000 ---p 0000e000 00:1bd1 4611686019135190033      /nix/store/gpxl5qgg8kicmcvivwmybwjlpf7wh20l-graalvm17-ce-22.3.0/lib/libjli.so
7f096a062000-7f096a063000 r--p 0000e000 00:1bd1 4611686019135190033      /nix/store/gpxl5qgg8kicmcvivwmybwjlpf7wh20l-graalvm17-ce-22.3.0/lib/libjli.so
7f096a063000-7f096a064000 rw-p 0000f000 00:1bd1 4611686019135190033      /nix/store/gpxl5qgg8kicmcvivwmybwjlpf7wh20l-graalvm17-ce-22.3.0/lib/libjli.so
7f096a064000-7f096a065000 rw-p 00012000 00:1bd1 4611686019135190033      /nix/store/gpxl5qgg8kicmcvivwmybwjlpf7wh20l-graalvm17-ce-22.3.0/lib/libjli.so
7f096a065000-7f096a068000 r--p 00000000 00:1bd1 4611686019106210071      /nix/store/026hln0aq1hyshaxsdvhg0kmcm6yf45r-zlib-1.2.13/lib/libz.so.1.2.13
7f096a068000-7f096a07a000 r-xp 00003000 00:1bd1 4611686019106210071      /nix/store/026hln0aq1hyshaxsdvhg0kmcm6yf45r-zlib-1.2.13/lib/libz.so.1.2.13
7f096a07a000-7f096a081000 r--p 00015000 00:1bd1 4611686019106210071      /nix/store/026hln0aq1hyshaxsdvhg0kmcm6yf45r-zlib-1.2.13/lib/libz.so.1.2.13
7f096a081000-7f096a082000 r--p 0001b000 00:1bd1 4611686019106210071      /nix/store/026hln0aq1hyshaxsdvhg0kmcm6yf45r-zlib-1.2.13/lib/libz.so.1.2.13
7f096a082000-7f096a083000 rw-p 0001c000 00:1bd1 4611686019106210071      /nix/store/026hln0aq1hyshaxsdvhg0kmcm6yf45r-zlib-1.2.13/lib/libz.so.1.2.13
7f096a083000-7f096a085000 rw-p 00000000 00:00 0 
7f096a085000-7f096a087000 r--p 00000000 00:1bd1 4611686019027979912      /nix/store/4nlgxhb09sdr51nc9hdm8az5b08vzkgx-glibc-2.35-163/lib/ld-linux-x86-64.so.2
7f096a087000-7f096a0ae000 r-xp 00002000 00:1bd1 4611686019027979912      /nix/store/4nlgxhb09sdr51nc9hdm8az5b08vzkgx-glibc-2.35-163/lib/ld-linux-x86-64.so.2
7f096a0ae000-7f096a0ba000 r--p 00029000 00:1bd1 4611686019027979912      /nix/store/4nlgxhb09sdr51nc9hdm8az5b08vzkgx-glibc-2.35-163/lib/ld-linux-x86-64.so.2
7f096a0ba000-7f096a0bc000 r--p 00034000 00:1bd1 4611686019027979912      /nix/store/4nlgxhb09sdr51nc9hdm8az5b08vzkgx-glibc-2.35-163/lib/ld-linux-x86-64.so.2
7f096a0bc000-7f096a0be000 rw-p 00036000 00:1bd1 4611686019027979912      /nix/store/4nlgxhb09sdr51nc9hdm8az5b08vzkgx-glibc-2.35-163/lib/ld-linux-x86-64.so.2
7fff4d72d000-7fff4d751000 rw-p 00000000 00:00 0                          [stack]
7fff4d7f1000-7fff4d7f5000 r--p 00000000 00:00 0                          [vvar]
7fff4d7f5000-7fff4d7f7000 r-xp 00000000 00:00 0                          [vdso]
ffffffffff600000-ffffffffff601000 --xp 00000000 00:00 0                  [vsyscall]


VM Arguments:
jvm_args: -XX:ThreadPriorityPolicy=1 -XX:+UnlockExperimentalVMOptions -XX:+EnableJVMCIProduct -XX:JVMCIThreadsPerNativeLibraryRuntime=1 -XX:-UnlockExperimentalVMOptions -Declipse.application=org.eclipse.jdt.ls.core.id1 -Dosgi.bundles.defaultStartLevel=4 -Declipse.product=org.eclipse.jdt.ls.core.product -Dlog.level=ALL -Xverify:none -XX:+UseParallelGC -XX:GCTimeRatio=4 -XX:AdaptiveSizePolicyWeight=90 -Dsun.zip.disableMemoryMapping=true -Xmx512m -Xms100m 
java_command: /nix/store/m6gcpi1ii6rghy04cjwjddcavv7i90df-jdt-language-server-1.9.0/share/java/plugins/org.eclipse.equinox.launcher_1.6.400.v20210924-0641.jar --add-modules=ALL-SYSTEM --add-opens java.base/java.util=ALL-UNNAMED --add-opens java.base/java.lang=ALL-UNNAMED -configuration /home/runner/.cache/jdt-language-server/config -data /home/runner/.cache/jdt-language-server/data/home/runner/DimpledRoughSale
java_class_path (initial): /nix/store/m6gcpi1ii6rghy04cjwjddcavv7i90df-jdt-language-server-1.9.0/share/java/plugins/org.eclipse.equinox.launcher_1.6.400.v20210924-0641.jar
Launcher Type: SUN_STANDARD

[Global flags]
    uintx AdaptiveSizePolicyWeight                 = 90                                        {product} {command line}
     intx CICompilerCount                          = 2                                         {product} {ergonomic}
     bool EnableJVMCIProduct                       = true                                {JVMCI product} {jimage}
    uintx GCTimeRatio                              = 4                                         {product} {command line}
   size_t InitialHeapSize                          = 104857600                                 {product} {command line}
     uint JVMCIThreadsPerNativeLibraryRuntime      = 1                                   {JVMCI product} {jimage}
   size_t MaxHeapSize                              = 536870912                                 {product} {command line}
   size_t MaxNewSize                               = 178782208                                 {product} {ergonomic}
   size_t MinHeapDeltaBytes                        = 524288                                    {product} {ergonomic}
   size_t MinHeapSize                              = 104857600                                 {product} {command line}
   size_t NewSize                                  = 34603008                                  {product} {ergonomic}
    uintx NonNMethodCodeHeapSize                   = 5826188                                {pd product} {ergonomic}
    uintx NonProfiledCodeHeapSize                  = 122916026                              {pd product} {ergonomic}
   size_t OldSize                                  = 70254592                                  {product} {ergonomic}
    uintx ProfiledCodeHeapSize                     = 122916026                              {pd product} {ergonomic}
    uintx ReservedCodeCacheSize                    = 251658240                              {pd product} {ergonomic}
     bool SegmentedCodeCache                       = true                                      {product} {ergonomic}
   size_t SoftMaxHeapSize                          = 536870912                              {manageable} {ergonomic}
     intx ThreadPriorityPolicy                     = 1                                         {product} {jimage}
     bool UseCompressedClassPointers               = true                           {product lp64_product} {ergonomic}
     bool UseCompressedOops                        = true                           {product lp64_product} {ergonomic}
     bool UseParallelGC                            = true                                      {product} {command line}

Logging:
Log output configuration:
 #0: stdout all=warning uptime,level,tags
 #1: stderr all=off uptime,level,tags

Environment Variables:
JAVA_HOME=/nix/store/gpxl5qgg8kicmcvivwmybwjlpf7wh20l-graalvm17-ce-22.3.0
PATH=/nix/store/1d6ian3r8kdzspw8hacjhl3xkp40g1lj-binutils-wrapper-2.39/bin:/nix/store/dq0xwmsk1g0i2ayg6pb7y87na2knzylh-gcc-wrapper-11.3.0/bin:/nix/store/bap4d0lpcrhpwmpb8ayjcgkmvfj62lnq-bash-interactive-5.1-p16/bin:/nix/store/pr5n59mb4jzmfx6kanwxly0l07p861fg-patchelf-0.15.0/bin:/nix/store/1gf2flfqnpqbr1b4p4qz2f72y42bs56r-gcc-11.3.0/bin:/nix/store/57xv61c5zi8pphjbcwxxjlgc34p61ic9-glibc-2.35-163-bin/bin:/nix/store/a7gvj343m05j2s32xcnwr35v31ynlypr-coreutils-9.1/bin:/nix/store/039g378vc3pc3dvi9dzdlrd0i4q93qwf-binutils-2.39/bin:/nix/store/gpxl5qgg8kicmcvivwmybwjlpf7wh20l-graalvm17-ce-22.3.0/bin:/nix/store/6z9ag3ihc8mq2hzsw48lhbznvzny65nz-apache-maven-3.8.6/bin:/nix/store/m6gcpi1ii6rghy04cjwjddcavv7i90df-jdt-language-server-1.9.0/bin:/nix/store/84xs5alhs01zrbr4ywm05kxbjbp5590l-java-debug/bin:/nix/store/mydc6f4k2z73xlcz7ilif3v2lcaiqvza-findutils-4.9.0/bin:/nix/store/j9p3g8472iijd50vhdprx0nmk2fqn5gv-diffutils-3.8/bin:/nix/store/89zs7rms6x00xfq4dq6m7mjnhkr8a6r4-gnused-4.8/bin:/nix/store/86bp03jkmsl6f92w0yzg4s59g5mhxwmy-gnugrep-3.7/bin:/nix/store/hwcdqw4jrjnd37wxqgsd47hd0j8bnj09-gawk-5.1.1/bin:/nix/store/cfbhw8r8ags41vwqaz47r583d0p4h4a1-gnutar-1.34/bin:/nix/store/p3m1ndl1lapwrlh698bnb5lvvxh67378-gzip-1.12/bin:/nix/store/a8mhcagrsly7c7mpjrpsnaahk4aax056-bzip2-1.0.8-bin/bin:/nix/store/mblgz65m3zv9x548a3d5m96fj2pbwr09-gnumake-4.3/bin:/nix/store/dsd5gz46hdbdk2rfdimqddhq6m8m8fqs-bash-5.1-p16/bin:/nix/store/v7ljksji50mg3w61dykaa3n3y79n6nil-patch-2.7.6/bin:/nix/store/zlcnmqq14jz5x9439jf937mvayyl63da-xz-5.2.7-bin/bin:/nix/store/y6aj732zm9m87c82fpvf103a1xb22blp-file-5.43/bin:/nix/store/sgqd0ajghcv2axfl1lad0b1alyavp0dc-prybar-elisp-0.0.0-67f7a00/bin:/nix/store/p3hsvljpgs68jqwar41lc0jqhjj734lf-prybar-lua-0.0.0-67f7a00/bin:/nix/store/qzxs2gybds3s9kb1vkaflpgm2nwr85fh-prybar-python3-0.0.0-67f7a00/bin:/nix/store/km94z9mxp8w4m8gxxp5mbfpdf3nkfvd8-prybar-sqlite-0.0.0-67f7a00/bin:/nix/store/2pnc7b76asw0z59c4l6h6qy8arwqrii1-prybar-tcl-0.0.0-67f7a00/bin:/nix/store/hpbvrlwd5viqmvcaisb3x0118i913a9n-st
LD_LIBRARY_PATH=/nix/store/a4pff549sk2idnkpzk5nsfps3mdkdnvm-cups-2.4.2-lib/lib:/nix/store/72mqxxhh3cy5yifh92wh2yb8cl2hikyy-cairo-1.16.0/lib:/nix/store/2k366jrbsra97gjfxwvrhvixjfxdach5-glib-2.74.1/lib:/nix/store/2j2znigd8ak37rlwh9khz0ry3clqlw1l-gtk+3-3.24.34/lib:/nix/store/hisqvx32cd57apbpcsnkpx6k3549wql1-libglvnd-1.4.0/lib:/nix/store/p36pgcv991mq5srvg765b78yqpxvk3qs-mesa-21.3.3-drivers/lib:/nix/store/mav4251if1ahjq5vkpwycyyvnmy459c4-pulseaudio-14.2/lib
DISPLAY=:0
LANG=en_US.UTF-8

Signal Handlers:
   SIGSEGV: crash_handler in libjvm.so, mask=11100100010111111101111111111110, flags=SA_RESTART|SA_SIGINFO
    SIGBUS: crash_handler in libjvm.so, mask=11100100010111111101111111111110, flags=SA_RESTART|SA_SIGINFO
    SIGFPE: crash_handler in libjvm.so, mask=11100100010111111101111111111110, flags=SA_RESTART|SA_SIGINFO
   SIGPIPE: IsolateEnterStub_IgnoreSIGPIPEStartupHook_noopSignalHandler_8f19bff2f35b5f630d83b364d6b2339320d4ec70_216e8361c6bc87a8f89f58cc10d3b2fd4415bf87 in libjvmcicompiler.so, mask=00000000000000000000000000000000, flags=SA_RESTART
  *** Handler was modified!
  *** Expected: javaSignalHandler in libjvm.so, mask=11100100110111111111111111111110, flags=SA_RESTART|SA_SIGINFO
   SIGXFSZ: javaSignalHandler in libjvm.so, mask=11100100010111111101111111111110, flags=SA_RESTART|SA_SIGINFO
    SIGILL: crash_handler in libjvm.so, mask=11100100010111111101111111111110, flags=SA_RESTART|SA_SIGINFO
   SIGUSR2: SR_handler in libjvm.so, mask=00000000000000000000000000000000, flags=SA_RESTART|SA_SIGINFO
    SIGHUP: UserHandler in libjvm.so, mask=11100100010111111101111111111110, flags=SA_RESTART|SA_SIGINFO
    SIGINT: UserHandler in libjvm.so, mask=11100100010111111101111111111110, flags=SA_RESTART|SA_SIGINFO
   SIGTERM: UserHandler in libjvm.so, mask=11100100010111111101111111111110, flags=SA_RESTART|SA_SIGINFO
   SIGQUIT: UserHandler in libjvm.so, mask=11100100010111111101111111111110, flags=SA_RESTART|SA_SIGINFO
  *** Handler was modified!
  *** Expected: javaSignalHandler in libjvm.so, mask=11100100110111111111111111111110, flags=SA_RESTART|SA_SIGINFO
   SIGTRAP: crash_handler in libjvm.so, mask=11100100010111111101111111111110, flags=SA_RESTART|SA_SIGINFO


---------------  S Y S T E M  ---------------

OS:
DISTRIB_ID=Ubuntu
DISTRIB_RELEASE=20.04
DISTRIB_CODENAME=focal
DISTRIB_DESCRIPTION="Ubuntu 20.04.2 LTS"
uname: Linux 5.15.0-1029-gcp #36~20.04.1-Ubuntu SMP Tue Jan 24 16:54:15 UTC 2023 x86_64
OS uptime: 0 days 6:04 hours
libc: glibc 2.35 NPTL 2.35 
rlimit (soft/hard): STACK 8192k/infinity , CORE infinity/infinity , NPROC infinity/infinity , NOFILE 5242/5242 , AS infinity/infinity , CPU infinity/infinity , DATA infinity/infinity , FSIZE infinity/infinity , MEMLOCK 64k/64k
load average: 9.28 11.21 11.80

/proc/meminfo:
MemTotal:       65852724 kB
MemFree:        26661668 kB
MemAvailable:   47849204 kB
Buffers:         1939572 kB
Cached:         17886660 kB
SwapCached:            0 kB
Active:          8062972 kB
Inactive:       27264204 kB
Active(anon):      14144 kB
Inactive(anon): 15113964 kB
Active(file):    8048828 kB
Inactive(file): 12150240 kB
Unevictable:       42864 kB
Mlocked:           42864 kB
SwapTotal:             0 kB
SwapFree:              0 kB
Dirty:              2280 kB
Writeback:             0 kB
AnonPages:      14744920 kB
Mapped:          1944496 kB
Shmem:             50540 kB
KReclaimable:    1715068 kB
Slab:            2902188 kB
SReclaimable:    1715068 kB
SUnreclaim:      1187120 kB
KernelStack:      398544 kB
PageTables:       164644 kB
NFS_Unstable:          0 kB
Bounce:                0 kB
WritebackTmp:          0 kB
CommitLimit:    32926360 kB
Committed_AS:   64001924 kB
VmallocTotal:   34359738367 kB
VmallocUsed:      435224 kB
VmallocChunk:          0 kB
Percpu:            59776 kB
HardwareCorrupted:     0 kB
AnonHugePages:    763904 kB
ShmemHugePages:        0 kB
ShmemPmdMapped:        0 kB
FileHugePages:         0 kB
FilePmdMapped:         0 kB
HugePages_Total:       0
HugePages_Free:        0
HugePages_Rsvd:        0
HugePages_Surp:        0
Hugepagesize:       2048 kB
Hugetlb:               0 kB
DirectMap4k:     3765056 kB
DirectMap2M:    43417600 kB
DirectMap1G:    22020096 kB

/sys/kernel/mm/transparent_hugepage/enabled: always [madvise] never
/sys/kernel/mm/transparent_hugepage/defrag (defrag/compaction efforts parameter): always defer defer+madvise [madvise] never

Process Memory:
Virtual Size: 4655192K (peak: 4734780K)
Resident Set Size: 768940K (peak: 802424K) (anon: 574224K, file: 194716K, shmem: 0K)
Swapped out: 0K
C-Heap outstanding allocations: 41319K, retained: 14804K
glibc malloc tunables: (default)

/proc/sys/kernel/threads-max (system-wide limit on the number of threads): 514406
/proc/sys/vm/max_map_count (maximum number of memory map areas a process may have): 65530
/proc/sys/kernel/pid_max (system-wide limit on number of process identifiers): 4194304

container (cgroup) information:
container_type: cgroupv1
cpu_cpuset_cpus: 2-7
cpu_memory_nodes: 0
active_processor_count: 1
cpu_quota: 50000
cpu_period: 100000
cpu_shares: 512
memory_limit_in_bytes: 1048576 k
memory_and_swap_limit_in_bytes: 1048576 k
memory_soft_limit_in_bytes: 524288 k
memory_usage_in_bytes: 612176 k
memory_max_usage_in_bytes: 637852 k
maximum number of tasks: 1000
current number of tasks: 50

KVM virtualization detected
Steal ticks since vm start: 0
Steal ticks percentage since vm start:  0.000

CPU: total 8 (initial active 1) (8 cores per cpu, 2 threads per core) family 23 model 49 stepping 0 microcode 0xffffffff, cx8, cmov, fxsr, ht, mmx, 3dnowpref, sse, sse2, sse3, ssse3, sse4a, sse4.1, sse4.2, popcnt, lzcnt, tsc, tscinvbit, avx, avx2, aes, clmul, bmi1, bmi2, adx, sha, fma, vzeroupper, clflush, clflushopt, hv
CPU Model and flags from /proc/cpuinfo:
model name	: AMD EPYC 7B12
flags		: fpu vme de pse tsc msr pae mce cx8 apic sep mtrr pge mca cmov pat pse36 clflush mmx fxsr sse sse2 ht syscall nx mmxext fxsr_opt pdpe1gb rdtscp lm constant_tsc rep_good nopl nonstop_tsc cpuid extd_apicid tsc_known_freq pni pclmulqdq ssse3 fma cx16 sse4_1 sse4_2 movbe popcnt aes xsave avx f16c rdrand hypervisor lahf_lm cmp_legacy cr8_legacy abm sse4a misalignsse 3dnowprefetch osvw topoext ssbd ibrs ibpb stibp vmmcall fsgsbase tsc_adjust bmi1 avx2 smep bmi2 rdseed adx smap clflushopt clwb sha_ni xsaveopt xsavec xgetbv1 clzero xsaveerptr arat npt nrip_save umip rdpid

Online cpus: 0-7
Offline cpus: 
BIOS frequency limitation: <Not Available>
Frequency switch latency (ns): <Not Available>
Available cpu frequencies: <Not Available>
Current governor: <Not Available>
Core performance/turbo boost: <Not Available>

Memory: 4k page, physical 1048576k(436392k free), swap 0k(0k free)
Page Sizes: 4k

vm_info: OpenJDK 64-Bit Server VM (17.0.5+8-jvmci-22.3-b08) for linux-amd64 JRE (17.0.5+8-jvmci-22.3-b08), built on Oct 19 2022 09:01:27 by "buildslave" with gcc 10.3.0

END.
