#
# A fatal error has been detected by the Java Runtime Environment:
#
#  Internal Error (jvmciRuntime.cpp:1609), pid=32, tid=47
#  fatal error: Fatal exception in JVMCI: Error calling jdk.vm.ci.services.Services.serializeSavedProperties
#
# JRE version: OpenJDK Runtime Environment GraalVM CE 22.3.0 (17.0.5+8) (build 17.0.5+8-jvmci-22.3-b08)
# Java VM: OpenJDK 64-Bit Server VM GraalVM CE 22.3.0 (17.0.5+8-jvmci-22.3-b08, mixed mode, sharing, tiered, jvmci, jvmci compiler, compressed oops, compressed class ptrs, parallel gc, linux-amd64)
# Problematic frame:
# V  [libjvm.so+0x972714]  JVMCIRuntime::fatal_exception(JVMCIEnv*, char const*)+0x74
#
# Core dump will be written. Default location: Core dumps may be processed with "/usr/share/apport/apport -p%p -s%s -c%c -d%d -P%P -u%u -g%g -- %E" (or dumping to /home/runner/DimpledRoughSale/core.32)
#
# If you would like to submit a bug report, please visit:
#   https://github.com/oracle/graal/issues
#

---------------  S U M M A R Y ------------

Command Line: -XX:ThreadPriorityPolicy=1 -XX:+UnlockExperimentalVMOptions -XX:+EnableJVMCIProduct -XX:JVMCIThreadsPerNativeLibraryRuntime=1 -XX:-UnlockExperimentalVMOptions -Declipse.application=org.eclipse.jdt.ls.core.id1 -Dosgi.bundles.defaultStartLevel=4 -Declipse.product=org.eclipse.jdt.ls.core.product -Dlog.level=ALL -Xverify:none -XX:+UseParallelGC -XX:GCTimeRatio=4 -XX:AdaptiveSizePolicyWeight=90 -Dsun.zip.disableMemoryMapping=true -Xmx512m -Xms100m /nix/store/m6gcpi1ii6rghy04cjwjddcavv7i90df-jdt-language-server-1.9.0/share/java/plugins/org.eclipse.equinox.launcher_1.6.400.v20210924-0641.jar --add-modules=ALL-SYSTEM --add-opens java.base/java.util=ALL-UNNAMED --add-opens java.base/java.lang=ALL-UNNAMED -configuration /home/runner/.cache/jdt-language-server/config -data /home/runner/.cache/jdt-language-server/data/home/runner/DimpledRoughSale

Host: Intel(R) Xeon(R) CPU @ 2.30GHz, 16 cores, 1G, Ubuntu 20.04.2 LTS
Time: Thu Mar  2 16:05:27 2023 UTC elapsed time: 2121.094636 seconds (0d 0h 35m 21s)

---------------  T H R E A D  ---------------

Current thread (0x00007f73f00b2100):  JavaThread "JVMCI-native CompilerThread0" daemon [_thread_in_vm, id=47, stack(0x00007f73d4918000,0x00007f73d4b18000)]


Current CompileTask:
JVMCI-native:2121095 8214       4       org.eclipse.core.internal.dtree.AbstractDataTreeNode::childAtOrNull (21 bytes)

Stack: [0x00007f73d4918000,0x00007f73d4b18000],  sp=0x00007f73d4b16380,  free space=2040k
Native frames: (J=compiled Java code, j=interpreted, Vv=VM code, C=native code)
V  [libjvm.so+0x972714]  JVMCIRuntime::fatal_exception(JVMCIEnv*, char const*)+0x74
V  [libjvm.so+0x93e2fe]  JVMCIEnv::copy_saved_properties()+0x14e
V  [libjvm.so+0x9732a9]  JVMCIRuntime::initialize(JVMCIEnv*)+0xb19
V  [libjvm.so+0x9738a2]  JVMCIRuntime::get_HotSpotJVMCIRuntime(JVMCIEnv*)+0x12
V  [libjvm.so+0x9749f2]  JVMCIRuntime::compile_method(JVMCIEnv*, JVMCICompiler*, methodHandle const&, int)+0xd2
V  [libjvm.so+0x5b0d20]  CompileBroker::invoke_compiler_on_method(CompileTask*)+0x1470
V  [libjvm.so+0x5b12e8]  CompileBroker::compiler_thread_loop()+0x528
V  [libjvm.so+0xd82460]  JavaThread::thread_main_inner()+0xd0
V  [libjvm.so+0xd85a40]  Thread::call_run()+0xc0
V  [libjvm.so+0xbdb1e1]  thread_native_entry(Thread*)+0xe1

Register to memory mapping:

RAX=0x00007f73f4612000 points into unknown readable memory: 0x0000000000000058 | 58 00 00 00 00 00 00 00
RBX=0x00007f73f570d398: <offset 0x0000000000ef5398> in /nix/store/gpxl5qgg8kicmcvivwmybwjlpf7wh20l-graalvm17-ce-22.3.0/lib/server/libjvm.so at 0x00007f73f4818000
RCX=0x00007f73f56c51e8: <offset 0x0000000000ead1e8> in /nix/store/gpxl5qgg8kicmcvivwmybwjlpf7wh20l-graalvm17-ce-22.3.0/lib/server/libjvm.so at 0x00007f73f4818000
RDX=0x0000000000000649 is an unknown value
RSP=0x00007f73d4b16380 is pointing into the stack for thread: 0x00007f73f00b2100
RBP=0x00007f73d4b163a0 is pointing into the stack for thread: 0x00007f73f00b2100
RSI=0x00007f73f570dc48: <offset 0x0000000000ef5c48> in /nix/store/gpxl5qgg8kicmcvivwmybwjlpf7wh20l-graalvm17-ce-22.3.0/lib/server/libjvm.so at 0x00007f73f4818000
RDI=0x00000000e0000000 is an oop: java.lang.String 
{0x00000000e0000000} - klass: 'java/lang/String'
 - string: "resolution"
R8 =0x00007f73f570d398: <offset 0x0000000000ef5398> in /nix/store/gpxl5qgg8kicmcvivwmybwjlpf7wh20l-graalvm17-ce-22.3.0/lib/server/libjvm.so at 0x00007f73f4818000
R9 =0x00007f73d4b16330 is pointing into the stack for thread: 0x00007f73f00b2100
R10=0x00007f73d4b17948 is pointing into the stack for thread: 0x00007f73f00b2100
R11=0x0000000000000293 is an unknown value
R12=0x0 is NULL
R13=0x00007f73f00b2100 is a thread
R14=0x00007f73f0000b80 points into unknown readable memory: 0x00007f73f593ea38 | 38 ea 93 f5 73 7f 00 00
R15=0x00007f73f5a4ce40: <offset 0x0000000001234e40> in /nix/store/gpxl5qgg8kicmcvivwmybwjlpf7wh20l-graalvm17-ce-22.3.0/lib/server/libjvm.so at 0x00007f73f4818000


Registers:
RAX=0x00007f73f4612000, RBX=0x00007f73f570d398, RCX=0x00007f73f56c51e8, RDX=0x0000000000000649
RSP=0x00007f73d4b16380, RBP=0x00007f73d4b163a0, RSI=0x00007f73f570dc48, RDI=0x00000000e0000000
R8 =0x00007f73f570d398, R9 =0x00007f73d4b16330, R10=0x00007f73d4b17948, R11=0x0000000000000293
R12=0x0000000000000000, R13=0x00007f73f00b2100, R14=0x00007f73f0000b80, R15=0x00007f73f5a4ce40
RIP=0x00007f73f518a714, EFLAGS=0x0000000000010206, CSGSFS=0x002b000000000033, ERR=0x0000000000000006
  TRAPNO=0x000000000000000e

Top of Stack: (sp=0x00007f73d4b16380)
0x00007f73d4b16380:   00007f73d4b16940 00007f73f00b2100
0x00007f73d4b16390:   00007f73d64178c8 0000000800c417a0
0x00007f73d4b163a0:   00007f73d4b16500 00007f73f51562fe
0x00007f73d4b163b0:   00007f73d4b163e0 00007f73d4b16440 

Instructions: (pc=0x00007f73f518a714)
0x00007f73f518a614:   30 e8 f6 cf e8 ff 4c 89 e7 e8 2e 48 d1 ff 84 db
0x00007f73f518a624:   75 2a 4d 85 ed 74 04 4d 8b 6d 00 48 83 c4 08 44
0x00007f73f518a634:   89 f9 4c 89 f2 4c 89 ee 5b 4c 89 e7 41 5c 41 5d
0x00007f73f518a644:   41 5e 41 5f 5d e9 e2 47 d1 ff 66 90 48 83 c4 08
0x00007f73f518a654:   5b 41 5c 41 5d 41 5e 41 5f 5d c3 90 31 d2 be 08
0x00007f73f518a664:   00 00 00 4c 89 ff e8 b1 78 a3 ff 49 89 c5 e9 37
0x00007f73f518a674:   ff ff ff 66 0f 1f 84 00 00 00 00 00 48 8b 7a 08
0x00007f73f518a684:   e9 6d ff ff ff 0f 1f 80 00 00 00 00 e8 5b 48 0a
0x00007f73f518a694:   00 84 c0 75 89 e9 6a ff ff ff 66 90 55 48 89 e5
0x00007f73f518a6a4:   41 56 41 55 41 54 49 89 fc 53 48 89 f3 66 48 8d
0x00007f73f518a6b4:   3d 27 5e 85 00 66 66 48 e8 df 43 8d ff 4c 8b 28
0x00007f73f518a6c4:   8b 05 be 72 8a 00 85 c0 75 14 ba 01 00 00 00 48
0x00007f73f518a6d4:   8d 0d ae 72 8a 00 f0 0f b1 11 85 c0 74 4e be c8
0x00007f73f518a6e4:   00 00 00 4c 89 ef e8 01 0b 41 00 48 8d 05 12 ac
0x00007f73f518a6f4:   85 00 49 89 d8 48 8d 0d e8 aa 53 00 ba 49 06 00
0x00007f73f518a704:   00 48 8d 35 3c 35 58 00 bf 00 00 00 e0 48 8b 00
0x00007f73f518a714:   c6 00 58 31 c0 e8 e2 91 c6 ff 5b 41 5c 41 5d 41
0x00007f73f518a724:   5e 5d e9 55 34 26 00 0f 1f 44 00 00 48 8d 05 81
0x00007f73f518a734:   a3 8b 00 48 89 df 4c 8b 30 e8 9e 43 8d ff 48 89
0x00007f73f518a744:   de 48 89 c2 49 8b 06 4c 89 f7 ff 50 08 4c 89 f7
0x00007f73f518a754:   e8 a7 5c 27 00 4d 85 e4 74 12 be 01 00 00 00 4c
0x00007f73f518a764:   89 e7 e8 35 43 fc ff eb 82 0f 1f 00 be 01 00 00
0x00007f73f518a774:   00 4c 89 ef e8 d3 fd ff ff e9 6d ff ff ff 66 66
0x00007f73f518a784:   2e 0f 1f 84 00 00 00 00 00 0f 1f 00 55 48 89 e5
0x00007f73f518a794:   41 57 41 56 41 55 41 54 53 48 81 ec 08 02 00 00
0x00007f73f518a7a4:   64 48 8b 04 25 28 00 00 00 48 89 45 c8 8b 07 83
0x00007f73f518a7b4:   f8 02 0f 84 11 04 00 00 4c 8b 6f 18 49 89 ff 49
0x00007f73f518a7c4:   89 f4 4d 85 ed 74 14 4c 89 ef e8 5d 57 22 00 41
0x00007f73f518a7d4:   8b 07 83 f8 02 0f 84 19 04 00 00 48 8d 1d 9a 06
0x00007f73f518a7e4:   8a 00 4c 8d 35 0b 3c 58 00 eb 38 90 48 85 d2 7f
0x00007f73f518a7f4:   0d 48 8d 05 b4 c0 85 00 48 83 38 00 7e 0e 41 8b
0x00007f73f518a804:   77 2c 4c 89 f7 31 c0 e8 a0 b2 f7 ff 49 8b 7f 18 


Stack slot to memory mapping:
stack at sp + 0 slots: 0x00007f73d4b16940 is pointing into the stack for thread: 0x00007f73f00b2100
stack at sp + 1 slots: 0x00007f73f00b2100 is a thread
stack at sp + 2 slots: 0x00007f73d64178c8 points into unknown readable memory: 0x6573001880c9ffff | ff ff c9 80 18 00 73 65
stack at sp + 3 slots: 0x0000000800c417a0 is a pointer to class: 
jdk.vm.ci.services.Services {0x0000000800c417a0}
 - instance size:     2
 - klass size:        65
 - access:            public final synchronized 
 - state:             fully_initialized
 - name:              'jdk/vm/ci/services/Services'
 - super:             'java/lang/Object'
 - sub:               
 - arrays:            NULL
 - methods:           Array<T>(0x00007f73d5443c38)
 - method ordering:   Array<T>(0x0000000800928960)
 - default_methods:   Array<T>(0x0000000000000000)
 - local interfaces:  Array<T>(0x00000008005ce810)
 - trans. interfaces: Array<T>(0x00000008005ce810)
 - constants:         constant pool [427] {0x00007f73d5442d18} for 'jdk/vm/ci/services/Services' cache=0x00007f73d5444f08
 - class loader data:  loader data: 0x00007f73f00283f0 of 'bootstrap'
 - source file:       'Services.java'
 - class annotations:       Array<T>(0x0000000000000000)
 - class type annotations:  Array<T>(0x0000000000000000)
 - field annotations:       Array<T>(0x0000000000000000)
 - field type annotations:  Array<T>(0x0000000000000000)
 - inner classes:     Array<T>(0x00007f73d5444ed8)
 - nest members:     Array<T>(0x00007f73d5444ef8)
 - permitted subclasses:     Array<T>(0x00000008005ce7a0)
 - java mirror:       a 'java/lang/Class'{0x00000000e0146930} = 'jdk/vm/ci/services/Services'
 - vtable length      5  (start addr: 0x0000000800c41970)
 - itable length      2 (start addr: 0x0000000800c41998)
 - ---- static fields (3 words):
 - public static final 'IS_BUILDING_NATIVE_IMAGE' 'Z' @128 
 - public static final 'IS_IN_NATIVE_IMAGE' 'Z' @129 
 - private static volatile 'savedProperties' 'Ljava/util/Map;' @112 
 - static final 'JVMCI_ENABLED' 'Z' @130 
 - private static final 'servicesCache' 'Ljava/util/Map;' @116 
 - private static final 'MAX_UNICODE_IN_UTF8_LENGTH' 'I' @120 
 - private static final 'MAX_UTF8_PROPERTY_STRING_LENGTH' 'I' @124 
 - ---- non-static fields (0 words):
 - non-static oop maps: 
stack at sp + 4 slots: 0x00007f73d4b16500 is pointing into the stack for thread: 0x00007f73f00b2100
stack at sp + 5 slots: 0x00007f73f51562fe: <offset 0x000000000093e2fe> in /nix/store/gpxl5qgg8kicmcvivwmybwjlpf7wh20l-graalvm17-ce-22.3.0/lib/server/libjvm.so at 0x00007f73f4818000
stack at sp + 6 slots: 0x00007f73d4b163e0 is pointing into the stack for thread: 0x00007f73f00b2100
stack at sp + 7 slots: 0x00007f73d4b16440 is pointing into the stack for thread: 0x00007f73f00b2100


---------------  P R O C E S S  ---------------

Threads class SMR info:
_java_thread_list=0x00007f73581b13f0, length=28, elements={
0x00007f73f0026690, 0x00007f73f00a63f0, 0x00007f73f00a7830, 0x00007f73f00adf70,
0x00007f73f00af320, 0x00007f73f00b0710, 0x00007f73f00b2100, 0x00007f73f00b3610,
0x00007f73f00b4a60, 0x00007f73f00d7730, 0x00007f73f011fd90, 0x00007f73f0313450,
0x00007f73f0356390, 0x00007f73f0358a90, 0x00007f73f03ad3e0, 0x00007f7384017300,
0x00007f73842a0c20, 0x00007f7384617150, 0x00007f7374007280, 0x00007f73f03a7c00,
0x00007f73f03cfd10, 0x00007f73780015a0, 0x00007f735c000ff0, 0x00007f7358131990,
0x00007f736c0285f0, 0x00007f7350004c70, 0x00007f7358133220, 0x00007f73581a1920
}

Java Threads: ( => current thread )
  0x00007f73f0026690 JavaThread "main" [_thread_blocked, id=38, stack(0x00007f73f4633000,0x00007f73f4733000)]
  0x00007f73f00a63f0 JavaThread "Reference Handler" daemon [_thread_blocked, id=42, stack(0x00007f73d51fe000,0x00007f73d52fe000)]
  0x00007f73f00a7830 JavaThread "Finalizer" daemon [_thread_blocked, id=43, stack(0x00007f73d50fe000,0x00007f73d51fe000)]
  0x00007f73f00adf70 JavaThread "Signal Dispatcher" daemon [_thread_blocked, id=44, stack(0x00007f73d4d18000,0x00007f73d4e18000)]
  0x00007f73f00af320 JavaThread "Service Thread" daemon [_thread_blocked, id=45, stack(0x00007f73d4c18000,0x00007f73d4d18000)]
  0x00007f73f00b0710 JavaThread "Monitor Deflation Thread" daemon [_thread_blocked, id=46, stack(0x00007f73d4b18000,0x00007f73d4c18000)]
=>0x00007f73f00b2100 JavaThread "JVMCI-native CompilerThread0" daemon [_thread_in_vm, id=47, stack(0x00007f73d4918000,0x00007f73d4b18000)]
  0x00007f73f00b3610 JavaThread "C1 CompilerThread0" daemon [_thread_blocked, id=48, stack(0x00007f73d4718000,0x00007f73d4918000)]
  0x00007f73f00b4a60 JavaThread "Sweeper thread" daemon [_thread_blocked, id=49, stack(0x00007f73d4618000,0x00007f73d4718000)]
  0x00007f73f00d7730 JavaThread "Common-Cleaner" daemon [_thread_blocked, id=50, stack(0x00007f73d4518000,0x00007f73d4618000)]
  0x00007f73f011fd90 JavaThread "Notification Thread" daemon [_thread_blocked, id=51, stack(0x00007f73d4418000,0x00007f73d4518000)]
  0x00007f73f0313450 JavaThread "Active Thread: Equinox Container: b0f2be12-b7fd-4562-9706-f6064528351e" [_thread_blocked, id=71, stack(0x00007f73d4100000,0x00007f73d4200000)]
  0x00007f73f0356390 JavaThread "Framework Event Dispatcher: Equinox Container: b0f2be12-b7fd-4562-9706-f6064528351e" daemon [_thread_blocked, id=80, stack(0x00007f739c900000,0x00007f739ca00000)]
  0x00007f73f0358a90 JavaThread "Start Level: Equinox Container: b0f2be12-b7fd-4562-9706-f6064528351e" daemon [_thread_blocked, id=81, stack(0x00007f739c700000,0x00007f739c800000)]
  0x00007f73f03ad3e0 JavaThread "Refresh Thread: Equinox Container: b0f2be12-b7fd-4562-9706-f6064528351e" daemon [_thread_blocked, id=85, stack(0x00007f739c500000,0x00007f739c600000)]
  0x00007f7384017300 JavaThread "SCR Component Actor" daemon [_thread_blocked, id=92, stack(0x00007f739c300000,0x00007f739c400000)]
  0x00007f73842a0c20 JavaThread "Worker-JM" [_thread_blocked, id=110, stack(0x00007f739bf00000,0x00007f739c000000)]
  0x00007f7384617150 JavaThread "Bundle File Closer" daemon [_thread_blocked, id=127, stack(0x00007f739b700000,0x00007f739b800000)]
  0x00007f7374007280 JavaThread "Worker-2: Java indexing... " [_thread_blocked, id=131, stack(0x00007f739c100000,0x00007f739c200000)]
  0x00007f73f03a7c00 JavaThread "pool-3-thread-1" [_thread_blocked, id=132, stack(0x00007f739b500000,0x00007f739b600000)]
  0x00007f73f03cfd10 JavaThread "pool-2-thread-1" [_thread_blocked, id=141, stack(0x00007f739b300000,0x00007f739b400000)]
  0x00007f73780015a0 JavaThread "Worker-3: Periodic workspace save." [_thread_blocked, id=142, stack(0x00007f739b100000,0x00007f739b200000)]
  0x00007f735c000ff0 JavaThread "Worker-4: Compacting resource model" [_thread_blocked, id=143, stack(0x00007f739af00000,0x00007f739b000000)]
  0x00007f7358131990 JavaThread "Thread-2" [_thread_blocked, id=245, stack(0x00007f739ab00000,0x00007f739ac00000)]
  0x00007f736c0285f0 JavaThread "Java indexing" daemon [_thread_blocked, id=477, stack(0x00007f739ad00000,0x00007f739ae00000)]
  0x00007f7350004c70 JavaThread "Worker-6" [_thread_blocked, id=1050, stack(0x00007f739b900000,0x00007f739ba00000)]
  0x00007f7358133220 JavaThread "Thread-5" [_thread_blocked, id=5133, stack(0x00007f739bb00000,0x00007f739bc00000)]
  0x00007f73581a1920 JavaThread "Thread-6" [_thread_blocked, id=5318, stack(0x00007f739bd00000,0x00007f739be00000)]

Other Threads:
  0x00007f73f00a1b30 VMThread "VM Thread" [stack: 0x00007f73d5300000,0x00007f73d5400000] [id=40] _threads_hazard_ptr=0x00007f73581b13f0
  0x00007f73f0121730 WatcherThread [stack: 0x00007f73d4318000,0x00007f73d4418000] [id=52]
  0x00007f73f003df10 GCTaskThread "GC Thread#0" [stack: 0x00007f73f41f6000,0x00007f73f42f6000] [id=39]

Threads with active compile tasks:
JVMCI-native CompilerThread0  2121361 8214       4       org.eclipse.core.internal.dtree.AbstractDataTreeNode::childAtOrNull (21 bytes)

VM state: synchronizing (normal execution)

VM Mutex/Monitor currently owned by a thread:  ([mutex/lock_event])
[0x00007f73f0023840] Threads_lock - owner thread: 0x00007f73f00a1b30
[0x00007f73f0023ff0] Heap_lock - owner thread: 0x00007f736c0285f0

OutOfMemory and StackOverflow Exception counts:
OutOfMemoryError java_heap_errors=9
LinkageErrors=52

Heap address: 0x00000000e0000000, size: 512 MB, Compressed Oops mode: 32-bit

CDS archive(s) mapped at: [0x0000000800000000-0x0000000800bc8000-0x0000000800bc8000), size 12353536, SharedBaseAddress: 0x0000000800000000, ArchiveRelocationMode: 0.
Compressed class space mapped at: 0x0000000800c00000-0x0000000840c00000, reserved size: 1073741824
Narrow klass base: 0x0000000800000000, Narrow klass shift: 0, Narrow klass range: 0x100000000

GC Precious Log:
 CPUs: 16 total, 1 available
 Memory: 1024M
 Large Page Support: Disabled
 NUMA Support: Disabled
 Compressed Oops: Enabled (32-bit)
 Alignments: Space 512K, Generation 512K, Heap 2M
 Heap Min Capacity: 100M
 Heap Initial Capacity: 100M
 Heap Max Capacity: 512M
 Pre-touch: Disabled
 Parallel Workers: 1

Heap:
 PSYoungGen      total 53760K, used 38090K [0x00000000f5580000, 0x00000000f9d00000, 0x0000000100000000)
  eden space 35840K, 100% used [0x00000000f5580000,0x00000000f7880000,0x00000000f7880000)
  from space 17920K, 12% used [0x00000000f7900000,0x00000000f7b32a58,0x00000000f8a80000)
  to   space 17408K, 0% used [0x00000000f8a80000,0x00000000f8a80000,0x00000000f9b80000)
 ParOldGen       total 349696K, used 349696K [0x00000000e0000000, 0x00000000f5580000, 0x00000000f5580000)
  object space 349696K, 100% used [0x00000000e0000000,0x00000000f5580000,0x00000000f5580000)
 Metaspace       used 54472K, committed 55296K, reserved 1105920K
  class space    used 5449K, committed 5824K, reserved 1048576K

Card table byte_map: [0x00007f73f42f6000,0x00007f73f43f7000] _byte_map_base: 0x00007f73f3bf6000

Marking Bits: (ParMarkBitMap*) 0x00007f73f5a464c0
 Begin Bits: [0x00007f73d64b3000, 0x00007f73d6cb3000)
 End Bits:   [0x00007f73d6cb3000, 0x00007f73d74b3000)

Polling page: 0x00007f73f4610000

Metaspace:

Usage:
  Non-class:     47.87 MB used.
      Class:      5.32 MB used.
       Both:     53.20 MB used.

Virtual space:
  Non-class space:       56.00 MB reserved,      48.31 MB ( 86%) committed,  7 nodes.
      Class space:        1.00 GB reserved,       5.69 MB ( <1%) committed,  1 nodes.
             Both:        1.05 GB reserved,      54.00 MB (  5%) committed. 

Chunk freelists:
   Non-Class:  3.17 MB
       Class:  2.38 MB
        Both:  5.55 MB

MaxMetaspaceSize: unlimited
CompressedClassSpaceSize: 1.00 GB
Initial GC threshold: 21.00 MB
Current GC threshold: 89.94 MB
CDS: on
MetaspaceReclaimPolicy: balanced
 - commit_granule_bytes: 65536.
 - commit_granule_words: 8192.
 - virtual_space_node_default_size: 1048576.
 - enlarge_chunks_in_place: 1.
 - new_chunks_are_fully_committed: 0.
 - uncommit_free_chunks: 1.
 - use_allocation_guard: 0.
 - handle_deallocations: 1.


Internal statistics:

num_allocs_failed_limit: 6.
num_arena_births: 386.
num_arena_deaths: 88.
num_vsnodes_births: 8.
num_vsnodes_deaths: 0.
num_space_committed: 863.
num_space_uncommitted: 0.
num_chunks_returned_to_freelist: 121.
num_chunks_taken_from_freelist: 2462.
num_chunk_merges: 42.
num_chunk_splits: 1590.
num_chunks_enlarged: 994.
num_purges: 10.
num_inconsistent_stats: 0.

CodeHeap 'non-profiled nmethods': size=120036Kb used=2569Kb max_used=2569Kb free=117466Kb
 bounds [0x00007f73def7a000, 0x00007f73df20a000, 0x00007f73e64b3000]
CodeHeap 'profiled nmethods': size=120032Kb used=11378Kb max_used=13535Kb free=108653Kb
 bounds [0x00007f73d7a42000, 0x00007f73d8782000, 0x00007f73def7a000]
CodeHeap 'non-nmethods': size=5692Kb used=1408Kb max_used=1414Kb free=4283Kb
 bounds [0x00007f73d74b3000, 0x00007f73d7723000, 0x00007f73d7a42000]
 total_blobs=6487 nmethods=5736 adapters=616
 compilation: enabled
              stopped_count=0, restarted_count=0
 full_count=0

JVMCI Events (20 events):
Event: 1565.460 Thread 0x00007f73f00b2100 detached from JVMCI runtime 0
Event: 1704.990 Thread 0x00007f73f00b2100 attached to JVMCI runtime 0
Event: 1704.994 Thread 0x00007f73f00b2100 created JavaVM[12]@0x00007f739a19e340 for JVMCI runtime 0
Event: 1707.653 Thread 0x00007f73f00b2100 initializing JVMCI runtime 0
Event: 1707.653 Thread 0x00007f73f00b2100 done waiting for JavaVM references initialization in JVMCI runtime 0
Event: 1782.553 Thread 0x00007f73f00b2100 initialized JVMCI runtime 0
Event: 1829.773 Thread 0x00007f73f00b2100 compacted oop handles in JVMCI runtime 0 from 62 to 49
Event: 1891.553 Thread 0x00007f73f00b2100 compacted oop handles in JVMCI runtime 0 from 70 to 66
Event: 1893.969 Thread 0x00007f73f00b2100 detaching from JVMCI runtime 0: releasing idle compiler thread (0 other threads still attached)
Event: 1893.969 Thread 0x00007f73f00b2100 shutting down HotSpotJVMCIRuntime for JVMCI runtime 0
Event: 1893.969 Thread 0x00007f73f00b2100 compacted oop handles in JVMCI runtime 0 from 66 to 37
Event: 1893.970 Thread 0x00007f73f00b2100 shut down JVMCI runtime 0
Event: 1895.960 Thread 0x00007f73f00b2100 destroyed JavaVM[12]@0x00007f739a19e340 for JVMCI runtime 0
Event: 1895.960 Thread 0x00007f73f00b2100 compacted oop handles in JVMCI runtime 0 from 37 to 37
Event: 1895.960 Thread 0x00007f73f00b2100 releasing handles for JVMCI runtime 0: oop handles=37, metadata handles={total=128, live=127, blocks=39}
Event: 1895.960 Thread 0x00007f73f00b2100 detached from JVMCI runtime 0
Event: 2024.084 Thread 0x00007f73f00b2100 attached to JVMCI runtime 0
Event: 2024.088 Thread 0x00007f73f00b2100 created JavaVM[13]@0x00007f739a19e340 for JVMCI runtime 0
Event: 2026.504 Thread 0x00007f73f00b2100 initializing JVMCI runtime 0
Event: 2026.504 Thread 0x00007f73f00b2100 done waiting for JavaVM references initialization in JVMCI runtime 0

Compilation events (20 events):
Event: 1802.768 Thread 0x00007f73f00b3610 8204       3       org.eclipse.core.internal.localstore.SafeChunkyInputStream::read (71 bytes)
Event: 1807.269 Thread 0x00007f73f00b3610 nmethod 8204 0x00007f73d7f87610 code [0x00007f73d7f87820, 0x00007f73d7f87cd0]
Event: 1813.893 Thread 0x00007f73f00b3610 8205       3       java.util.concurrent.locks.LockSupport::parkNanos (29 bytes)
Event: 1817.991 Thread 0x00007f73f00b3610 nmethod 8205 0x00007f73d810dd10 code [0x00007f73d810dee0, 0x00007f73d810e0e0]
Event: 1827.150 Thread 0x00007f73f00b3610 8206       3       java.util.concurrent.locks.AbstractQueuedSynchronizer$Node::clearStatus (12 bytes)
Event: 1827.150 Thread 0x00007f73f00b3610 nmethod 8206 0x00007f73d81b3b10 code [0x00007f73d81b3cc0, 0x00007f73d81b3e20]
Event: 1829.773 Thread 0x00007f73f00b2100 nmethod 8197 0x00007f73df1f9290 code [0x00007f73df1f9440, 0x00007f73df1f9700]
Event: 1829.773 Thread 0x00007f73f00b2100 8198       4       java.util.Collections$UnmodifiableMap$UnmodifiableEntrySet$1::next (5 bytes)
Event: 1841.861 Thread 0x00007f73f00b2100 nmethod 8198 0x00007f73df1f9990 code [0x00007f73df1f9b20, 0x00007f73df1f9e18]
Event: 1841.861 Thread 0x00007f73f00b2100 8200       4       com.google.gson.stream.JsonReader::doPeek (744 bytes)
Event: 1868.867 Thread 0x00007f73f00b3610 8207       3       jdk.internal.org.objectweb.asm.ClassWriter::<init> (7 bytes)
Event: 1871.271 Thread 0x00007f73f00b3610 nmethod 8207 0x00007f73d7d6be90 code [0x00007f73d7d6c040, 0x00007f73d7d6c180]
Event: 1891.553 Thread 0x00007f73f00b2100 nmethod 8200 0x00007f73df1fa110 code [0x00007f73df1fa3c0, 0x00007f73df1fb7c8]
Event: 1935.396 Thread 0x00007f73f00b3610 8212       3       com.google.gson.stream.JsonWriter::open (19 bytes)
Event: 1939.367 Thread 0x00007f73f00b3610 nmethod 8212 0x00007f73d7f83f90 code [0x00007f73d7f84160, 0x00007f73d7f84520]
Event: 1939.367 Thread 0x00007f73f00b3610 8213       3       com.google.gson.stream.JsonWriter::close (95 bytes)
Event: 1953.066 Thread 0x00007f73f00b3610 nmethod 8213 0x00007f73d8355790 code [0x00007f73d8355a20, 0x00007f73d8356510]
Event: 2024.084 Thread 0x00007f73f00b2100 8214       4       org.eclipse.core.internal.dtree.AbstractDataTreeNode::childAtOrNull (21 bytes)
Event: 2056.483 Thread 0x00007f73f00b3610 8215       3       com.google.gson.stream.JsonReader::doPeek (744 bytes)
Event: 2065.558 Thread 0x00007f73f00b3610 nmethod 8215 0x00007f73d85e5410 code [0x00007f73d85e5fe0, 0x00007f73d85ecf20]

GC Heap History (20 events):
Event: 2095.935 GC heap before
{Heap before GC invocations=966 (full 797):
 PSYoungGen      total 53760K, used 38090K [0x00000000f5580000, 0x00000000f9d00000, 0x0000000100000000)
  eden space 35840K, 99% used [0x00000000f5580000,0x00000000f787fff8,0x00000000f7880000)
  from space 17920K, 12% used [0x00000000f7900000,0x00000000f7b32a58,0x00000000f8a80000)
  to   space 17408K, 0% used [0x00000000f8a80000,0x00000000f8a80000,0x00000000f9b80000)
 ParOldGen       total 349696K, used 349695K [0x00000000e0000000, 0x00000000f5580000, 0x00000000f5580000)
  object space 349696K, 99% used [0x00000000e0000000,0x00000000f557ffe0,0x00000000f5580000)
 Metaspace       used 54472K, committed 55296K, reserved 1105920K
  class space    used 5449K, committed 5824K, reserved 1048576K
}
Event: 2098.386 GC heap after
{Heap after GC invocations=966 (full 797):
 PSYoungGen      total 53760K, used 38090K [0x00000000f5580000, 0x00000000f9d00000, 0x0000000100000000)
  eden space 35840K, 99% used [0x00000000f5580000,0x00000000f787fff8,0x00000000f7880000)
  from space 17920K, 12% used [0x00000000f7900000,0x00000000f7b32a58,0x00000000f8a80000)
  to   space 17408K, 0% used [0x00000000f8a80000,0x00000000f8a80000,0x00000000f9b80000)
 ParOldGen       total 349696K, used 349695K [0x00000000e0000000, 0x00000000f5580000, 0x00000000f5580000)
  object space 349696K, 99% used [0x00000000e0000000,0x00000000f557ff20,0x00000000f5580000)
 Metaspace       used 54472K, committed 55296K, reserved 1105920K
  class space    used 5449K, committed 5824K, reserved 1048576K
}
Event: 2098.387 GC heap before
{Heap before GC invocations=967 (full 798):
 PSYoungGen      total 53760K, used 38090K [0x00000000f5580000, 0x00000000f9d00000, 0x0000000100000000)
  eden space 35840K, 99% used [0x00000000f5580000,0x00000000f787fff8,0x00000000f7880000)
  from space 17920K, 12% used [0x00000000f7900000,0x00000000f7b32a58,0x00000000f8a80000)
  to   space 17408K, 0% used [0x00000000f8a80000,0x00000000f8a80000,0x00000000f9b80000)
 ParOldGen       total 349696K, used 349695K [0x00000000e0000000, 0x00000000f5580000, 0x00000000f5580000)
  object space 349696K, 99% used [0x00000000e0000000,0x00000000f557ffa0,0x00000000f5580000)
 Metaspace       used 54472K, committed 55296K, reserved 1105920K
  class space    used 5449K, committed 5824K, reserved 1048576K
}
Event: 2100.686 GC heap after
{Heap after GC invocations=967 (full 798):
 PSYoungGen      total 53760K, used 38090K [0x00000000f5580000, 0x00000000f9d00000, 0x0000000100000000)
  eden space 35840K, 99% used [0x00000000f5580000,0x00000000f787fff8,0x00000000f7880000)
  from space 17920K, 12% used [0x00000000f7900000,0x00000000f7b32a58,0x00000000f8a80000)
  to   space 17408K, 0% used [0x00000000f8a80000,0x00000000f8a80000,0x00000000f9b80000)
 ParOldGen       total 349696K, used 349695K [0x00000000e0000000, 0x00000000f5580000, 0x00000000f5580000)
  object space 349696K, 99% used [0x00000000e0000000,0x00000000f557ff70,0x00000000f5580000)
 Metaspace       used 54472K, committed 55296K, reserved 1105920K
  class space    used 5449K, committed 5824K, reserved 1048576K
}
Event: 2100.687 GC heap before
{Heap before GC invocations=968 (full 799):
 PSYoungGen      total 53760K, used 38090K [0x00000000f5580000, 0x00000000f9d00000, 0x0000000100000000)
  eden space 35840K, 99% used [0x00000000f5580000,0x00000000f787fff8,0x00000000f7880000)
  from space 17920K, 12% used [0x00000000f7900000,0x00000000f7b32a58,0x00000000f8a80000)
  to   space 17408K, 0% used [0x00000000f8a80000,0x00000000f8a80000,0x00000000f9b80000)
 ParOldGen       total 349696K, used 349696K [0x00000000e0000000, 0x00000000f5580000, 0x00000000f5580000)
  object space 349696K, 100% used [0x00000000e0000000,0x00000000f5580000,0x00000000f5580000)
 Metaspace       used 54472K, committed 55296K, reserved 1105920K
  class space    used 5449K, committed 5824K, reserved 1048576K
}
Event: 2103.188 GC heap after
{Heap after GC invocations=968 (full 799):
 PSYoungGen      total 53760K, used 38090K [0x00000000f5580000, 0x00000000f9d00000, 0x0000000100000000)
  eden space 35840K, 99% used [0x00000000f5580000,0x00000000f787fff8,0x00000000f7880000)
  from space 17920K, 12% used [0x00000000f7900000,0x00000000f7b32a58,0x00000000f8a80000)
  to   space 17408K, 0% used [0x00000000f8a80000,0x00000000f8a80000,0x00000000f9b80000)
 ParOldGen       total 349696K, used 349695K [0x00000000e0000000, 0x00000000f5580000, 0x00000000f5580000)
  object space 349696K, 99% used [0x00000000e0000000,0x00000000f557ff98,0x00000000f5580000)
 Metaspace       used 54472K, committed 55296K, reserved 1105920K
  class space    used 5449K, committed 5824K, reserved 1048576K
}
Event: 2103.188 GC heap before
{Heap before GC invocations=969 (full 800):
 PSYoungGen      total 53760K, used 38090K [0x00000000f5580000, 0x00000000f9d00000, 0x0000000100000000)
  eden space 35840K, 99% used [0x00000000f5580000,0x00000000f787fff8,0x00000000f7880000)
  from space 17920K, 12% used [0x00000000f7900000,0x00000000f7b32a58,0x00000000f8a80000)
  to   space 17408K, 0% used [0x00000000f8a80000,0x00000000f8a80000,0x00000000f9b80000)
 ParOldGen       total 349696K, used 349695K [0x00000000e0000000, 0x00000000f5580000, 0x00000000f5580000)
  object space 349696K, 99% used [0x00000000e0000000,0x00000000f557fff8,0x00000000f5580000)
 Metaspace       used 54472K, committed 55296K, reserved 1105920K
  class space    used 5449K, committed 5824K, reserved 1048576K
}
Event: 2105.750 GC heap after
{Heap after GC invocations=969 (full 800):
 PSYoungGen      total 53760K, used 38090K [0x00000000f5580000, 0x00000000f9d00000, 0x0000000100000000)
  eden space 35840K, 99% used [0x00000000f5580000,0x00000000f787fff8,0x00000000f7880000)
  from space 17920K, 12% used [0x00000000f7900000,0x00000000f7b32a58,0x00000000f8a80000)
  to   space 17408K, 0% used [0x00000000f8a80000,0x00000000f8a80000,0x00000000f9b80000)
 ParOldGen       total 349696K, used 349695K [0x00000000e0000000, 0x00000000f5580000, 0x00000000f5580000)
  object space 349696K, 99% used [0x00000000e0000000,0x00000000f557ff98,0x00000000f5580000)
 Metaspace       used 54472K, committed 55296K, reserved 1105920K
  class space    used 5449K, committed 5824K, reserved 1048576K
}
Event: 2105.758 GC heap before
{Heap before GC invocations=970 (full 801):
 PSYoungGen      total 53760K, used 38090K [0x00000000f5580000, 0x00000000f9d00000, 0x0000000100000000)
  eden space 35840K, 99% used [0x00000000f5580000,0x00000000f787fff8,0x00000000f7880000)
  from space 17920K, 12% used [0x00000000f7900000,0x00000000f7b32a58,0x00000000f8a80000)
  to   space 17408K, 0% used [0x00000000f8a80000,0x00000000f8a80000,0x00000000f9b80000)
 ParOldGen       total 349696K, used 349695K [0x00000000e0000000, 0x00000000f5580000, 0x00000000f5580000)
  object space 349696K, 99% used [0x00000000e0000000,0x00000000f557fff0,0x00000000f5580000)
 Metaspace       used 54472K, committed 55296K, reserved 1105920K
  class space    used 5449K, committed 5824K, reserved 1048576K
}
Event: 2108.360 GC heap after
{Heap after GC invocations=970 (full 801):
 PSYoungGen      total 53760K, used 38090K [0x00000000f5580000, 0x00000000f9d00000, 0x0000000100000000)
  eden space 35840K, 99% used [0x00000000f5580000,0x00000000f787fff8,0x00000000f7880000)
  from space 17920K, 12% used [0x00000000f7900000,0x00000000f7b32a58,0x00000000f8a80000)
  to   space 17408K, 0% used [0x00000000f8a80000,0x00000000f8a80000,0x00000000f9b80000)
 ParOldGen       total 349696K, used 349695K [0x00000000e0000000, 0x00000000f5580000, 0x00000000f5580000)
  object space 349696K, 99% used [0x00000000e0000000,0x00000000f557ffd8,0x00000000f5580000)
 Metaspace       used 54472K, committed 55296K, reserved 1105920K
  class space    used 5449K, committed 5824K, reserved 1048576K
}
Event: 2108.363 GC heap before
{Heap before GC invocations=971 (full 802):
 PSYoungGen      total 53760K, used 38090K [0x00000000f5580000, 0x00000000f9d00000, 0x0000000100000000)
  eden space 35840K, 99% used [0x00000000f5580000,0x00000000f787fff8,0x00000000f7880000)
  from space 17920K, 12% used [0x00000000f7900000,0x00000000f7b32a58,0x00000000f8a80000)
  to   space 17408K, 0% used [0x00000000f8a80000,0x00000000f8a80000,0x00000000f9b80000)
 ParOldGen       total 349696K, used 349695K [0x00000000e0000000, 0x00000000f5580000, 0x00000000f5580000)
  object space 349696K, 99% used [0x00000000e0000000,0x00000000f557fff0,0x00000000f5580000)
 Metaspace       used 54472K, committed 55296K, reserved 1105920K
  class space    used 5449K, committed 5824K, reserved 1048576K
}
Event: 2110.875 GC heap after
{Heap after GC invocations=971 (full 802):
 PSYoungGen      total 53760K, used 38090K [0x00000000f5580000, 0x00000000f9d00000, 0x0000000100000000)
  eden space 35840K, 99% used [0x00000000f5580000,0x00000000f787fff8,0x00000000f7880000)
  from space 17920K, 12% used [0x00000000f7900000,0x00000000f7b32a58,0x00000000f8a80000)
  to   space 17408K, 0% used [0x00000000f8a80000,0x00000000f8a80000,0x00000000f9b80000)
 ParOldGen       total 349696K, used 349695K [0x00000000e0000000, 0x00000000f5580000, 0x00000000f5580000)
  object space 349696K, 99% used [0x00000000e0000000,0x00000000f557fff0,0x00000000f5580000)
 Metaspace       used 54472K, committed 55296K, reserved 1105920K
  class space    used 5449K, committed 5824K, reserved 1048576K
}
Event: 2110.875 GC heap before
{Heap before GC invocations=972 (full 803):
 PSYoungGen      total 53760K, used 38090K [0x00000000f5580000, 0x00000000f9d00000, 0x0000000100000000)
  eden space 35840K, 99% used [0x00000000f5580000,0x00000000f787fff8,0x00000000f7880000)
  from space 17920K, 12% used [0x00000000f7900000,0x00000000f7b32a58,0x00000000f8a80000)
  to   space 17408K, 0% used [0x00000000f8a80000,0x00000000f8a80000,0x00000000f9b80000)
 ParOldGen       total 349696K, used 349695K [0x00000000e0000000, 0x00000000f5580000, 0x00000000f5580000)
  object space 349696K, 99% used [0x00000000e0000000,0x00000000f557fff0,0x00000000f5580000)
 Metaspace       used 54472K, committed 55296K, reserved 1105920K
  class space    used 5449K, committed 5824K, reserved 1048576K
}
Event: 2113.467 GC heap after
{Heap after GC invocations=972 (full 803):
 PSYoungGen      total 53760K, used 38090K [0x00000000f5580000, 0x00000000f9d00000, 0x0000000100000000)
  eden space 35840K, 99% used [0x00000000f5580000,0x00000000f787fff8,0x00000000f7880000)
  from space 17920K, 12% used [0x00000000f7900000,0x00000000f7b32a58,0x00000000f8a80000)
  to   space 17408K, 0% used [0x00000000f8a80000,0x00000000f8a80000,0x00000000f9b80000)
 ParOldGen       total 349696K, used 349695K [0x00000000e0000000, 0x00000000f5580000, 0x00000000f5580000)
  object space 349696K, 99% used [0x00000000e0000000,0x00000000f557fff0,0x00000000f5580000)
 Metaspace       used 54472K, committed 55296K, reserved 1105920K
  class space    used 5449K, committed 5824K, reserved 1048576K
}
Event: 2113.471 GC heap before
{Heap before GC invocations=973 (full 804):
 PSYoungGen      total 53760K, used 38090K [0x00000000f5580000, 0x00000000f9d00000, 0x0000000100000000)
  eden space 35840K, 99% used [0x00000000f5580000,0x00000000f787fff8,0x00000000f7880000)
  from space 17920K, 12% used [0x00000000f7900000,0x00000000f7b32a58,0x00000000f8a80000)
  to   space 17408K, 0% used [0x00000000f8a80000,0x00000000f8a80000,0x00000000f9b80000)
 ParOldGen       total 349696K, used 349696K [0x00000000e0000000, 0x00000000f5580000, 0x00000000f5580000)
  object space 349696K, 100% used [0x00000000e0000000,0x00000000f5580000,0x00000000f5580000)
 Metaspace       used 54472K, committed 55296K, reserved 1105920K
  class space    used 5449K, committed 5824K, reserved 1048576K
}
Event: 2115.950 GC heap after
{Heap after GC invocations=973 (full 804):
 PSYoungGen      total 53760K, used 38090K [0x00000000f5580000, 0x00000000f9d00000, 0x0000000100000000)
  eden space 35840K, 99% used [0x00000000f5580000,0x00000000f787ffe8,0x00000000f7880000)
  from space 17920K, 12% used [0x00000000f7900000,0x00000000f7b32a58,0x00000000f8a80000)
  to   space 17408K, 0% used [0x00000000f8a80000,0x00000000f8a80000,0x00000000f9b80000)
 ParOldGen       total 349696K, used 349694K [0x00000000e0000000, 0x00000000f5580000, 0x00000000f5580000)
  object space 349696K, 99% used [0x00000000e0000000,0x00000000f557fa60,0x00000000f5580000)
 Metaspace       used 54472K, committed 55296K, reserved 1105920K
  class space    used 5449K, committed 5824K, reserved 1048576K
}
Event: 2115.950 GC heap before
{Heap before GC invocations=974 (full 805):
 PSYoungGen      total 53760K, used 38090K [0x00000000f5580000, 0x00000000f9d00000, 0x0000000100000000)
  eden space 35840K, 100% used [0x00000000f5580000,0x00000000f7880000,0x00000000f7880000)
  from space 17920K, 12% used [0x00000000f7900000,0x00000000f7b32a58,0x00000000f8a80000)
  to   space 17408K, 0% used [0x00000000f8a80000,0x00000000f8a80000,0x00000000f9b80000)
 ParOldGen       total 349696K, used 349695K [0x00000000e0000000, 0x00000000f5580000, 0x00000000f5580000)
  object space 349696K, 99% used [0x00000000e0000000,0x00000000f557ff38,0x00000000f5580000)
 Metaspace       used 54472K, committed 55296K, reserved 1105920K
  class space    used 5449K, committed 5824K, reserved 1048576K
}
Event: 2118.677 GC heap after
{Heap after GC invocations=974 (full 805):
 PSYoungGen      total 53760K, used 38090K [0x00000000f5580000, 0x00000000f9d00000, 0x0000000100000000)
  eden space 35840K, 99% used [0x00000000f5580000,0x00000000f787ffe8,0x00000000f7880000)
  from space 17920K, 12% used [0x00000000f7900000,0x00000000f7b32a58,0x00000000f8a80000)
  to   space 17408K, 0% used [0x00000000f8a80000,0x00000000f8a80000,0x00000000f9b80000)
 ParOldGen       total 349696K, used 349695K [0x00000000e0000000, 0x00000000f5580000, 0x00000000f5580000)
  object space 349696K, 99% used [0x00000000e0000000,0x00000000f557fdb0,0x00000000f5580000)
 Metaspace       used 54472K, committed 55296K, reserved 1105920K
  class space    used 5449K, committed 5824K, reserved 1048576K
}
Event: 2118.677 GC heap before
{Heap before GC invocations=975 (full 806):
 PSYoungGen      total 53760K, used 38090K [0x00000000f5580000, 0x00000000f9d00000, 0x0000000100000000)
  eden space 35840K, 99% used [0x00000000f5580000,0x00000000f787ffe8,0x00000000f7880000)
  from space 17920K, 12% used [0x00000000f7900000,0x00000000f7b32a58,0x00000000f8a80000)
  to   space 17408K, 0% used [0x00000000f8a80000,0x00000000f8a80000,0x00000000f9b80000)
 ParOldGen       total 349696K, used 349695K [0x00000000e0000000, 0x00000000f5580000, 0x00000000f5580000)
  object space 349696K, 99% used [0x00000000e0000000,0x00000000f557fdb0,0x00000000f5580000)
 Metaspace       used 54472K, committed 55296K, reserved 1105920K
  class space    used 5449K, committed 5824K, reserved 1048576K
}
Event: 2121.083 GC heap after
{Heap after GC invocations=975 (full 806):
 PSYoungGen      total 53760K, used 38090K [0x00000000f5580000, 0x00000000f9d00000, 0x0000000100000000)
  eden space 35840K, 99% used [0x00000000f5580000,0x00000000f787ffe8,0x00000000f7880000)
  from space 17920K, 12% used [0x00000000f7900000,0x00000000f7b32a58,0x00000000f8a80000)
  to   space 17408K, 0% used [0x00000000f8a80000,0x00000000f8a80000,0x00000000f9b80000)
 ParOldGen       total 349696K, used 349695K [0x00000000e0000000, 0x00000000f5580000, 0x00000000f5580000)
  object space 349696K, 99% used [0x00000000e0000000,0x00000000f557fdb0,0x00000000f5580000)
 Metaspace       used 54472K, committed 55296K, reserved 1105920K
  class space    used 5449K, committed 5824K, reserved 1048576K
}

Dll operation events (9 events):
Event: 0.010 Loaded shared library /nix/store/gpxl5qgg8kicmcvivwmybwjlpf7wh20l-graalvm17-ce-22.3.0/lib/libjava.so
Event: 0.053 Loaded shared library /nix/store/gpxl5qgg8kicmcvivwmybwjlpf7wh20l-graalvm17-ce-22.3.0/lib/libjsvml.so
Event: 0.501 Loaded shared library /nix/store/gpxl5qgg8kicmcvivwmybwjlpf7wh20l-graalvm17-ce-22.3.0/lib/libnio.so
Event: 0.512 Loaded shared library /nix/store/gpxl5qgg8kicmcvivwmybwjlpf7wh20l-graalvm17-ce-22.3.0/lib/libzip.so
Event: 0.556 Loaded shared library /nix/store/gpxl5qgg8kicmcvivwmybwjlpf7wh20l-graalvm17-ce-22.3.0/lib/libjvmcicompiler.so
Event: 1.259 Loaded shared library /nix/store/gpxl5qgg8kicmcvivwmybwjlpf7wh20l-graalvm17-ce-22.3.0/lib/libjimage.so
Event: 2.661 Loaded shared library /nix/store/gpxl5qgg8kicmcvivwmybwjlpf7wh20l-graalvm17-ce-22.3.0/lib/libnet.so
Event: 9.664 Loaded shared library /home/runner/.cache/jdt-language-server/config/org.eclipse.equinox.launcher/org.eclipse.equinox.launcher.gtk.linux.x86_64_1.2.400.v20211117-0650/eclipse_11600.so
Event: 26.890 Loaded shared library /nix/store/gpxl5qgg8kicmcvivwmybwjlpf7wh20l-graalvm17-ce-22.3.0/lib/libextnet.so

Deoptimization events (20 events):
Event: 165.855 Thread 0x00007f736c0285f0 DEOPT PACKING pc=0x00007f73d7bd18ae sp=0x00007f739adfe4a0
Event: 165.855 Thread 0x00007f736c0285f0 DEOPT UNPACKING pc=0x00007f73d7505325 sp=0x00007f739adfda18 mode 0
Event: 640.475 Thread 0x00007f73f00b2100 Uncommon trap: trap_request=0xffffffcd fr.pc=0x00007f73df1f6177 relative=0x0000000000000b97
Event: 640.475 Thread 0x00007f73f00b2100 Uncommon trap: reason=intrinsic_or_type_checked_inlining action=reinterpret pc=0x00007f73df1f6177 method=java.io.DataOutputStream.write([BII)V @ 0 jvmci
Event: 640.475 Thread 0x00007f73f00b2100 DEOPT PACKING pc=0x00007f73df1f6177 sp=0x00007f73d4b15fb0
Event: 640.475 Thread 0x00007f73f00b2100 DEOPT UNPACKING pc=0x00007f73d7505325 sp=0x00007f73d4b153d0 mode 3
Event: 647.980 Thread 0x00007f73f00b2100 Uncommon trap: trap_request=0xffffffcd fr.pc=0x00007f73df1edcc8 relative=0x0000000000000ec8
Event: 647.980 Thread 0x00007f73f00b2100 Uncommon trap: reason=intrinsic_or_type_checked_inlining action=reinterpret pc=0x00007f73df1edcc8 method=java.io.DataOutputStream.write([BII)V @ 0 jvmci
Event: 647.980 Thread 0x00007f73f00b2100 DEOPT PACKING pc=0x00007f73df1edcc8 sp=0x00007f73d4b15fb0
Event: 647.980 Thread 0x00007f73f00b2100 DEOPT UNPACKING pc=0x00007f73d7505325 sp=0x00007f73d4b153d0 mode 3
Event: 1893.970 Thread 0x00007f73f03cfd10 Uncommon trap: trap_request=0xffffffed fr.pc=0x00007f73df1faeab relative=0x0000000000000aeb
Event: 1893.970 Thread 0x00007f73f03cfd10 Uncommon trap: reason=null_assert_or_unreached0 action=reinterpret pc=0x00007f73df1faeab method=com.google.gson.stream.JsonReader.doPeek()I @ 0 jvmci
Event: 1893.970 Thread 0x00007f73f03cfd10 DEOPT PACKING pc=0x00007f73df1faeab sp=0x00007f739b3fe3d0
Event: 1893.970 Thread 0x00007f73f03cfd10 DEOPT UNPACKING pc=0x00007f73d7505325 sp=0x00007f739b3fd878 mode 3
Event: 2048.487 Thread 0x00007f7358133220 DEOPT PACKING pc=0x00007f73df096dc0 sp=0x00007f739bbfda50
Event: 2048.487 Thread 0x00007f7358133220 DEOPT UNPACKING pc=0x00007f73d7505325 sp=0x00007f739bbfce28 mode 1
Event: 2072.682 Thread 0x00007f73780015a0 Uncommon trap: trap_request=0xffffff8f fr.pc=0x00007f73df07510d relative=0x00000000000009ad
Event: 2072.682 Thread 0x00007f73780015a0 Uncommon trap: reason=constraint action=none pc=0x00007f73df07510d method=java.util.HashMap.putVal(ILjava/lang/Object;Ljava/lang/Object;ZZ)Ljava/lang/Object; @ 29 jvmci
Event: 2077.255 Thread 0x00007f73780015a0 DEOPT PACKING pc=0x00007f73df07510d sp=0x00007f739b1fdb40
Event: 2077.256 Thread 0x00007f73780015a0 DEOPT UNPACKING pc=0x00007f73d7505325 sp=0x00007f739b1fcfe0 mode 3

Classes unloaded (20 events):
Event: 129.669 Thread 0x00007f73f00a1b30 Unloading class 0x0000000800d98400 'java/lang/invoke/LambdaForm$MH+0x0000000800d98400'
Event: 129.669 Thread 0x00007f73f00a1b30 Unloading class 0x0000000800d98000 'jdk/internal/reflect/GeneratedConstructorAccessor3'
Event: 129.669 Thread 0x00007f73f00a1b30 Unloading class 0x0000000800d06800 'java/lang/invoke/LambdaForm$MH+0x0000000800d06800'
Event: 129.669 Thread 0x00007f73f00a1b30 Unloading class 0x0000000800d06000 'java/lang/invoke/LambdaForm$MH+0x0000000800d06000'
Event: 129.669 Thread 0x00007f73f00a1b30 Unloading class 0x0000000800d05c00 'java/lang/invoke/LambdaForm$MH+0x0000000800d05c00'
Event: 129.669 Thread 0x00007f73f00a1b30 Unloading class 0x0000000800d05800 'java/lang/invoke/LambdaForm$MH+0x0000000800d05800'
Event: 129.669 Thread 0x00007f73f00a1b30 Unloading class 0x0000000800d05000 'java/lang/invoke/LambdaForm$MH+0x0000000800d05000'
Event: 129.669 Thread 0x00007f73f00a1b30 Unloading class 0x0000000800d04c00 'java/lang/invoke/LambdaForm$MH+0x0000000800d04c00'
Event: 129.669 Thread 0x00007f73f00a1b30 Unloading class 0x0000000800d04800 'java/lang/invoke/LambdaForm$MH+0x0000000800d04800'
Event: 129.669 Thread 0x00007f73f00a1b30 Unloading class 0x0000000800d04000 'java/lang/invoke/LambdaForm$MH+0x0000000800d04000'
Event: 129.669 Thread 0x00007f73f00a1b30 Unloading class 0x0000000800c1d000 'jdk/internal/reflect/GeneratedMethodAccessor5'
Event: 129.669 Thread 0x00007f73f00a1b30 Unloading class 0x0000000800c1cc00 'jdk/internal/reflect/GeneratedMethodAccessor4'
Event: 129.669 Thread 0x00007f73f00a1b30 Unloading class 0x0000000800c1c800 'jdk/internal/reflect/GeneratedMethodAccessor3'
Event: 129.669 Thread 0x00007f73f00a1b30 Unloading class 0x0000000800c1c400 'jdk/internal/reflect/GeneratedMethodAccessor2'
Event: 129.669 Thread 0x00007f73f00a1b30 Unloading class 0x0000000800c1c000 'jdk/internal/reflect/GeneratedMethodAccessor1'
Event: 129.669 Thread 0x00007f73f00a1b30 Unloading class 0x0000000800c01c00 'java/lang/invoke/LambdaForm$DMH+0x0000000800c01c00'
Event: 1385.284 Thread 0x00007f73f00a1b30 Unloading class 0x000000080108d000 'jdk/internal/reflect/GeneratedSerializationConstructorAccessor6'
Event: 1385.284 Thread 0x00007f73f00a1b30 Unloading class 0x00000008010fcc00 'jdk/internal/reflect/GeneratedSerializationConstructorAccessor5'
Event: 1413.455 Thread 0x00007f73f00a1b30 Unloading class 0x000000080108c400 'jdk/internal/reflect/GeneratedSerializationConstructorAccessor7'
Event: 1519.411 Thread 0x00007f73f00a1b30 Unloading class 0x0000000801050800 'jdk/internal/reflect/GeneratedSerializationConstructorAccessor8'

Classes redefined (0 events):
No events

Internal exceptions (20 events):
Event: 71.252 Thread 0x00007f7358132700 Exception <a 'java/lang/ArrayIndexOutOfBoundsException'{0x00000000f5960ac0}: Index 41 out of bounds for length 41> (0x00000000f5960ac0) 
thrown [src/hotspot/share/interpreter/interpreterRuntime.cpp, line 428]
Event: 71.554 Thread 0x00007f7358132700 Exception <a 'java/lang/ArrayIndexOutOfBoundsException'{0x00000000f5e8ea90}: Index 41 out of bounds for length 41> (0x00000000f5e8ea90) 
thrown [src/hotspot/share/interpreter/interpreterRuntime.cpp, line 428]
Event: 71.770 Thread 0x00007f7358132700 Exception <a 'java/lang/ArrayIndexOutOfBoundsException'{0x00000000f62f7e20}: Index 41 out of bounds for length 41> (0x00000000f62f7e20) 
thrown [src/hotspot/share/interpreter/interpreterRuntime.cpp, line 428]
Event: 72.759 Thread 0x00007f73581332b0 Exception <a 'java/lang/NoSuchMethodError'{0x00000000f614ee10}: 'int java.lang.invoke.DirectMethodHandle$Holder.invokeSpecialIFC(java.lang.Object, java.lang.Object, java.lang.Object, java.lang.Object)'> (0x00000000f614ee10) 
thrown [src/hotspot/share/interpreter/linkResolver.cpp, line 758]
Event: 92.488 Thread 0x00007f73844aa1a0 Implicit null exception at 0x00007f73df1517b5 to 0x00007f73df151ce1
Event: 138.354 Thread 0x00007f73844aa1a0 Exception <a 'java/lang/OutOfMemoryError'{0x00000000e0004c68}> (0x00000000e0004c68) 
thrown [src/hotspot/share/gc/shared/memAllocator.cpp, line 138]
Event: 138.354 Thread 0x00007f73844aa1a0 Implicit null exception at 0x00007f73df140732 to 0x00007f73df14091e
Event: 144.599 Thread 0x00007f73844aa1a0 Exception <a 'java/lang/OutOfMemoryError'{0x00000000e0004128}> (0x00000000e0004128) 
thrown [src/hotspot/share/gc/shared/memAllocator.cpp, line 136]
Event: 146.355 Thread 0x00007f7358131990 Exception <a 'java/io/FileNotFoundException'{0x00000000f56163d0}> (0x00000000f56163d0) 
thrown [src/hotspot/share/prims/jni.cpp, line 516]
Event: 146.457 Thread 0x00007f736c0285f0 Implicit null exception at 0x00007f73df1721c2 to 0x00007f73d7504f68
Event: 146.761 Thread 0x00007f736c0285f0 Implicit null exception at 0x00007f73df1aa87c to 0x00007f73df1ab782
Event: 146.761 Thread 0x00007f736c0285f0 Implicit null exception at 0x00007f73df01ded6 to 0x00007f73df01fbed
Event: 2048.487 Thread 0x00007f7358133220 Exception <a 'java/lang/OutOfMemoryError'{0x00000000e0004448}> (0x00000000e0004448) 
thrown [src/hotspot/share/gc/shared/memAllocator.cpp, line 136]
Event: 2072.682 Thread 0x00007f73780015a0 Exception <a 'java/lang/OutOfMemoryError'{0x00000000e0004128}> (0x00000000e0004128) 
thrown [src/hotspot/share/gc/shared/memAllocator.cpp, line 138]
Event: 2072.682 Thread 0x00007f73780015a0 Implicit null exception at 0x00007f73df074ea4 to 0x00007f73df0750f2
Event: 2077.256 Thread 0x00007f7374007280 Exception <a 'java/lang/OutOfMemoryError'{0x00000000e0004448}> (0x00000000e0004448) 
thrown [src/hotspot/share/gc/shared/memAllocator.cpp, line 136]
Event: 2083.995 Thread 0x00007f7374007280 Exception <a 'java/lang/OutOfMemoryError'{0x00000000e0004448}> (0x00000000e0004448) 
thrown [src/hotspot/share/gc/shared/memAllocator.cpp, line 136]
Event: 2091.102 Thread 0x00007f73f03cfd10 Exception <a 'java/lang/OutOfMemoryError'{0x00000000e0004448}> (0x00000000e0004448) 
thrown [src/hotspot/share/gc/shared/memAllocator.cpp, line 136]
Event: 2113.468 Thread 0x00007f73581a1920 Exception <a 'java/lang/OutOfMemoryError'{0x00000000e0004448}> (0x00000000e0004448) 
thrown [src/hotspot/share/gc/shared/memAllocator.cpp, line 136]
Event: 2121.083 Thread 0x00007f73f00b2100 Exception <a 'java/lang/OutOfMemoryError'{0x00000000e0004448}> (0x00000000e0004448) 
thrown [src/hotspot/share/gc/shared/memAllocator.cpp, line 136]

VM Operations (20 events):
Event: 2091.102 Executing VM operation: ParallelGCFailedAllocation
Event: 2093.690 Executing VM operation: ParallelGCFailedAllocation done
Event: 2093.690 Executing VM operation: ParallelGCFailedAllocation
Event: 2095.934 Executing VM operation: ParallelGCFailedAllocation done
Event: 2095.935 Executing VM operation: ParallelGCFailedAllocation
Event: 2098.386 Executing VM operation: ParallelGCFailedAllocation done
Event: 2098.387 Executing VM operation: ParallelGCFailedAllocation
Event: 2100.686 Executing VM operation: ParallelGCFailedAllocation done
Event: 2100.687 Executing VM operation: ParallelGCFailedAllocation
Event: 2103.188 Executing VM operation: ParallelGCFailedAllocation done
Event: 2103.188 Executing VM operation: ParallelGCFailedAllocation
Event: 2105.750 Executing VM operation: ParallelGCFailedAllocation done
Event: 2105.750 Executing VM operation: ParallelGCFailedAllocation
Event: 2108.360 Executing VM operation: ParallelGCFailedAllocation done
Event: 2108.363 Executing VM operation: ParallelGCFailedAllocation
Event: 2113.468 Executing VM operation: ParallelGCFailedAllocation done
Event: 2113.468 Executing VM operation: ParallelGCFailedAllocation
Event: 2115.950 Executing VM operation: ParallelGCFailedAllocation done
Event: 2115.950 Executing VM operation: ParallelGCFailedAllocation
Event: 2121.083 Executing VM operation: ParallelGCFailedAllocation done

Events (20 events):
Event: 146.283 Thread 0x00007f736c0285f0 Thread added: 0x00007f736c0285f0
Event: 146.283 Protecting memory [0x00007f739ad00000,0x00007f739ad04000] with protection modes 0
Event: 146.284 loading class java/lang/Throwable$WrappedPrintStream
Event: 146.284 loading class java/lang/Throwable$WrappedPrintStream done
Event: 146.284 Thread 0x00007f73844aa1a0 Thread exited: 0x00007f73844aa1a0
Event: 363.293 Thread 0x00007f7350004c70 Thread added: 0x00007f7350004c70
Event: 363.293 Protecting memory [0x00007f739b900000,0x00007f739b904000] with protection modes 0
Event: 994.460 Thread 0x00007f735c016790 Thread added: 0x00007f735c016790
Event: 994.460 Protecting memory [0x00007f739bb00000,0x00007f739bb04000] with protection modes 0
Event: 1012.053 Thread 0x00007f735c016790 Thread exited: 0x00007f735c016790
Event: 1883.676 Thread 0x00007f7358133220 Thread added: 0x00007f7358133220
Event: 1883.676 Protecting memory [0x00007f739bb00000,0x00007f739bb04000] with protection modes 0
Event: 1953.071 Thread 0x00007f73581a1920 Thread added: 0x00007f73581a1920
Event: 1953.071 Protecting memory [0x00007f739bd00000,0x00007f739bd04000] with protection modes 0
Event: 2048.488 loading class java/util/concurrent/CompletionException
Event: 2048.488 loading class java/util/concurrent/CompletionException done
Event: 2048.488 loading class java/util/concurrent/CancellationException
Event: 2048.488 loading class java/util/concurrent/CancellationException done
Event: 2053.978 loading class java/util/logging/LogRecord
Event: 2063.586 loading class java/util/logging/LogRecord done


Dynamic libraries:
e0000000-f5580000 rw-p 00000000 00:00 0 
f5580000-f9d00000 rw-p 00000000 00:00 0 
f9d00000-100000000 ---p 00000000 00:00 0 
800000000-800449000 rw-p 00001000 00:11e3 4611686019135357769            /nix/store/gpxl5qgg8kicmcvivwmybwjlpf7wh20l-graalvm17-ce-22.3.0/lib/server/classes.jsa
800449000-800bc8000 r--p 0044a000 00:11e3 4611686019135357769            /nix/store/gpxl5qgg8kicmcvivwmybwjlpf7wh20l-graalvm17-ce-22.3.0/lib/server/classes.jsa
800bc8000-800c00000 ---p 00000000 00:00 0 
800c00000-800c20000 rw-p 00000000 00:00 0 
800c20000-800c40000 rw-p 00000000 00:00 0 
800c40000-800cc0000 rw-p 00000000 00:00 0 
800cc0000-800d00000 rw-p 00000000 00:00 0 
800d00000-800dc0000 rw-p 00000000 00:00 0 
800dc0000-800e00000 rw-p 00000000 00:00 0 
800e00000-800f40000 rw-p 00000000 00:00 0 
800f40000-800fc0000 rw-p 00000000 00:00 0 
800fc0000-801000000 rw-p 00000000 00:00 0 
801000000-8011b0000 rw-p 00000000 00:00 0 
8011b0000-840c00000 ---p 00000000 00:00 0 
555ee5129000-555ee512a000 r-xp 00000000 00:11e3 4611686019099417844      /nix/store/gpxl5qgg8kicmcvivwmybwjlpf7wh20l-graalvm17-ce-22.3.0/bin/.java-wrapped
555ee512b000-555ee512c000 r--p 00001000 00:11e3 4611686019099417844      /nix/store/gpxl5qgg8kicmcvivwmybwjlpf7wh20l-graalvm17-ce-22.3.0/bin/.java-wrapped
555ee512c000-555ee512d000 rw-p 00002000 00:11e3 4611686019099417844      /nix/store/gpxl5qgg8kicmcvivwmybwjlpf7wh20l-graalvm17-ce-22.3.0/bin/.java-wrapped
555ee512d000-555ee512e000 rw-p 00004000 00:11e3 4611686019099417844      /nix/store/gpxl5qgg8kicmcvivwmybwjlpf7wh20l-graalvm17-ce-22.3.0/bin/.java-wrapped
555ee512e000-555ee512f000 rw-p 00005000 00:11e3 4611686019099417844      /nix/store/gpxl5qgg8kicmcvivwmybwjlpf7wh20l-graalvm17-ce-22.3.0/bin/.java-wrapped
555ee6c2f000-555ee6c77000 rw-p 00000000 00:00 0                          [heap]
7f7338000000-7f73380ea000 rw-p 00000000 00:00 0 
7f73380ea000-7f733c000000 ---p 00000000 00:00 0 
7f733c000000-7f733c0fc000 rw-p 00000000 00:00 0 
7f733c0fc000-7f7340000000 ---p 00000000 00:00 0 
7f7340000000-7f7340030000 rw-p 00000000 00:00 0 
7f7340030000-7f7344000000 ---p 00000000 00:00 0 
7f73464b3000-7f7350000000 r--s 00000000 00:11e3 4611686019135192581      /nix/store/gpxl5qgg8kicmcvivwmybwjlpf7wh20l-graalvm17-ce-22.3.0/lib/modules
7f7350000000-7f7350021000 rw-p 00000000 00:00 0 
7f7350021000-7f7354000000 ---p 00000000 00:00 0 
7f7354000000-7f7354078000 rw-p 00000000 00:00 0 
7f7354078000-7f7358000000 ---p 00000000 00:00 0 
7f7358000000-7f73581c2000 rw-p 00000000 00:00 0 
7f73581c2000-7f735c000000 ---p 00000000 00:00 0 
7f735c000000-7f735c0ce000 rw-p 00000000 00:00 0 
7f735c0ce000-7f7360000000 ---p 00000000 00:00 0 
7f7360000000-7f7360021000 rw-p 00000000 00:00 0 
7f7360021000-7f7364000000 ---p 00000000 00:00 0 
7f7364000000-7f7364021000 rw-p 00000000 00:00 0 
7f7364021000-7f7368000000 ---p 00000000 00:00 0 
7f7368000000-7f7368311000 rw-p 00000000 00:00 0 
7f7368311000-7f736c000000 ---p 00000000 00:00 0 
7f736c000000-7f736c06b000 rw-p 00000000 00:00 0 
7f736c06b000-7f7370000000 ---p 00000000 00:00 0 
7f7370000000-7f7370021000 rw-p 00000000 00:00 0 
7f7370021000-7f7374000000 ---p 00000000 00:00 0 
7f7374000000-7f7374048000 rw-p 00000000 00:00 0 
7f7374048000-7f7378000000 ---p 00000000 00:00 0 
7f7378000000-7f7378151000 rw-p 00000000 00:00 0 
7f7378151000-7f737c000000 ---p 00000000 00:00 0 
7f737c000000-7f737c021000 rw-p 00000000 00:00 0 
7f737c021000-7f7380000000 ---p 00000000 00:00 0 
7f7380800000-7f73808e0000 rw-p 00000000 00:00 0 
7f73808e0000-7f7381000000 ---p 00000000 00:00 0 
7f7381800000-7f7381900000 rw-p 00000000 00:00 0 
7f7381900000-7f7381970000 rw-p 00000000 00:00 0 
7f7381970000-7f7381a00000 ---p 00000000 00:00 0 
7f7381a00000-7f7382000000 rw-p 00000000 00:00 0 
7f7382000000-7f7382800000 rw-p 00000000 00:00 0 
7f7382800000-7f73828c0000 rw-p 00000000 00:00 0 
7f73828c0000-7f7382900000 rw-p 00000000 00:00 0 
7f7382900000-7f7382b00000 rw-p 00000000 00:00 0 
7f7382b00000-7f7382bc0000 rw-p 00000000 00:00 0 
7f7382bc0000-7f7382d00000 rw-p 00000000 00:00 0 
7f7382d00000-7f7382f00000 rw-p 00000000 00:00 0 
7f7382f00000-7f7383000000 rw-p 00000000 00:00 0 
7f7383000000-7f7383100000 rw-p 00000000 00:00 0 
7f7383100000-7f7383200000 rw-p 00000000 00:00 0 
7f7383200000-7f73837c0000 rw-p 00000000 00:00 0 
7f73837c0000-7f7383800000 rw-p 00000000 00:00 0 
7f7383800000-7f7383900000 rw-p 00000000 00:00 0 
7f7383900000-7f7383a00000 rw-p 00000000 00:00 0 
7f7383a00000-7f7383d00000 rw-p 00000000 00:00 0 
7f7383d00000-7f7383e00000 rw-p 00000000 00:00 0 
7f7383e00000-7f7384000000 rw-p 00000000 00:00 0 
7f7384000000-7f73848e2000 rw-p 00000000 00:00 0 
7f73848e2000-7f7388000000 ---p 00000000 00:00 0 
7f7388000000-7f7388026000 rw-p 00000000 00:00 0 
7f7388026000-7f738c000000 ---p 00000000 00:00 0 
7f738c000000-7f738c021000 rw-p 00000000 00:00 0 
7f738c021000-7f7390000000 ---p 00000000 00:00 0 
7f7390000000-7f7390021000 rw-p 00000000 00:00 0 
7f7390021000-7f7394000000 ---p 00000000 00:00 0 
7f7394000000-7f7394050000 rw-p 00000000 00:00 0 
7f7394050000-7f7398000000 ---p 00000000 00:00 0 
7f7398600000-7f7398610000 r-xp 00000000 00:11c7 353                      /home/runner/.cache/jdt-language-server/config/org.eclipse.equinox.launcher/org.eclipse.equinox.launcher.gtk.linux.x86_64_1.2.400.v20211117-0650/eclipse_11600.so
7f7398610000-7f739880f000 ---p 00010000 00:11c7 353                      /home/runner/.cache/jdt-language-server/config/org.eclipse.equinox.launcher/org.eclipse.equinox.launcher.gtk.linux.x86_64_1.2.400.v20211117-0650/eclipse_11600.so
7f739880f000-7f7398810000 r--p 0000f000 00:11c7 353                      /home/runner/.cache/jdt-language-server/config/org.eclipse.equinox.launcher/org.eclipse.equinox.launcher.gtk.linux.x86_64_1.2.400.v20211117-0650/eclipse_11600.so
7f7398810000-7f7398811000 rw-p 00010000 00:11c7 353                      /home/runner/.cache/jdt-language-server/config/org.eclipse.equinox.launcher/org.eclipse.equinox.launcher.gtk.linux.x86_64_1.2.400.v20211117-0650/eclipse_11600.so
7f7399500000-7f7399600000 ---p 00000000 00:00 0 
7f7399600000-7f7399baf000 r--p 01122000 00:11e3 4611686019135190040      /nix/store/gpxl5qgg8kicmcvivwmybwjlpf7wh20l-graalvm17-ce-22.3.0/lib/libjvmcicompiler.so
7f7399baf000-7f7399d00000 r--p 00000000 00:00 0 
7f7399d00000-7f7399d3d000 rw-p 00000000 00:00 0 
7f7399d3d000-7f739a25d000 rw-p 0185f000 00:11e3 4611686019135190040      /nix/store/gpxl5qgg8kicmcvivwmybwjlpf7wh20l-graalvm17-ce-22.3.0/lib/libjvmcicompiler.so
7f739a25d000-7f739a644000 r--p 01d7f000 00:11e3 4611686019135190040      /nix/store/gpxl5qgg8kicmcvivwmybwjlpf7wh20l-graalvm17-ce-22.3.0/lib/libjvmcicompiler.so
7f739a700000-7f739a704000 ---p 00000000 00:00 0 
7f739a704000-7f739a800000 rw-p 00000000 00:00 0 
7f739a900000-7f739a904000 ---p 00000000 00:00 0 
7f739a904000-7f739aa00000 rw-p 00000000 00:00 0 
7f739ab00000-7f739ab04000 ---p 00000000 00:00 0 
7f739ab04000-7f739ac00000 rw-p 00000000 00:00 0 
7f739ad00000-7f739ad04000 ---p 00000000 00:00 0 
7f739ad04000-7f739ae00000 rw-p 00000000 00:00 0 
7f739af00000-7f739af04000 ---p 00000000 00:00 0 
7f739af04000-7f739b000000 rw-p 00000000 00:00 0 
7f739b100000-7f739b104000 ---p 00000000 00:00 0 
7f739b104000-7f739b200000 rw-p 00000000 00:00 0 
7f739b200000-7f739b204000 ---p 00000000 00:00 0 
7f739b204000-7f739b300000 rw-p 00000000 00:00 0 
7f739b300000-7f739b304000 ---p 00000000 00:00 0 
7f739b304000-7f739b400000 rw-p 00000000 00:00 0 
7f739b500000-7f739b504000 ---p 00000000 00:00 0 
7f739b504000-7f739b600000 rw-p 00000000 00:00 0 
7f739b700000-7f739b704000 ---p 00000000 00:00 0 
7f739b704000-7f739b800000 rw-p 00000000 00:00 0 
7f739b900000-7f739b904000 ---p 00000000 00:00 0 
7f739b904000-7f739ba00000 rw-p 00000000 00:00 0 
7f739bb00000-7f739bb04000 ---p 00000000 00:00 0 
7f739bb04000-7f739bc00000 rw-p 00000000 00:00 0 
7f739bd00000-7f739bd04000 ---p 00000000 00:00 0 
7f739bd04000-7f739be00000 rw-p 00000000 00:00 0 
7f739bf00000-7f739bf04000 ---p 00000000 00:00 0 
7f739bf04000-7f739c000000 rw-p 00000000 00:00 0 
7f739c100000-7f739c104000 ---p 00000000 00:00 0 
7f739c104000-7f739c200000 rw-p 00000000 00:00 0 
7f739c300000-7f739c304000 ---p 00000000 00:00 0 
7f739c304000-7f739c400000 rw-p 00000000 00:00 0 
7f739c500000-7f739c504000 ---p 00000000 00:00 0 
7f739c504000-7f739c600000 rw-p 00000000 00:00 0 
7f739c700000-7f739c704000 ---p 00000000 00:00 0 
7f739c704000-7f739c800000 rw-p 00000000 00:00 0 
7f739c900000-7f739c904000 ---p 00000000 00:00 0 
7f739c904000-7f739ca00000 rw-p 00000000 00:00 0 
7f739d668000-7f739db00000 rw-p 00000000 00:00 0 
7f739dc00000-7f739fd6a000 r-xp 00000000 00:11e3 4611686019135190040      /nix/store/gpxl5qgg8kicmcvivwmybwjlpf7wh20l-graalvm17-ce-22.3.0/lib/libjvmcicompiler.so
7f739fd6a000-7f739ff69000 ---p 0216a000 00:11e3 4611686019135190040      /nix/store/gpxl5qgg8kicmcvivwmybwjlpf7wh20l-graalvm17-ce-22.3.0/lib/libjvmcicompiler.so
7f739ff69000-7f739ff6a000 r--p 02169000 00:11e3 4611686019135190040      /nix/store/gpxl5qgg8kicmcvivwmybwjlpf7wh20l-graalvm17-ce-22.3.0/lib/libjvmcicompiler.so
7f739ff6a000-7f739ff6c000 rw-p 0216a000 00:11e3 4611686019135190040      /nix/store/gpxl5qgg8kicmcvivwmybwjlpf7wh20l-graalvm17-ce-22.3.0/lib/libjvmcicompiler.so
7f739ff6c000-7f739ff6d000 rw-p 00000000 00:00 0 
7f739ff6d000-7f739ff72000 rw-p 023c3000 00:11e3 4611686019135190040      /nix/store/gpxl5qgg8kicmcvivwmybwjlpf7wh20l-graalvm17-ce-22.3.0/lib/libjvmcicompiler.so
7f73a0000000-7f73a0021000 rw-p 00000000 00:00 0 
7f73a0021000-7f73a4000000 ---p 00000000 00:00 0 
7f73a4000000-7f73a4021000 rw-p 00000000 00:00 0 
7f73a4021000-7f73a8000000 ---p 00000000 00:00 0 
7f73a8000000-7f73a8021000 rw-p 00000000 00:00 0 
7f73a8021000-7f73ac000000 ---p 00000000 00:00 0 
7f73ac000000-7f73ac021000 rw-p 00000000 00:00 0 
7f73ac021000-7f73b0000000 ---p 00000000 00:00 0 
7f73b0000000-7f73b00e1000 rw-p 00000000 00:00 0 
7f73b00e1000-7f73b4000000 ---p 00000000 00:00 0 
7f73b4000000-7f73b4b3c000 rw-p 00000000 00:00 0 
7f73b4b3c000-7f73b8000000 ---p 00000000 00:00 0 
7f73b8000000-7f73b8021000 rw-p 00000000 00:00 0 
7f73b8021000-7f73bc000000 ---p 00000000 00:00 0 
7f73bc000000-7f73bc021000 rw-p 00000000 00:00 0 
7f73bc021000-7f73c0000000 ---p 00000000 00:00 0 
7f73c0000000-7f73c0021000 rw-p 00000000 00:00 0 
7f73c0021000-7f73c4000000 ---p 00000000 00:00 0 
7f73c4000000-7f73c4021000 rw-p 00000000 00:00 0 
7f73c4021000-7f73c8000000 ---p 00000000 00:00 0 
7f73c8000000-7f73c8021000 rw-p 00000000 00:00 0 
7f73c8021000-7f73cc000000 ---p 00000000 00:00 0 
7f73cc000000-7f73cc021000 rw-p 00000000 00:00 0 
7f73cc021000-7f73d0000000 ---p 00000000 00:00 0 
7f73d0000000-7f73d006e000 rw-p 00000000 00:00 0 
7f73d006e000-7f73d4000000 ---p 00000000 00:00 0 
7f73d4100000-7f73d4104000 ---p 00000000 00:00 0 
7f73d4104000-7f73d4200000 rw-p 00000000 00:00 0 
7f73d4316000-7f73d4317000 ---p 00000000 00:00 0 
7f73d4317000-7f73d4418000 rw-p 00000000 00:00 0 
7f73d4418000-7f73d441c000 ---p 00000000 00:00 0 
7f73d441c000-7f73d4518000 rw-p 00000000 00:00 0 
7f73d4518000-7f73d451c000 ---p 00000000 00:00 0 
7f73d451c000-7f73d4618000 rw-p 00000000 00:00 0 
7f73d4618000-7f73d461c000 ---p 00000000 00:00 0 
7f73d461c000-7f73d4718000 rw-p 00000000 00:00 0 
7f73d4718000-7f73d471c000 ---p 00000000 00:00 0 
7f73d471c000-7f73d4918000 rw-p 00000000 00:00 0 
7f73d4918000-7f73d491c000 ---p 00000000 00:00 0 
7f73d491c000-7f73d4b18000 rw-p 00000000 00:00 0 
7f73d4b18000-7f73d4b1c000 ---p 00000000 00:00 0 
7f73d4b1c000-7f73d4c18000 rw-p 00000000 00:00 0 
7f73d4c18000-7f73d4c1c000 ---p 00000000 00:00 0 
7f73d4c1c000-7f73d4d18000 rw-p 00000000 00:00 0 
7f73d4d18000-7f73d4d1c000 ---p 00000000 00:00 0 
7f73d4d1c000-7f73d4e18000 rw-p 00000000 00:00 0 
7f73d4e18000-7f73d50fe000 r--p 00000000 00:10fa 28444448                 /usr/lib/locale/locale-archive
7f73d50fe000-7f73d5102000 ---p 00000000 00:00 0 
7f73d5102000-7f73d51fe000 rw-p 00000000 00:00 0 
7f73d51fe000-7f73d5202000 ---p 00000000 00:00 0 
7f73d5202000-7f73d52fe000 rw-p 00000000 00:00 0 
7f73d52fe000-7f73d52ff000 ---p 00000000 00:00 0 
7f73d52ff000-7f73d5800000 rw-p 00000000 00:00 0 
7f73d5800000-7f73d5b00000 rw-p 00000000 00:00 0 
7f73d5b00000-7f73d5c00000 rw-p 00000000 00:00 0 
7f73d5c92000-7f73d5c96000 ---p 00000000 00:00 0 
7f73d5c96000-7f73d5cb4000 rw-p 00000000 00:00 0 
7f73d5cb4000-7f73d5cbb000 r-xp 00000000 00:11e3 4611686019135192580      /nix/store/gpxl5qgg8kicmcvivwmybwjlpf7wh20l-graalvm17-ce-22.3.0/lib/libzip.so
7f73d5cbb000-7f73d5cbc000 ---p 00007000 00:11e3 4611686019135192580      /nix/store/gpxl5qgg8kicmcvivwmybwjlpf7wh20l-graalvm17-ce-22.3.0/lib/libzip.so
7f73d5cbc000-7f73d5cbd000 r--p 00007000 00:11e3 4611686019135192580      /nix/store/gpxl5qgg8kicmcvivwmybwjlpf7wh20l-graalvm17-ce-22.3.0/lib/libzip.so
7f73d5cbd000-7f73d5cbe000 rw-p 00008000 00:11e3 4611686019135192580      /nix/store/gpxl5qgg8kicmcvivwmybwjlpf7wh20l-graalvm17-ce-22.3.0/lib/libzip.so
7f73d5cbe000-7f73d5cc0000 rw-p 0000b000 00:11e3 4611686019135192580      /nix/store/gpxl5qgg8kicmcvivwmybwjlpf7wh20l-graalvm17-ce-22.3.0/lib/libzip.so
7f73d5cc0000-7f73d5d8e000 r-xp 00000000 00:11e3 4611686019135190036      /nix/store/gpxl5qgg8kicmcvivwmybwjlpf7wh20l-graalvm17-ce-22.3.0/lib/libjsvml.so
7f73d5d8e000-7f73d5d8f000 r--p 000cd000 00:11e3 4611686019135190036      /nix/store/gpxl5qgg8kicmcvivwmybwjlpf7wh20l-graalvm17-ce-22.3.0/lib/libjsvml.so
7f73d5d8f000-7f73d5d90000 rw-p 000ce000 00:11e3 4611686019135190036      /nix/store/gpxl5qgg8kicmcvivwmybwjlpf7wh20l-graalvm17-ce-22.3.0/lib/libjsvml.so
7f73d5d90000-7f73d74b3000 rw-p 00000000 00:00 0 
7f73d74b3000-7f73d7723000 rwxp 00000000 00:00 0 
7f73d7723000-7f73d7a42000 ---p 00000000 00:00 0 
7f73d7a42000-7f73d8782000 rwxp 00000000 00:00 0 
7f73d8782000-7f73def7a000 ---p 00000000 00:00 0 
7f73def7a000-7f73df20a000 rwxp 00000000 00:00 0 
7f73df20a000-7f73e64b3000 ---p 00000000 00:00 0 
7f73e64b3000-7f73f0000000 r--s 00000000 00:11e3 4611686019135192581      /nix/store/gpxl5qgg8kicmcvivwmybwjlpf7wh20l-graalvm17-ce-22.3.0/lib/modules
7f73f0000000-7f73f0621000 rw-p 00000000 00:00 0 
7f73f0621000-7f73f4000000 ---p 00000000 00:00 0 
7f73f4005000-7f73f4007000 r-xp 00000000 00:11e3 4611686019135190017      /nix/store/gpxl5qgg8kicmcvivwmybwjlpf7wh20l-graalvm17-ce-22.3.0/lib/libextnet.so
7f73f4007000-7f73f4008000 r--p 00001000 00:11e3 4611686019135190017      /nix/store/gpxl5qgg8kicmcvivwmybwjlpf7wh20l-graalvm17-ce-22.3.0/lib/libextnet.so
7f73f4008000-7f73f4009000 rw-p 00002000 00:11e3 4611686019135190017      /nix/store/gpxl5qgg8kicmcvivwmybwjlpf7wh20l-graalvm17-ce-22.3.0/lib/libextnet.so
7f73f4009000-7f73f400a000 rw-p 00004000 00:11e3 4611686019135190017      /nix/store/gpxl5qgg8kicmcvivwmybwjlpf7wh20l-graalvm17-ce-22.3.0/lib/libextnet.so
7f73f400a000-7f73f401f000 r-xp 00000000 00:11e3 4611686019135192570      /nix/store/gpxl5qgg8kicmcvivwmybwjlpf7wh20l-graalvm17-ce-22.3.0/lib/libnet.so
7f73f401f000-7f73f4020000 ---p 00015000 00:11e3 4611686019135192570      /nix/store/gpxl5qgg8kicmcvivwmybwjlpf7wh20l-graalvm17-ce-22.3.0/lib/libnet.so
7f73f4020000-7f73f4021000 r--p 00015000 00:11e3 4611686019135192570      /nix/store/gpxl5qgg8kicmcvivwmybwjlpf7wh20l-graalvm17-ce-22.3.0/lib/libnet.so
7f73f4021000-7f73f4022000 rw-p 00016000 00:11e3 4611686019135192570      /nix/store/gpxl5qgg8kicmcvivwmybwjlpf7wh20l-graalvm17-ce-22.3.0/lib/libnet.so
7f73f4022000-7f73f4025000 rw-p 0001b000 00:11e3 4611686019135192570      /nix/store/gpxl5qgg8kicmcvivwmybwjlpf7wh20l-graalvm17-ce-22.3.0/lib/libnet.so
7f73f4025000-7f73f4038000 r-xp 00000000 00:11e3 4611686019135192571      /nix/store/gpxl5qgg8kicmcvivwmybwjlpf7wh20l-graalvm17-ce-22.3.0/lib/libnio.so
7f73f4038000-7f73f4039000 r--p 00012000 00:11e3 4611686019135192571      /nix/store/gpxl5qgg8kicmcvivwmybwjlpf7wh20l-graalvm17-ce-22.3.0/lib/libnio.so
7f73f4039000-7f73f403a000 rw-p 00013000 00:11e3 4611686019135192571      /nix/store/gpxl5qgg8kicmcvivwmybwjlpf7wh20l-graalvm17-ce-22.3.0/lib/libnio.so
7f73f403a000-7f73f403f000 rw-p 00019000 00:11e3 4611686019135192571      /nix/store/gpxl5qgg8kicmcvivwmybwjlpf7wh20l-graalvm17-ce-22.3.0/lib/libnio.so
7f73f403f000-7f73f41f4000 rw-p 00000000 00:00 0 
7f73f41f4000-7f73f41f5000 ---p 00000000 00:00 0 
7f73f41f5000-7f73f43a0000 rw-p 00000000 00:00 0 
7f73f43a0000-7f73f43c5000 rw-p 00000000 00:00 0 
7f73f43c5000-7f73f43f6000 ---p 00000000 00:00 0 
7f73f43f6000-7f73f43fd000 rw-p 00000000 00:00 0 
7f73f43fd000-7f73f44e2000 ---p 00000000 00:00 0 
7f73f44e2000-7f73f44fd000 rw-p 00000000 00:00 0 
7f73f44fd000-7f73f45cd000 ---p 00000000 00:00 0 
7f73f45cd000-7f73f45d2000 rw-p 00000000 00:00 0 
7f73f45d2000-7f73f45d9000 ---p 00000000 00:00 0 
7f73f45d9000-7f73f45fd000 r-xp 00000000 00:11e3 4611686019135190028      /nix/store/gpxl5qgg8kicmcvivwmybwjlpf7wh20l-graalvm17-ce-22.3.0/lib/libjava.so
7f73f45fd000-7f73f45fe000 ---p 00024000 00:11e3 4611686019135190028      /nix/store/gpxl5qgg8kicmcvivwmybwjlpf7wh20l-graalvm17-ce-22.3.0/lib/libjava.so
7f73f45fe000-7f73f45ff000 r--p 00024000 00:11e3 4611686019135190028      /nix/store/gpxl5qgg8kicmcvivwmybwjlpf7wh20l-graalvm17-ce-22.3.0/lib/libjava.so
7f73f45ff000-7f73f4600000 rw-p 00025000 00:11e3 4611686019135190028      /nix/store/gpxl5qgg8kicmcvivwmybwjlpf7wh20l-graalvm17-ce-22.3.0/lib/libjava.so
7f73f4600000-7f73f4601000 rw-p 00000000 00:00 0 
7f73f4601000-7f73f4608000 rw-p 0002f000 00:11e3 4611686019135190028      /nix/store/gpxl5qgg8kicmcvivwmybwjlpf7wh20l-graalvm17-ce-22.3.0/lib/libjava.so
7f73f4608000-7f73f4610000 rw-s 00000000 00:705 350                       /tmp/hsperfdata_runner/32
7f73f4610000-7f73f4611000 ---p 00000000 00:00 0 
7f73f4611000-7f73f4612000 r--p 00000000 00:00 0 
7f73f4612000-7f73f4613000 rwxp 00000000 00:00 0 
7f73f4613000-7f73f462e000 r-xp 00000000 00:11e3 4611686019135190032      /nix/store/gpxl5qgg8kicmcvivwmybwjlpf7wh20l-graalvm17-ce-22.3.0/lib/libjimage.so
7f73f462e000-7f73f462f000 ---p 0001b000 00:11e3 4611686019135190032      /nix/store/gpxl5qgg8kicmcvivwmybwjlpf7wh20l-graalvm17-ce-22.3.0/lib/libjimage.so
7f73f462f000-7f73f4631000 r--p 0001b000 00:11e3 4611686019135190032      /nix/store/gpxl5qgg8kicmcvivwmybwjlpf7wh20l-graalvm17-ce-22.3.0/lib/libjimage.so
7f73f4631000-7f73f4632000 rw-p 0001d000 00:11e3 4611686019135190032      /nix/store/gpxl5qgg8kicmcvivwmybwjlpf7wh20l-graalvm17-ce-22.3.0/lib/libjimage.so
7f73f4632000-7f73f4633000 rw-p 00024000 00:11e3 4611686019135190032      /nix/store/gpxl5qgg8kicmcvivwmybwjlpf7wh20l-graalvm17-ce-22.3.0/lib/libjimage.so
7f73f4633000-7f73f4637000 ---p 00000000 00:00 0 
7f73f4637000-7f73f4733000 rw-p 00000000 00:00 0 
7f73f4733000-7f73f4741000 r--p 00000000 00:11e3 4611686019027979927      /nix/store/4nlgxhb09sdr51nc9hdm8az5b08vzkgx-glibc-2.35-163/lib/libm.so.6
7f73f4741000-7f73f47b4000 r-xp 0000e000 00:11e3 4611686019027979927      /nix/store/4nlgxhb09sdr51nc9hdm8az5b08vzkgx-glibc-2.35-163/lib/libm.so.6
7f73f47b4000-7f73f4811000 r--p 00081000 00:11e3 4611686019027979927      /nix/store/4nlgxhb09sdr51nc9hdm8az5b08vzkgx-glibc-2.35-163/lib/libm.so.6
7f73f4811000-7f73f4812000 r--p 000dd000 00:11e3 4611686019027979927      /nix/store/4nlgxhb09sdr51nc9hdm8az5b08vzkgx-glibc-2.35-163/lib/libm.so.6
7f73f4812000-7f73f4813000 rw-p 000de000 00:11e3 4611686019027979927      /nix/store/4nlgxhb09sdr51nc9hdm8az5b08vzkgx-glibc-2.35-163/lib/libm.so.6
7f73f4813000-7f73f4814000 r--p 00000000 00:11e3 4611686019027979946      /nix/store/4nlgxhb09sdr51nc9hdm8az5b08vzkgx-glibc-2.35-163/lib/librt.so.1
7f73f4814000-7f73f4815000 r-xp 00001000 00:11e3 4611686019027979946      /nix/store/4nlgxhb09sdr51nc9hdm8az5b08vzkgx-glibc-2.35-163/lib/librt.so.1
7f73f4815000-7f73f4816000 r--p 00002000 00:11e3 4611686019027979946      /nix/store/4nlgxhb09sdr51nc9hdm8az5b08vzkgx-glibc-2.35-163/lib/librt.so.1
7f73f4816000-7f73f4817000 r--p 00002000 00:11e3 4611686019027979946      /nix/store/4nlgxhb09sdr51nc9hdm8az5b08vzkgx-glibc-2.35-163/lib/librt.so.1
7f73f4817000-7f73f4818000 rw-p 00003000 00:11e3 4611686019027979946      /nix/store/4nlgxhb09sdr51nc9hdm8az5b08vzkgx-glibc-2.35-163/lib/librt.so.1
7f73f4818000-7f73f592b000 r-xp 00000000 00:11e3 4611686019135360866      /nix/store/gpxl5qgg8kicmcvivwmybwjlpf7wh20l-graalvm17-ce-22.3.0/lib/server/libjvm.so
7f73f592b000-7f73f592c000 ---p 01113000 00:11e3 4611686019135360866      /nix/store/gpxl5qgg8kicmcvivwmybwjlpf7wh20l-graalvm17-ce-22.3.0/lib/server/libjvm.so
7f73f592c000-7f73f59e1000 r--p 01113000 00:11e3 4611686019135360866      /nix/store/gpxl5qgg8kicmcvivwmybwjlpf7wh20l-graalvm17-ce-22.3.0/lib/server/libjvm.so
7f73f59e1000-7f73f5a15000 rw-p 011c8000 00:11e3 4611686019135360866      /nix/store/gpxl5qgg8kicmcvivwmybwjlpf7wh20l-graalvm17-ce-22.3.0/lib/server/libjvm.so
7f73f5a15000-7f73f5a71000 rw-p 00000000 00:00 0 
7f73f5a71000-7f73f5a99000 r--p 00000000 00:11e3 4611686019027979918      /nix/store/4nlgxhb09sdr51nc9hdm8az5b08vzkgx-glibc-2.35-163/lib/libc.so.6
7f73f5a99000-7f73f5c0f000 r-xp 00028000 00:11e3 4611686019027979918      /nix/store/4nlgxhb09sdr51nc9hdm8az5b08vzkgx-glibc-2.35-163/lib/libc.so.6
7f73f5c0f000-7f73f5c67000 r--p 0019e000 00:11e3 4611686019027979918      /nix/store/4nlgxhb09sdr51nc9hdm8az5b08vzkgx-glibc-2.35-163/lib/libc.so.6
7f73f5c67000-7f73f5c6b000 r--p 001f6000 00:11e3 4611686019027979918      /nix/store/4nlgxhb09sdr51nc9hdm8az5b08vzkgx-glibc-2.35-163/lib/libc.so.6
7f73f5c6b000-7f73f5c6d000 rw-p 001fa000 00:11e3 4611686019027979918      /nix/store/4nlgxhb09sdr51nc9hdm8az5b08vzkgx-glibc-2.35-163/lib/libc.so.6
7f73f5c6d000-7f73f5c7c000 rw-p 00000000 00:00 0 
7f73f5c7c000-7f73f5c7d000 r--p 00000000 00:11e3 4611686019027979923      /nix/store/4nlgxhb09sdr51nc9hdm8az5b08vzkgx-glibc-2.35-163/lib/libdl.so.2
7f73f5c7d000-7f73f5c7e000 r-xp 00001000 00:11e3 4611686019027979923      /nix/store/4nlgxhb09sdr51nc9hdm8az5b08vzkgx-glibc-2.35-163/lib/libdl.so.2
7f73f5c7e000-7f73f5c7f000 r--p 00002000 00:11e3 4611686019027979923      /nix/store/4nlgxhb09sdr51nc9hdm8az5b08vzkgx-glibc-2.35-163/lib/libdl.so.2
7f73f5c7f000-7f73f5c80000 r--p 00002000 00:11e3 4611686019027979923      /nix/store/4nlgxhb09sdr51nc9hdm8az5b08vzkgx-glibc-2.35-163/lib/libdl.so.2
7f73f5c80000-7f73f5c81000 rw-p 00003000 00:11e3 4611686019027979923      /nix/store/4nlgxhb09sdr51nc9hdm8az5b08vzkgx-glibc-2.35-163/lib/libdl.so.2
7f73f5c81000-7f73f5c82000 r--p 00000000 00:11e3 4611686019027979942      /nix/store/4nlgxhb09sdr51nc9hdm8az5b08vzkgx-glibc-2.35-163/lib/libpthread.so.0
7f73f5c82000-7f73f5c83000 r-xp 00001000 00:11e3 4611686019027979942      /nix/store/4nlgxhb09sdr51nc9hdm8az5b08vzkgx-glibc-2.35-163/lib/libpthread.so.0
7f73f5c83000-7f73f5c84000 r--p 00002000 00:11e3 4611686019027979942      /nix/store/4nlgxhb09sdr51nc9hdm8az5b08vzkgx-glibc-2.35-163/lib/libpthread.so.0
7f73f5c84000-7f73f5c85000 r--p 00002000 00:11e3 4611686019027979942      /nix/store/4nlgxhb09sdr51nc9hdm8az5b08vzkgx-glibc-2.35-163/lib/libpthread.so.0
7f73f5c85000-7f73f5c86000 rw-p 00003000 00:11e3 4611686019027979942      /nix/store/4nlgxhb09sdr51nc9hdm8az5b08vzkgx-glibc-2.35-163/lib/libpthread.so.0
7f73f5c86000-7f73f5c94000 r-xp 00000000 00:11e3 4611686019135190033      /nix/store/gpxl5qgg8kicmcvivwmybwjlpf7wh20l-graalvm17-ce-22.3.0/lib/libjli.so
7f73f5c94000-7f73f5c95000 ---p 0000e000 00:11e3 4611686019135190033      /nix/store/gpxl5qgg8kicmcvivwmybwjlpf7wh20l-graalvm17-ce-22.3.0/lib/libjli.so
7f73f5c95000-7f73f5c96000 r--p 0000e000 00:11e3 4611686019135190033      /nix/store/gpxl5qgg8kicmcvivwmybwjlpf7wh20l-graalvm17-ce-22.3.0/lib/libjli.so
7f73f5c96000-7f73f5c97000 rw-p 0000f000 00:11e3 4611686019135190033      /nix/store/gpxl5qgg8kicmcvivwmybwjlpf7wh20l-graalvm17-ce-22.3.0/lib/libjli.so
7f73f5c97000-7f73f5c98000 rw-p 00012000 00:11e3 4611686019135190033      /nix/store/gpxl5qgg8kicmcvivwmybwjlpf7wh20l-graalvm17-ce-22.3.0/lib/libjli.so
7f73f5c98000-7f73f5c9b000 r--p 00000000 00:11e3 4611686019106210071      /nix/store/026hln0aq1hyshaxsdvhg0kmcm6yf45r-zlib-1.2.13/lib/libz.so.1.2.13
7f73f5c9b000-7f73f5cad000 r-xp 00003000 00:11e3 4611686019106210071      /nix/store/026hln0aq1hyshaxsdvhg0kmcm6yf45r-zlib-1.2.13/lib/libz.so.1.2.13
7f73f5cad000-7f73f5cb4000 r--p 00015000 00:11e3 4611686019106210071      /nix/store/026hln0aq1hyshaxsdvhg0kmcm6yf45r-zlib-1.2.13/lib/libz.so.1.2.13
7f73f5cb4000-7f73f5cb5000 r--p 0001b000 00:11e3 4611686019106210071      /nix/store/026hln0aq1hyshaxsdvhg0kmcm6yf45r-zlib-1.2.13/lib/libz.so.1.2.13
7f73f5cb5000-7f73f5cb6000 rw-p 0001c000 00:11e3 4611686019106210071      /nix/store/026hln0aq1hyshaxsdvhg0kmcm6yf45r-zlib-1.2.13/lib/libz.so.1.2.13
7f73f5cb6000-7f73f5cb8000 rw-p 00000000 00:00 0 
7f73f5cb8000-7f73f5cba000 r--p 00000000 00:11e3 4611686019027979912      /nix/store/4nlgxhb09sdr51nc9hdm8az5b08vzkgx-glibc-2.35-163/lib/ld-linux-x86-64.so.2
7f73f5cba000-7f73f5ce1000 r-xp 00002000 00:11e3 4611686019027979912      /nix/store/4nlgxhb09sdr51nc9hdm8az5b08vzkgx-glibc-2.35-163/lib/ld-linux-x86-64.so.2
7f73f5ce1000-7f73f5ced000 r--p 00029000 00:11e3 4611686019027979912      /nix/store/4nlgxhb09sdr51nc9hdm8az5b08vzkgx-glibc-2.35-163/lib/ld-linux-x86-64.so.2
7f73f5ced000-7f73f5cef000 r--p 00034000 00:11e3 4611686019027979912      /nix/store/4nlgxhb09sdr51nc9hdm8az5b08vzkgx-glibc-2.35-163/lib/ld-linux-x86-64.so.2
7f73f5cef000-7f73f5cf1000 rw-p 00036000 00:11e3 4611686019027979912      /nix/store/4nlgxhb09sdr51nc9hdm8az5b08vzkgx-glibc-2.35-163/lib/ld-linux-x86-64.so.2
7ffedc90f000-7ffedc933000 rw-p 00000000 00:00 0                          [stack]
7ffedc958000-7ffedc95c000 r--p 00000000 00:00 0                          [vvar]
7ffedc95c000-7ffedc95e000 r-xp 00000000 00:00 0                          [vdso]
ffffffffff600000-ffffffffff601000 --xp 00000000 00:00 0                  [vsyscall]


VM Arguments:
jvm_args: -XX:ThreadPriorityPolicy=1 -XX:+UnlockExperimentalVMOptions -XX:+EnableJVMCIProduct -XX:JVMCIThreadsPerNativeLibraryRuntime=1 -XX:-UnlockExperimentalVMOptions -Declipse.application=org.eclipse.jdt.ls.core.id1 -Dosgi.bundles.defaultStartLevel=4 -Declipse.product=org.eclipse.jdt.ls.core.product -Dlog.level=ALL -Xverify:none -XX:+UseParallelGC -XX:GCTimeRatio=4 -XX:AdaptiveSizePolicyWeight=90 -Dsun.zip.disableMemoryMapping=true -Xmx512m -Xms100m 
java_command: /nix/store/m6gcpi1ii6rghy04cjwjddcavv7i90df-jdt-language-server-1.9.0/share/java/plugins/org.eclipse.equinox.launcher_1.6.400.v20210924-0641.jar --add-modules=ALL-SYSTEM --add-opens java.base/java.util=ALL-UNNAMED --add-opens java.base/java.lang=ALL-UNNAMED -configuration /home/runner/.cache/jdt-language-server/config -data /home/runner/.cache/jdt-language-server/data/home/runner/DimpledRoughSale
java_class_path (initial): /nix/store/m6gcpi1ii6rghy04cjwjddcavv7i90df-jdt-language-server-1.9.0/share/java/plugins/org.eclipse.equinox.launcher_1.6.400.v20210924-0641.jar
Launcher Type: SUN_STANDARD

[Global flags]
    uintx AdaptiveSizePolicyWeight                 = 90                                        {product} {command line}
     intx CICompilerCount                          = 2                                         {product} {ergonomic}
     bool EnableJVMCIProduct                       = true                                {JVMCI product} {jimage}
    uintx GCTimeRatio                              = 4                                         {product} {command line}
   size_t InitialHeapSize                          = 104857600                                 {product} {command line}
     uint JVMCIThreadsPerNativeLibraryRuntime      = 1                                   {JVMCI product} {jimage}
   size_t MaxHeapSize                              = 536870912                                 {product} {command line}
   size_t MaxNewSize                               = 178782208                                 {product} {ergonomic}
   size_t MinHeapDeltaBytes                        = 524288                                    {product} {ergonomic}
   size_t MinHeapSize                              = 104857600                                 {product} {command line}
   size_t NewSize                                  = 34603008                                  {product} {ergonomic}
    uintx NonNMethodCodeHeapSize                   = 5826188                                {pd product} {ergonomic}
    uintx NonProfiledCodeHeapSize                  = 122916026                              {pd product} {ergonomic}
   size_t OldSize                                  = 70254592                                  {product} {ergonomic}
    uintx ProfiledCodeHeapSize                     = 122916026                              {pd product} {ergonomic}
    uintx ReservedCodeCacheSize                    = 251658240                              {pd product} {ergonomic}
     bool SegmentedCodeCache                       = true                                      {product} {ergonomic}
   size_t SoftMaxHeapSize                          = 536870912                              {manageable} {ergonomic}
     intx ThreadPriorityPolicy                     = 1                                         {product} {jimage}
     bool UseCompressedClassPointers               = true                           {product lp64_product} {ergonomic}
     bool UseCompressedOops                        = true                           {product lp64_product} {ergonomic}
     bool UseParallelGC                            = true                                      {product} {command line}

Logging:
Log output configuration:
 #0: stdout all=warning uptime,level,tags
 #1: stderr all=off uptime,level,tags

Environment Variables:
JAVA_HOME=/nix/store/gpxl5qgg8kicmcvivwmybwjlpf7wh20l-graalvm17-ce-22.3.0
PATH=/nix/store/1d6ian3r8kdzspw8hacjhl3xkp40g1lj-binutils-wrapper-2.39/bin:/nix/store/dq0xwmsk1g0i2ayg6pb7y87na2knzylh-gcc-wrapper-11.3.0/bin:/nix/store/bap4d0lpcrhpwmpb8ayjcgkmvfj62lnq-bash-interactive-5.1-p16/bin:/nix/store/pr5n59mb4jzmfx6kanwxly0l07p861fg-patchelf-0.15.0/bin:/nix/store/1gf2flfqnpqbr1b4p4qz2f72y42bs56r-gcc-11.3.0/bin:/nix/store/57xv61c5zi8pphjbcwxxjlgc34p61ic9-glibc-2.35-163-bin/bin:/nix/store/a7gvj343m05j2s32xcnwr35v31ynlypr-coreutils-9.1/bin:/nix/store/039g378vc3pc3dvi9dzdlrd0i4q93qwf-binutils-2.39/bin:/nix/store/gpxl5qgg8kicmcvivwmybwjlpf7wh20l-graalvm17-ce-22.3.0/bin:/nix/store/6z9ag3ihc8mq2hzsw48lhbznvzny65nz-apache-maven-3.8.6/bin:/nix/store/m6gcpi1ii6rghy04cjwjddcavv7i90df-jdt-language-server-1.9.0/bin:/nix/store/84xs5alhs01zrbr4ywm05kxbjbp5590l-java-debug/bin:/nix/store/mydc6f4k2z73xlcz7ilif3v2lcaiqvza-findutils-4.9.0/bin:/nix/store/j9p3g8472iijd50vhdprx0nmk2fqn5gv-diffutils-3.8/bin:/nix/store/89zs7rms6x00xfq4dq6m7mjnhkr8a6r4-gnused-4.8/bin:/nix/store/86bp03jkmsl6f92w0yzg4s59g5mhxwmy-gnugrep-3.7/bin:/nix/store/hwcdqw4jrjnd37wxqgsd47hd0j8bnj09-gawk-5.1.1/bin:/nix/store/cfbhw8r8ags41vwqaz47r583d0p4h4a1-gnutar-1.34/bin:/nix/store/p3m1ndl1lapwrlh698bnb5lvvxh67378-gzip-1.12/bin:/nix/store/a8mhcagrsly7c7mpjrpsnaahk4aax056-bzip2-1.0.8-bin/bin:/nix/store/mblgz65m3zv9x548a3d5m96fj2pbwr09-gnumake-4.3/bin:/nix/store/dsd5gz46hdbdk2rfdimqddhq6m8m8fqs-bash-5.1-p16/bin:/nix/store/v7ljksji50mg3w61dykaa3n3y79n6nil-patch-2.7.6/bin:/nix/store/zlcnmqq14jz5x9439jf937mvayyl63da-xz-5.2.7-bin/bin:/nix/store/y6aj732zm9m87c82fpvf103a1xb22blp-file-5.43/bin:/nix/store/sgqd0ajghcv2axfl1lad0b1alyavp0dc-prybar-elisp-0.0.0-67f7a00/bin:/nix/store/p3hsvljpgs68jqwar41lc0jqhjj734lf-prybar-lua-0.0.0-67f7a00/bin:/nix/store/qzxs2gybds3s9kb1vkaflpgm2nwr85fh-prybar-python3-0.0.0-67f7a00/bin:/nix/store/km94z9mxp8w4m8gxxp5mbfpdf3nkfvd8-prybar-sqlite-0.0.0-67f7a00/bin:/nix/store/2pnc7b76asw0z59c4l6h6qy8arwqrii1-prybar-tcl-0.0.0-67f7a00/bin:/nix/store/hpbvrlwd5viqmvcaisb3x0118i913a9n-st
LD_LIBRARY_PATH=/nix/store/a4pff549sk2idnkpzk5nsfps3mdkdnvm-cups-2.4.2-lib/lib:/nix/store/72mqxxhh3cy5yifh92wh2yb8cl2hikyy-cairo-1.16.0/lib:/nix/store/2k366jrbsra97gjfxwvrhvixjfxdach5-glib-2.74.1/lib:/nix/store/2j2znigd8ak37rlwh9khz0ry3clqlw1l-gtk+3-3.24.34/lib:/nix/store/hisqvx32cd57apbpcsnkpx6k3549wql1-libglvnd-1.4.0/lib:/nix/store/p36pgcv991mq5srvg765b78yqpxvk3qs-mesa-21.3.3-drivers/lib:/nix/store/mav4251if1ahjq5vkpwycyyvnmy459c4-pulseaudio-14.2/lib
DISPLAY=:0
LANG=en_US.UTF-8

Signal Handlers:
   SIGSEGV: crash_handler in libjvm.so, mask=11100100010111111101111111111110, flags=SA_RESTART|SA_SIGINFO
    SIGBUS: crash_handler in libjvm.so, mask=11100100010111111101111111111110, flags=SA_RESTART|SA_SIGINFO
    SIGFPE: crash_handler in libjvm.so, mask=11100100010111111101111111111110, flags=SA_RESTART|SA_SIGINFO
   SIGPIPE: IsolateEnterStub_IgnoreSIGPIPEStartupHook_noopSignalHandler_8f19bff2f35b5f630d83b364d6b2339320d4ec70_216e8361c6bc87a8f89f58cc10d3b2fd4415bf87 in libjvmcicompiler.so, mask=00000000000000000000000000000000, flags=SA_RESTART
  *** Handler was modified!
  *** Expected: javaSignalHandler in libjvm.so, mask=11100100110111111111111111111110, flags=SA_RESTART|SA_SIGINFO
   SIGXFSZ: javaSignalHandler in libjvm.so, mask=11100100010111111101111111111110, flags=SA_RESTART|SA_SIGINFO
    SIGILL: crash_handler in libjvm.so, mask=11100100010111111101111111111110, flags=SA_RESTART|SA_SIGINFO
   SIGUSR2: SR_handler in libjvm.so, mask=00000000000000000000000000000000, flags=SA_RESTART|SA_SIGINFO
    SIGHUP: UserHandler in libjvm.so, mask=11100100010111111101111111111110, flags=SA_RESTART|SA_SIGINFO
    SIGINT: UserHandler in libjvm.so, mask=11100100010111111101111111111110, flags=SA_RESTART|SA_SIGINFO
   SIGTERM: UserHandler in libjvm.so, mask=11100100010111111101111111111110, flags=SA_RESTART|SA_SIGINFO
   SIGQUIT: UserHandler in libjvm.so, mask=11100100010111111101111111111110, flags=SA_RESTART|SA_SIGINFO
  *** Handler was modified!
  *** Expected: javaSignalHandler in libjvm.so, mask=11100100110111111111111111111110, flags=SA_RESTART|SA_SIGINFO
   SIGTRAP: crash_handler in libjvm.so, mask=11100100010111111101111111111110, flags=SA_RESTART|SA_SIGINFO


---------------  S Y S T E M  ---------------

OS:
DISTRIB_ID=Ubuntu
DISTRIB_RELEASE=20.04
DISTRIB_CODENAME=focal
DISTRIB_DESCRIPTION="Ubuntu 20.04.2 LTS"
uname: Linux 5.15.0-1029-gcp #36~20.04.1-Ubuntu SMP Tue Jan 24 16:54:15 UTC 2023 x86_64
OS uptime: 0 days 18:53 hours
libc: glibc 2.35 NPTL 2.35 
rlimit (soft/hard): STACK 8192k/infinity , CORE infinity/infinity , NPROC infinity/infinity , NOFILE 5242/5242 , AS infinity/infinity , CPU infinity/infinity , DATA infinity/infinity , FSIZE infinity/infinity , MEMLOCK 64k/64k
load average: 16.72 16.06 17.72

/proc/meminfo:
MemTotal:       107138464 kB
MemFree:        61070520 kB
MemAvailable:   85540228 kB
Buffers:         3284500 kB
Cached:         19200544 kB
SwapCached:            0 kB
Active:         12551748 kB
Inactive:       27355604 kB
Active(anon):      14652 kB
Inactive(anon): 16859688 kB
Active(file):   12537096 kB
Inactive(file): 10495916 kB
Unevictable:       40056 kB
Mlocked:           40056 kB
SwapTotal:             0 kB
SwapFree:              0 kB
Dirty:             43700 kB
Writeback:             0 kB
AnonPages:      16719152 kB
Mapped:          1902428 kB
Shmem:             42208 kB
KReclaimable:    2489708 kB
Slab:            4813208 kB
SReclaimable:    2489708 kB
SUnreclaim:      2323500 kB
KernelStack:      411424 kB
PageTables:       186704 kB
NFS_Unstable:          0 kB
Bounce:                0 kB
WritebackTmp:          0 kB
CommitLimit:    53569232 kB
Committed_AS:   75498272 kB
VmallocTotal:   34359738367 kB
VmallocUsed:      509560 kB
VmallocChunk:          0 kB
Percpu:           163456 kB
HardwareCorrupted:     0 kB
AnonHugePages:    980992 kB
ShmemHugePages:        0 kB
ShmemPmdMapped:        0 kB
FileHugePages:         0 kB
FilePmdMapped:         0 kB
HugePages_Total:       0
HugePages_Free:        0
HugePages_Rsvd:        0
HugePages_Surp:        0
Hugepagesize:       2048 kB
Hugetlb:               0 kB
DirectMap4k:     6103872 kB
DirectMap2M:    49467392 kB
DirectMap1G:    55574528 kB

/sys/kernel/mm/transparent_hugepage/enabled: always [madvise] never
/sys/kernel/mm/transparent_hugepage/defrag (defrag/compaction efforts parameter): always defer defer+madvise [madvise] never

Process Memory:
Virtual Size: 4590204K (peak: 4625212K)
Resident Set Size: 758512K (peak: 784064K) (anon: 561020K, file: 197492K, shmem: 0K)
Swapped out: 0K
C-Heap outstanding allocations: 40751K, retained: 13340K
glibc malloc tunables: (default)

/proc/sys/kernel/threads-max (system-wide limit on the number of threads): 836951
/proc/sys/vm/max_map_count (maximum number of memory map areas a process may have): 65530
/proc/sys/kernel/pid_max (system-wide limit on number of process identifiers): 4194304

container (cgroup) information:
container_type: cgroupv1
cpu_cpuset_cpus: 4-15
cpu_memory_nodes: 0
active_processor_count: 1
cpu_quota: 50000
cpu_period: 100000
cpu_shares: 512
memory_limit_in_bytes: 1048576 k
memory_and_swap_limit_in_bytes: 1048576 k
memory_soft_limit_in_bytes: 524288 k
memory_usage_in_bytes: 599696 k
memory_max_usage_in_bytes: 619908 k
maximum number of tasks: 1000
current number of tasks: 52

KVM virtualization detected
Steal ticks since vm start: 0
Steal ticks percentage since vm start:  0.000

CPU: total 16 (initial active 1) (8 cores per cpu, 2 threads per core) family 6 model 63 stepping 0 microcode 0xffffffff, cx8, cmov, fxsr, ht, mmx, sse, sse2, sse3, ssse3, sse4.1, sse4.2, popcnt, lzcnt, tsc, tscinvbit, avx, avx2, aes, erms, clmul, bmi1, bmi2, fma, vzeroupper, clflush, hv
CPU Model and flags from /proc/cpuinfo:
model name	: Intel(R) Xeon(R) CPU @ 2.30GHz
flags		: fpu vme de pse tsc msr pae mce cx8 apic sep mtrr pge mca cmov pat pse36 clflush mmx fxsr sse sse2 ss ht syscall nx pdpe1gb rdtscp lm constant_tsc rep_good nopl xtopology nonstop_tsc cpuid tsc_known_freq pni pclmulqdq ssse3 fma cx16 pcid sse4_1 sse4_2 x2apic movbe popcnt aes xsave avx f16c rdrand hypervisor lahf_lm abm invpcid_single pti ssbd ibrs ibpb stibp fsgsbase tsc_adjust bmi1 avx2 smep bmi2 erms invpcid xsaveopt arat md_clear arch_capabilities

Online cpus: 0-15
Offline cpus: 
BIOS frequency limitation: <Not Available>
Frequency switch latency (ns): <Not Available>
Available cpu frequencies: <Not Available>
Current governor: <Not Available>
Core performance/turbo boost: <Not Available>

Memory: 4k page, physical 1048576k(448876k free), swap 0k(0k free)
Page Sizes: 4k

vm_info: OpenJDK 64-Bit Server VM (17.0.5+8-jvmci-22.3-b08) for linux-amd64 JRE (17.0.5+8-jvmci-22.3-b08), built on Oct 19 2022 09:01:27 by "buildslave" with gcc 10.3.0

END.
